Creating summariser <summary>
Created the tree successfully using modificar_stock.jmx
Starting standalone test @ Tue May 26 05:10:21 CEST 2020 (1590462621627)
Waiting for possible Shutdown/StopTestNow/HeapDump/ThreadDump message on port 4445
summary +     37 in 00:00:08 =    4,7/s Avg:    24 Min:    12 Max:    83 Err:     0 (0,00%) Active: 25 Started: 25 Finished: 0
summary +    563 in 00:00:30 =   18,8/s Avg:    29 Min:     5 Max:   199 Err:     0 (0,00%) Active: 40 Started: 40 Finished: 0
summary =    600 in 00:00:38 =   15,9/s Avg:    28 Min:     5 Max:   199 Err:     0 (0,00%)
summary +    594 in 00:00:30 =   19,8/s Avg:    26 Min:     4 Max:   178 Err:     0 (0,00%) Active: 40 Started: 40 Finished: 0
summary =   1194 in 00:01:08 =   17,6/s Avg:    27 Min:     4 Max:   199 Err:     0 (0,00%)
summary +    587 in 00:00:30 =   19,5/s Avg:    26 Min:     5 Max:   200 Err:     0 (0,00%) Active: 40 Started: 40 Finished: 0
summary =   1781 in 00:01:38 =   18,2/s Avg:    27 Min:     4 Max:   200 Err:     0 (0,00%)
summary +    596 in 00:00:30 =   19,9/s Avg:    27 Min:     4 Max:   260 Err:     0 (0,00%) Active: 40 Started: 40 Finished: 0
summary =   2377 in 00:02:08 =   18,6/s Avg:    27 Min:     4 Max:   260 Err:     0 (0,00%)
summary +    590 in 00:00:30 =   19,6/s Avg:    25 Min:     4 Max:   135 Err:     0 (0,00%) Active: 40 Started: 40 Finished: 0
summary =   2967 in 00:02:38 =   18,8/s Avg:    26 Min:     4 Max:   260 Err:     0 (0,00%)
summary +    591 in 00:00:30 =   19,8/s Avg:    24 Min:     5 Max:   189 Err:     0 (0,00%) Active: 40 Started: 40 Finished: 0
summary =   3558 in 00:03:08 =   18,9/s Avg:    26 Min:     4 Max:   260 Err:     0 (0,00%)
summary +    595 in 00:00:30 =   19,8/s Avg:    24 Min:     4 Max:   145 Err:     0 (0,00%) Active: 40 Started: 40 Finished: 0
summary =   4153 in 00:03:38 =   19,1/s Avg:    26 Min:     4 Max:   260 Err:     0 (0,00%)
summary +    591 in 00:00:30 =   19,7/s Avg:    26 Min:     4 Max:   182 Err:     0 (0,00%) Active: 40 Started: 40 Finished: 0
summary =   4744 in 00:04:08 =   19,1/s Avg:    26 Min:     4 Max:   260 Err:     0 (0,00%)
summary +    595 in 00:00:30 =   19,8/s Avg:    23 Min:     4 Max:   342 Err:     0 (0,00%) Active: 40 Started: 40 Finished: 0
summary =   5339 in 00:04:38 =   19,2/s Avg:    25 Min:     4 Max:   342 Err:     0 (0,00%)
summary +    590 in 00:00:30 =   19,7/s Avg:    27 Min:     4 Max:   277 Err:     0 (0,00%) Active: 40 Started: 40 Finished: 0
summary =   5929 in 00:05:08 =   19,3/s Avg:    26 Min:     4 Max:   342 Err:     0 (0,00%)
summary +    593 in 00:00:30 =   19,7/s Avg:    26 Min:     4 Max:   217 Err:     0 (0,00%) Active: 40 Started: 40 Finished: 0
summary =   6522 in 00:05:38 =   19,3/s Avg:    26 Min:     4 Max:   342 Err:     0 (0,00%)
summary +    591 in 00:00:30 =   19,8/s Avg:    23 Min:     4 Max:   138 Err:     0 (0,00%) Active: 40 Started: 40 Finished: 0
summary =   7113 in 00:06:08 =   19,3/s Avg:    25 Min:     4 Max:   342 Err:     0 (0,00%)
summary +    595 in 00:00:30 =   19,8/s Avg:    27 Min:     4 Max:   143 Err:     0 (0,00%) Active: 40 Started: 40 Finished: 0
summary =   7708 in 00:06:38 =   19,4/s Avg:    26 Min:     4 Max:   342 Err:     0 (0,00%)
summary +    587 in 00:00:30 =   19,6/s Avg:    33 Min:     4 Max:   553 Err:     0 (0,00%) Active: 40 Started: 40 Finished: 0
summary =   8295 in 00:07:08 =   19,4/s Avg:    26 Min:     4 Max:   553 Err:     0 (0,00%)
summary +    576 in 00:00:30 =   19,0/s Avg:    79 Min:     4 Max:  2163 Err:     0 (0,00%) Active: 40 Started: 40 Finished: 0
summary =   8871 in 00:07:38 =   19,4/s Avg:    30 Min:     4 Max:  2163 Err:     0 (0,00%)
summary +    595 in 00:00:30 =   20,1/s Avg:    30 Min:     4 Max:   200 Err:     0 (0,00%) Active: 40 Started: 40 Finished: 0
summary =   9466 in 00:08:08 =   19,4/s Avg:    30 Min:     4 Max:  2163 Err:     0 (0,00%)
summary +    593 in 00:00:30 =   19,7/s Avg:    26 Min:     4 Max:   181 Err:     0 (0,00%) Active: 40 Started: 40 Finished: 0
summary =  10059 in 00:08:38 =   19,4/s Avg:    29 Min:     4 Max:  2163 Err:     0 (0,00%)
summary +    587 in 00:00:30 =   19,6/s Avg:    22 Min:     3 Max:   172 Err:     0 (0,00%) Active: 40 Started: 40 Finished: 0
summary =  10646 in 00:09:08 =   19,4/s Avg:    29 Min:     3 Max:  2163 Err:     0 (0,00%)
summary +    590 in 00:00:30 =   19,7/s Avg:    28 Min:     4 Max:   205 Err:     0 (0,00%) Active: 40 Started: 40 Finished: 0
summary =  11236 in 00:09:38 =   19,4/s Avg:    29 Min:     3 Max:  2163 Err:     0 (0,00%)
summary +    594 in 00:00:30 =   19,8/s Avg:    31 Min:     4 Max:   360 Err:     0 (0,00%) Active: 40 Started: 40 Finished: 0
summary =  11830 in 00:10:08 =   19,5/s Avg:    29 Min:     3 Max:  2163 Err:     0 (0,00%)
summary +    105 in 00:00:05 =   20,0/s Avg:    16 Min:     6 Max:    79 Err:     0 (0,00%) Active: 0 Started: 40 Finished: 40
summary =  11935 in 00:10:13 =   19,5/s Avg:    29 Min:     3 Max:  2163 Err:     0 (0,00%)
Tidying up ...    @ Tue May 26 05:20:35 CEST 2020 (1590463235275)
... end of run
Creating summariser <summary>
Created the tree successfully using modificar_stock.jmx
Starting standalone test @ Tue May 26 05:21:07 CEST 2020 (1590463267294)
Waiting for possible Shutdown/StopTestNow/HeapDump/ThreadDump message on port 4445
summary +    339 in 00:00:22 =   15,3/s Avg:    33 Min:     5 Max:   266 Err:     0 (0,00%) Active: 69 Started: 69 Finished: 0
summary +   1165 in 00:00:30 =   38,7/s Avg:    34 Min:     4 Max:   230 Err:     0 (0,00%) Active: 80 Started: 80 Finished: 0
summary =   1504 in 00:00:52 =   28,8/s Avg:    33 Min:     4 Max:   266 Err:     0 (0,00%)
summary +   1169 in 00:00:30 =   39,1/s Avg:    45 Min:     4 Max:   497 Err:     0 (0,00%) Active: 80 Started: 80 Finished: 0
summary =   2673 in 00:01:22 =   32,5/s Avg:    39 Min:     4 Max:   497 Err:     0 (0,00%)
summary +   1187 in 00:00:30 =   39,3/s Avg:    39 Min:     4 Max:   257 Err:     0 (0,00%) Active: 80 Started: 80 Finished: 0
summary =   3860 in 00:01:52 =   34,3/s Avg:    39 Min:     4 Max:   497 Err:     0 (0,00%)
summary +   1173 in 00:00:30 =   39,4/s Avg:    31 Min:     4 Max:   307 Err:     0 (0,00%) Active: 80 Started: 80 Finished: 0
summary =   5033 in 00:02:22 =   35,4/s Avg:    37 Min:     4 Max:   497 Err:     0 (0,00%)
summary +   1179 in 00:00:30 =   39,3/s Avg:    30 Min:     4 Max:   219 Err:     0 (0,00%) Active: 80 Started: 80 Finished: 0
summary =   6212 in 00:02:52 =   36,1/s Avg:    36 Min:     4 Max:   497 Err:     0 (0,00%)
summary +   1192 in 00:00:30 =   39,7/s Avg:    30 Min:     4 Max:   219 Err:     0 (0,00%) Active: 80 Started: 80 Finished: 0
summary =   7404 in 00:03:22 =   36,6/s Avg:    35 Min:     4 Max:   497 Err:     0 (0,00%)
summary +   1173 in 00:00:30 =   39,1/s Avg:    30 Min:     4 Max:   275 Err:     0 (0,00%) Active: 80 Started: 80 Finished: 0
summary =   8577 in 00:03:52 =   36,9/s Avg:    34 Min:     4 Max:   497 Err:     0 (0,00%)
summary +   1177 in 00:00:30 =   39,2/s Avg:    34 Min:     4 Max:   321 Err:     0 (0,00%) Active: 80 Started: 80 Finished: 0
summary =   9754 in 00:04:22 =   37,2/s Avg:    34 Min:     4 Max:   497 Err:     0 (0,00%)
summary +   1181 in 00:00:30 =   39,4/s Avg:    36 Min:     4 Max:   420 Err:     0 (0,00%) Active: 80 Started: 80 Finished: 0
summary =  10935 in 00:04:52 =   37,4/s Avg:    34 Min:     4 Max:   497 Err:     0 (0,00%)
summary +   1178 in 00:00:30 =   39,3/s Avg:    30 Min:     3 Max:   237 Err:     0 (0,00%) Active: 80 Started: 80 Finished: 0
summary =  12113 in 00:05:22 =   37,6/s Avg:    34 Min:     3 Max:   497 Err:     0 (0,00%)
summary +   1186 in 00:00:30 =   39,5/s Avg:    28 Min:     4 Max:   249 Err:     0 (0,00%) Active: 80 Started: 80 Finished: 0
summary =  13299 in 00:05:52 =   37,8/s Avg:    33 Min:     3 Max:   497 Err:     0 (0,00%)
summary +   1185 in 00:00:30 =   39,5/s Avg:    28 Min:     4 Max:   241 Err:     0 (0,00%) Active: 80 Started: 80 Finished: 0
summary =  14484 in 00:06:22 =   37,9/s Avg:    33 Min:     3 Max:   497 Err:     0 (0,00%)
summary +   1179 in 00:00:30 =   39,3/s Avg:    28 Min:     4 Max:   196 Err:     0 (0,00%) Active: 80 Started: 80 Finished: 0
summary =  15663 in 00:06:52 =   38,0/s Avg:    33 Min:     3 Max:   497 Err:     0 (0,00%)
summary +   1182 in 00:00:30 =   39,5/s Avg:    27 Min:     4 Max:   197 Err:     0 (0,00%) Active: 80 Started: 80 Finished: 0
summary =  16845 in 00:07:22 =   38,1/s Avg:    32 Min:     3 Max:   497 Err:     0 (0,00%)
summary +   1187 in 00:00:30 =   39,5/s Avg:    27 Min:     4 Max:   204 Err:     0 (0,00%) Active: 80 Started: 80 Finished: 0
summary =  18032 in 00:07:52 =   38,2/s Avg:    32 Min:     3 Max:   497 Err:     0 (0,00%)
summary +   1184 in 00:00:30 =   39,5/s Avg:    27 Min:     4 Max:   258 Err:     0 (0,00%) Active: 80 Started: 80 Finished: 0
summary =  19216 in 00:08:22 =   38,3/s Avg:    32 Min:     3 Max:   497 Err:     0 (0,00%)
summary +   1174 in 00:00:30 =   39,0/s Avg:    42 Min:     4 Max:   374 Err:     0 (0,00%) Active: 80 Started: 80 Finished: 0
summary =  20390 in 00:08:52 =   38,3/s Avg:    32 Min:     3 Max:   497 Err:     0 (0,00%)
summary +   1178 in 00:00:30 =   39,3/s Avg:    33 Min:     4 Max:   239 Err:     0 (0,00%) Active: 80 Started: 80 Finished: 0
summary =  21568 in 00:09:22 =   38,4/s Avg:    32 Min:     3 Max:   497 Err:     0 (0,00%)
summary +   1178 in 00:00:30 =   39,3/s Avg:    33 Min:     3 Max:   251 Err:     0 (0,00%) Active: 80 Started: 80 Finished: 0
summary =  22746 in 00:09:52 =   38,4/s Avg:    32 Min:     3 Max:   497 Err:     0 (0,00%)
summary +   1184 in 00:00:30 =   39,5/s Avg:    32 Min:     4 Max:   321 Err:     0 (0,00%) Active: 80 Started: 80 Finished: 0
summary =  23930 in 00:10:22 =   38,5/s Avg:    32 Min:     3 Max:   497 Err:     0 (0,00%)
summary +    157 in 00:00:04 =   39,3/s Avg:    30 Min:     4 Max:   153 Err:     0 (0,00%) Active: 0 Started: 80 Finished: 80
summary =  24087 in 00:10:26 =   38,5/s Avg:    32 Min:     3 Max:   497 Err:     0 (0,00%)
Tidying up ...    @ Tue May 26 05:31:34 CEST 2020 (1590463894037)
... end of run
Creating summariser <summary>
Created the tree successfully using modificar_stock.jmx
Starting standalone test @ Tue May 26 05:32:05 CEST 2020 (1590463925953)
Waiting for possible Shutdown/StopTestNow/HeapDump/ThreadDump message on port 4445
summary +    390 in 00:00:24 =   16,5/s Avg:    30 Min:     5 Max:   256 Err:     0 (0,00%) Active: 73 Started: 73 Finished: 0
summary +   1675 in 00:00:30 =   55,8/s Avg:    73 Min:     4 Max:   870 Err:     0 (0,00%) Active: 160 Started: 160 Finished: 0
summary =   2065 in 00:00:54 =   38,5/s Avg:    65 Min:     4 Max:   870 Err:     0 (0,00%)
summary +   2162 in 00:00:30 =   72,1/s Avg:   202 Min:    23 Max:   830 Err:     0 (0,00%) Active: 160 Started: 160 Finished: 0
summary =   4227 in 00:01:24 =   50,6/s Avg:   135 Min:     4 Max:   870 Err:     0 (0,00%)
summary +   2175 in 00:00:30 =   72,3/s Avg:   197 Min:    24 Max:   714 Err:     0 (0,00%) Active: 160 Started: 160 Finished: 0
summary =   6402 in 00:01:54 =   56,3/s Avg:   156 Min:     4 Max:   870 Err:     0 (0,00%)
summary +   2184 in 00:00:30 =   73,0/s Avg:   213 Min:    27 Max:   909 Err:     0 (0,00%) Active: 160 Started: 160 Finished: 0
summary =   8586 in 00:02:24 =   59,8/s Avg:   170 Min:     4 Max:   909 Err:     0 (0,00%)
summary +   2122 in 00:00:30 =   70,7/s Avg:   238 Min:    14 Max:  1154 Err:     0 (0,00%) Active: 160 Started: 160 Finished: 0
summary =  10708 in 00:02:54 =   61,7/s Avg:   184 Min:     4 Max:  1154 Err:     0 (0,00%)
summary +   2170 in 00:00:30 =   72,2/s Avg:   222 Min:    33 Max:  1136 Err:     0 (0,00%) Active: 160 Started: 160 Finished: 0
summary =  12878 in 00:03:24 =   63,2/s Avg:   190 Min:     4 Max:  1154 Err:     0 (0,00%)
summary +   2140 in 00:00:30 =   71,6/s Avg:   247 Min:    42 Max:  1420 Err:     0 (0,00%) Active: 160 Started: 160 Finished: 0
summary =  15018 in 00:03:54 =   64,3/s Avg:   198 Min:     4 Max:  1420 Err:     0 (0,00%)
summary +   2107 in 00:00:30 =   70,1/s Avg:   257 Min:    28 Max:  1943 Err:     0 (0,00%) Active: 160 Started: 160 Finished: 0
summary =  17125 in 00:04:24 =   65,0/s Avg:   206 Min:     4 Max:  1943 Err:     0 (0,00%)
summary +   2112 in 00:00:30 =   70,5/s Avg:   276 Min:    21 Max:  1579 Err:     0 (0,00%) Active: 160 Started: 160 Finished: 0
summary =  19237 in 00:04:54 =   65,5/s Avg:   213 Min:     4 Max:  1943 Err:     0 (0,00%)
summary +   2129 in 00:00:30 =   70,9/s Avg:   259 Min:    16 Max:  1813 Err:     0 (0,00%) Active: 160 Started: 160 Finished: 0
summary =  21366 in 00:05:24 =   66,0/s Avg:   218 Min:     4 Max:  1943 Err:     0 (0,00%)
summary +   2097 in 00:00:30 =   70,0/s Avg:   285 Min:    29 Max:  2448 Err:     0 (0,00%) Active: 160 Started: 160 Finished: 0
summary =  23463 in 00:05:54 =   66,4/s Avg:   224 Min:     4 Max:  2448 Err:     0 (0,00%)
summary +   2018 in 00:00:30 =   67,3/s Avg:   294 Min:    20 Max:  2005 Err:     0 (0,00%) Active: 160 Started: 160 Finished: 0
summary =  25481 in 00:06:24 =   66,4/s Avg:   229 Min:     4 Max:  2448 Err:     0 (0,00%)
summary +   2116 in 00:00:30 =   70,6/s Avg:   339 Min:    23 Max:  2523 Err:     0 (0,00%) Active: 160 Started: 160 Finished: 0
summary =  27597 in 00:06:54 =   66,7/s Avg:   238 Min:     4 Max:  2523 Err:     0 (0,00%)
summary +   2103 in 00:00:30 =   70,0/s Avg:   251 Min:    23 Max:  1584 Err:     0 (0,00%) Active: 160 Started: 160 Finished: 0
summary =  29700 in 00:07:24 =   67,0/s Avg:   239 Min:     4 Max:  2523 Err:     0 (0,00%)
summary +   2040 in 00:00:30 =   67,9/s Avg:   372 Min:    23 Max:  1910 Err:     0 (0,00%) Active: 160 Started: 160 Finished: 0
summary =  31740 in 00:07:54 =   67,0/s Avg:   247 Min:     4 Max:  2523 Err:     0 (0,00%)
summary +   2154 in 00:00:30 =   72,0/s Avg:   249 Min:    20 Max:  1532 Err:     0 (0,00%) Active: 160 Started: 160 Finished: 0
summary =  33894 in 00:08:24 =   67,3/s Avg:   247 Min:     4 Max:  2523 Err:     0 (0,00%)
summary +   2146 in 00:00:30 =   71,5/s Avg:   206 Min:    36 Max:   917 Err:     0 (0,00%) Active: 160 Started: 160 Finished: 0
summary =  36040 in 00:08:54 =   67,5/s Avg:   245 Min:     4 Max:  2523 Err:     0 (0,00%)
summary +   2182 in 00:00:30 =   72,7/s Avg:   216 Min:    24 Max:  1404 Err:     0 (0,00%) Active: 160 Started: 160 Finished: 0
summary =  38222 in 00:09:24 =   67,8/s Avg:   243 Min:     4 Max:  2523 Err:     0 (0,00%)
summary +   2152 in 00:00:30 =   71,8/s Avg:   217 Min:    31 Max:  1682 Err:     0 (0,00%) Active: 160 Started: 160 Finished: 0
summary =  40374 in 00:09:54 =   68,0/s Avg:   242 Min:     4 Max:  2523 Err:     0 (0,00%)
summary +   2165 in 00:00:30 =   72,2/s Avg:   210 Min:    13 Max:   830 Err:     0 (0,00%) Active: 160 Started: 160 Finished: 0
summary =  42539 in 00:10:24 =   68,2/s Avg:   240 Min:     4 Max:  2523 Err:     0 (0,00%)
summary +   2090 in 00:00:29 =   72,2/s Avg:   212 Min:     3 Max:  1552 Err:     0 (0,00%) Active: 0 Started: 160 Finished: 160
summary =  44629 in 00:10:53 =   68,4/s Avg:   239 Min:     3 Max:  2523 Err:     0 (0,00%)
Tidying up ...    @ Tue May 26 05:42:58 CEST 2020 (1590464578966)
... end of run
