2020-05-26 05:32:05,546 INFO o.a.j.u.JMeterUtils: Setting Locale to es_ES
2020-05-26 05:32:05,574 INFO o.a.j.u.JMeterUtils: Could not find resources for 'es_ES', using 'es'
2020-05-26 05:32:05,576 INFO o.a.j.JMeter: Loading user properties from: /home/juaherr/Documentos/erss/practica_jmeter/jmeter/bin/user.properties
2020-05-26 05:32:05,578 INFO o.a.j.JMeter: Loading system properties from: /home/juaherr/Documentos/erss/practica_jmeter/jmeter/bin/system.properties
2020-05-26 05:32:05,578 INFO o.a.j.JMeter: Setting System property: THREADS=160
2020-05-26 05:32:05,579 INFO o.a.j.JMeter: Setting System property: RAMP_UP=52
2020-05-26 05:32:05,579 INFO o.a.j.JMeter: Setting System property: DURATION=652
2020-05-26 05:32:05,579 INFO o.a.j.JMeter: Setting System property: PERFMON=perfResultados160.jtl
2020-05-26 05:32:05,580 INFO o.a.j.JMeter: Copyright (c) 1998-2019 The Apache Software Foundation
2020-05-26 05:32:05,581 INFO o.a.j.JMeter: Version 5.2.1
2020-05-26 05:32:05,581 INFO o.a.j.JMeter: java.version=1.8.0_242
2020-05-26 05:32:05,581 INFO o.a.j.JMeter: java.vm.name=OpenJDK 64-Bit Server VM
2020-05-26 05:32:05,581 INFO o.a.j.JMeter: os.name=Linux
2020-05-26 05:32:05,581 INFO o.a.j.JMeter: os.arch=amd64
2020-05-26 05:32:05,581 INFO o.a.j.JMeter: os.version=5.4.28-gentoo-eii
2020-05-26 05:32:05,581 INFO o.a.j.JMeter: file.encoding=UTF-8
2020-05-26 05:32:05,581 INFO o.a.j.JMeter: java.awt.headless=true
2020-05-26 05:32:05,582 INFO o.a.j.JMeter: Max memory     =259522560
2020-05-26 05:32:05,582 INFO o.a.j.JMeter: Available Processors =1
2020-05-26 05:32:05,594 INFO o.a.j.JMeter: Default Locale=espa単ol (Espa単a)
2020-05-26 05:32:05,595 INFO o.a.j.JMeter: JMeter  Locale=espa単ol (Espa単a)
2020-05-26 05:32:05,595 INFO o.a.j.JMeter: JMeterHome=/home/juaherr/Documentos/erss/practica_jmeter/jmeter
2020-05-26 05:32:05,595 INFO o.a.j.JMeter: user.dir  =/home/juaherr/Documentos/erss/practica_jmeter/practica3/noche
2020-05-26 05:32:05,595 INFO o.a.j.JMeter: PWD       =/home/juaherr/Documentos/erss/practica_jmeter/practica3/noche
2020-05-26 05:32:05,595 INFO o.a.j.JMeter: IP: 157.88.125.192 Name: jair.lab.inf.uva.es FullName: jair.lab.inf.uva.es
2020-05-26 05:32:05,601 INFO o.a.j.s.FileServer: Default base='/home/juaherr/Documentos/erss/practica_jmeter/practica3/noche'
2020-05-26 05:32:05,606 INFO o.a.j.s.FileServer: Set new base='/home/juaherr/Documentos/erss/practica_jmeter/practica3/noche'
2020-05-26 05:32:05,767 INFO o.a.j.s.SaveService: Testplan (JMX) version: 2.2. Testlog (JTL) version: 2.2
2020-05-26 05:32:05,781 INFO o.a.j.s.SaveService: Using SaveService properties file encoding UTF-8
2020-05-26 05:32:05,790 INFO o.a.j.s.SaveService: Using SaveService properties version 5.0
2020-05-26 05:32:05,798 INFO o.a.j.s.SaveService: Loading file: modificar_stock.jmx
2020-05-26 05:32:05,842 INFO o.a.j.p.h.c.CookieManager: Settings: Delete null: true Check: true Allow variable: true Save: false Prefix: COOKIE_
2020-05-26 05:32:05,864 INFO o.a.j.p.h.s.HTTPSamplerBase: Parser for text/html is org.apache.jmeter.protocol.http.parser.LagartoBasedHtmlParser
2020-05-26 05:32:05,864 INFO o.a.j.p.h.s.HTTPSamplerBase: Parser for application/xhtml+xml is org.apache.jmeter.protocol.http.parser.LagartoBasedHtmlParser
2020-05-26 05:32:05,864 INFO o.a.j.p.h.s.HTTPSamplerBase: Parser for application/xml is org.apache.jmeter.protocol.http.parser.LagartoBasedHtmlParser
2020-05-26 05:32:05,864 INFO o.a.j.p.h.s.HTTPSamplerBase: Parser for text/xml is org.apache.jmeter.protocol.http.parser.LagartoBasedHtmlParser
2020-05-26 05:32:05,864 INFO o.a.j.p.h.s.HTTPSamplerBase: Parser for text/vnd.wap.wml is org.apache.jmeter.protocol.http.parser.RegexpHTMLParser
2020-05-26 05:32:05,864 INFO o.a.j.p.h.s.HTTPSamplerBase: Parser for text/css is org.apache.jmeter.protocol.http.parser.CssParser
2020-05-26 05:32:05,948 INFO o.a.j.JMeter: Creating summariser <summary>
2020-05-26 05:32:05,956 INFO o.a.j.e.StandardJMeterEngine: Running the test!
2020-05-26 05:32:05,957 INFO o.a.j.s.SampleEvent: List of sample_variables: []
2020-05-26 05:32:05,957 INFO o.a.j.s.SampleEvent: List of sample_variables: []
2020-05-26 05:32:05,963 INFO o.a.j.e.u.CompoundVariable: Note: Function class names must contain the string: '.functions.'
2020-05-26 05:32:05,963 INFO o.a.j.e.u.CompoundVariable: Note: Function class names must not contain the string: '.gui.'
2020-05-26 05:32:06,457 INFO o.a.j.JMeter: Test lanzado (1590463926457)
2020-05-26 05:32:06,490 INFO o.a.j.e.StandardJMeterEngine: Starting ThreadGroup: 1 : Grupo de Hilos
2020-05-26 05:32:06,491 INFO o.a.j.e.StandardJMeterEngine: Starting 160 threads for group Grupo de Hilos.
2020-05-26 05:32:06,491 INFO o.a.j.e.StandardJMeterEngine: Thread will continue on error
2020-05-26 05:32:06,491 INFO o.a.j.t.ThreadGroup: Starting thread group... number=1 threads=160 ramp-up=52 delayedStart=false
2020-05-26 05:32:06,504 INFO o.a.j.s.SampleResult: Note: Sample TimeStamps are START times
2020-05-26 05:32:06,510 INFO o.a.j.s.SampleResult: sampleresult.default.encoding is set to ISO-8859-1
2020-05-26 05:32:06,510 INFO o.a.j.s.SampleResult: sampleresult.useNanoTime=true
2020-05-26 05:32:06,510 INFO o.a.j.s.SampleResult: sampleresult.nanoThreadSleep=5000
2020-05-26 05:32:06,525 INFO o.a.j.t.JMeterThread: Thread started: Grupo de Hilos 1-1
2020-05-26 05:32:06,861 INFO o.a.j.t.JMeterThread: Thread started: Grupo de Hilos 1-2
2020-05-26 05:32:06,902 INFO o.a.j.t.ThreadGroup: Started thread group number 1
2020-05-26 05:32:06,902 INFO o.a.j.e.StandardJMeterEngine: All thread groups have been started
2020-05-26 05:32:07,163 INFO o.a.j.t.JMeterThread: Thread started: Grupo de Hilos 1-3
2020-05-26 05:32:07,484 INFO o.a.j.t.JMeterThread: Thread started: Grupo de Hilos 1-4
2020-05-26 05:32:07,806 INFO o.a.j.t.JMeterThread: Thread started: Grupo de Hilos 1-5
2020-05-26 05:32:08,128 INFO o.a.j.t.JMeterThread: Thread started: Grupo de Hilos 1-6
2020-05-26 05:32:08,451 INFO o.a.j.t.JMeterThread: Thread started: Grupo de Hilos 1-7
2020-05-26 05:32:08,559 INFO o.a.j.p.h.s.HTTPHCAbstractImpl: Local host = jair.lab.inf.uva.es
2020-05-26 05:32:08,567 INFO o.a.j.p.h.s.HTTPHC4Impl: HTTP request retry count = 0
2020-05-26 05:32:08,778 INFO o.a.j.t.JMeterThread: Thread started: Grupo de Hilos 1-8
2020-05-26 05:32:09,111 INFO o.a.j.t.JMeterThread: Thread started: Grupo de Hilos 1-9
2020-05-26 05:32:09,421 INFO o.a.j.t.JMeterThread: Thread started: Grupo de Hilos 1-10
2020-05-26 05:32:09,744 INFO o.a.j.t.JMeterThread: Thread started: Grupo de Hilos 1-11
2020-05-26 05:32:10,072 INFO o.a.j.t.JMeterThread: Thread started: Grupo de Hilos 1-12
2020-05-26 05:32:10,396 INFO o.a.j.t.JMeterThread: Thread started: Grupo de Hilos 1-13
2020-05-26 05:32:10,725 INFO o.a.j.t.JMeterThread: Thread started: Grupo de Hilos 1-14
2020-05-26 05:32:11,044 INFO o.a.j.t.JMeterThread: Thread started: Grupo de Hilos 1-15
2020-05-26 05:32:11,369 INFO o.a.j.t.JMeterThread: Thread started: Grupo de Hilos 1-16
2020-05-26 05:32:11,694 INFO o.a.j.t.JMeterThread: Thread started: Grupo de Hilos 1-17
2020-05-26 05:32:12,019 INFO o.a.j.t.JMeterThread: Thread started: Grupo de Hilos 1-18
2020-05-26 05:32:12,355 INFO o.a.j.t.JMeterThread: Thread started: Grupo de Hilos 1-19
2020-05-26 05:32:12,680 INFO o.a.j.t.JMeterThread: Thread started: Grupo de Hilos 1-20
2020-05-26 05:32:12,995 INFO o.a.j.t.JMeterThread: Thread started: Grupo de Hilos 1-21
2020-05-26 05:32:13,322 INFO o.a.j.t.JMeterThread: Thread started: Grupo de Hilos 1-22
2020-05-26 05:32:13,646 INFO o.a.j.t.JMeterThread: Thread started: Grupo de Hilos 1-23
2020-05-26 05:32:13,970 INFO o.a.j.t.JMeterThread: Thread started: Grupo de Hilos 1-24
2020-05-26 05:32:14,296 INFO o.a.j.t.JMeterThread: Thread started: Grupo de Hilos 1-25
2020-05-26 05:32:14,620 INFO o.a.j.t.JMeterThread: Thread started: Grupo de Hilos 1-26
2020-05-26 05:32:14,944 INFO o.a.j.t.JMeterThread: Thread started: Grupo de Hilos 1-27
2020-05-26 05:32:15,270 INFO o.a.j.t.JMeterThread: Thread started: Grupo de Hilos 1-28
2020-05-26 05:32:15,594 INFO o.a.j.t.JMeterThread: Thread started: Grupo de Hilos 1-29
2020-05-26 05:32:15,918 INFO o.a.j.t.JMeterThread: Thread started: Grupo de Hilos 1-30
2020-05-26 05:32:16,243 INFO o.a.j.t.JMeterThread: Thread started: Grupo de Hilos 1-31
2020-05-26 05:32:16,569 INFO o.a.j.t.JMeterThread: Thread started: Grupo de Hilos 1-32
2020-05-26 05:32:16,893 INFO o.a.j.t.JMeterThread: Thread started: Grupo de Hilos 1-33
2020-05-26 05:32:17,218 INFO o.a.j.t.JMeterThread: Thread started: Grupo de Hilos 1-34
2020-05-26 05:32:17,543 INFO o.a.j.t.JMeterThread: Thread started: Grupo de Hilos 1-35
2020-05-26 05:32:17,868 INFO o.a.j.t.JMeterThread: Thread started: Grupo de Hilos 1-36
2020-05-26 05:32:18,193 INFO o.a.j.t.JMeterThread: Thread started: Grupo de Hilos 1-37
2020-05-26 05:32:18,519 INFO o.a.j.t.JMeterThread: Thread started: Grupo de Hilos 1-38
2020-05-26 05:32:18,843 INFO o.a.j.t.JMeterThread: Thread started: Grupo de Hilos 1-39
2020-05-26 05:32:19,168 INFO o.a.j.t.JMeterThread: Thread started: Grupo de Hilos 1-40
2020-05-26 05:32:19,502 INFO o.a.j.t.JMeterThread: Thread started: Grupo de Hilos 1-41
2020-05-26 05:32:19,818 INFO o.a.j.t.JMeterThread: Thread started: Grupo de Hilos 1-42
2020-05-26 05:32:20,143 INFO o.a.j.t.JMeterThread: Thread started: Grupo de Hilos 1-43
2020-05-26 05:32:20,468 INFO o.a.j.t.JMeterThread: Thread started: Grupo de Hilos 1-44
2020-05-26 05:32:20,793 INFO o.a.j.t.JMeterThread: Thread started: Grupo de Hilos 1-45
2020-05-26 05:32:21,130 INFO o.a.j.t.JMeterThread: Thread started: Grupo de Hilos 1-46
2020-05-26 05:32:21,455 INFO o.a.j.t.JMeterThread: Thread started: Grupo de Hilos 1-47
2020-05-26 05:32:21,768 INFO o.a.j.t.JMeterThread: Thread started: Grupo de Hilos 1-48
2020-05-26 05:32:22,093 INFO o.a.j.t.JMeterThread: Thread started: Grupo de Hilos 1-49
2020-05-26 05:32:22,418 INFO o.a.j.t.JMeterThread: Thread started: Grupo de Hilos 1-50
2020-05-26 05:32:22,743 INFO o.a.j.t.JMeterThread: Thread started: Grupo de Hilos 1-51
2020-05-26 05:32:23,068 INFO o.a.j.t.JMeterThread: Thread started: Grupo de Hilos 1-52
2020-05-26 05:32:23,393 INFO o.a.j.t.JMeterThread: Thread started: Grupo de Hilos 1-53
2020-05-26 05:32:23,718 INFO o.a.j.t.JMeterThread: Thread started: Grupo de Hilos 1-54
2020-05-26 05:32:24,173 INFO o.a.j.t.JMeterThread: Thread started: Grupo de Hilos 1-55
2020-05-26 05:32:24,371 INFO o.a.j.t.JMeterThread: Thread started: Grupo de Hilos 1-56
2020-05-26 05:32:24,696 INFO o.a.j.t.JMeterThread: Thread started: Grupo de Hilos 1-57
2020-05-26 05:32:25,019 INFO o.a.j.t.JMeterThread: Thread started: Grupo de Hilos 1-58
2020-05-26 05:32:25,347 INFO o.a.j.t.JMeterThread: Thread started: Grupo de Hilos 1-59
2020-05-26 05:32:25,669 INFO o.a.j.t.JMeterThread: Thread started: Grupo de Hilos 1-60
2020-05-26 05:32:25,997 INFO o.a.j.t.JMeterThread: Thread started: Grupo de Hilos 1-61
2020-05-26 05:32:26,321 INFO o.a.j.t.JMeterThread: Thread started: Grupo de Hilos 1-62
2020-05-26 05:32:26,644 INFO o.a.j.t.JMeterThread: Thread started: Grupo de Hilos 1-63
2020-05-26 05:32:26,969 INFO o.a.j.t.JMeterThread: Thread started: Grupo de Hilos 1-64
2020-05-26 05:32:27,295 INFO o.a.j.t.JMeterThread: Thread started: Grupo de Hilos 1-65
2020-05-26 05:32:27,619 INFO o.a.j.t.JMeterThread: Thread started: Grupo de Hilos 1-66
2020-05-26 05:32:27,945 INFO o.a.j.t.JMeterThread: Thread started: Grupo de Hilos 1-67
2020-05-26 05:32:28,270 INFO o.a.j.t.JMeterThread: Thread started: Grupo de Hilos 1-68
2020-05-26 05:32:28,595 INFO o.a.j.t.JMeterThread: Thread started: Grupo de Hilos 1-69
2020-05-26 05:32:28,920 INFO o.a.j.t.JMeterThread: Thread started: Grupo de Hilos 1-70
2020-05-26 05:32:29,244 INFO o.a.j.t.JMeterThread: Thread started: Grupo de Hilos 1-71
2020-05-26 05:32:29,569 INFO o.a.j.t.JMeterThread: Thread started: Grupo de Hilos 1-72
2020-05-26 05:32:29,959 INFO o.a.j.t.JMeterThread: Thread started: Grupo de Hilos 1-73
2020-05-26 05:32:30,046 INFO o.a.j.r.Summariser: summary +    390 in 00:00:24 =   16,5/s Avg:    30 Min:     5 Max:   256 Err:     0 (0,00%) Active: 73 Started: 73 Finished: 0
2020-05-26 05:32:30,290 INFO o.a.j.t.JMeterThread: Thread started: Grupo de Hilos 1-74
2020-05-26 05:32:30,545 INFO o.a.j.t.JMeterThread: Thread started: Grupo de Hilos 1-75
2020-05-26 05:32:30,868 INFO o.a.j.t.JMeterThread: Thread started: Grupo de Hilos 1-76
2020-05-26 05:32:31,193 INFO o.a.j.t.JMeterThread: Thread started: Grupo de Hilos 1-77
2020-05-26 05:32:31,518 INFO o.a.j.t.JMeterThread: Thread started: Grupo de Hilos 1-78
2020-05-26 05:32:31,844 INFO o.a.j.t.JMeterThread: Thread started: Grupo de Hilos 1-79
2020-05-26 05:32:32,169 INFO o.a.j.t.JMeterThread: Thread started: Grupo de Hilos 1-80
2020-05-26 05:32:32,493 INFO o.a.j.t.JMeterThread: Thread started: Grupo de Hilos 1-81
2020-05-26 05:32:32,866 INFO o.a.j.t.JMeterThread: Thread started: Grupo de Hilos 1-82
2020-05-26 05:32:33,144 INFO o.a.j.t.JMeterThread: Thread started: Grupo de Hilos 1-83
2020-05-26 05:32:33,470 INFO o.a.j.t.JMeterThread: Thread started: Grupo de Hilos 1-84
2020-05-26 05:32:33,794 INFO o.a.j.t.JMeterThread: Thread started: Grupo de Hilos 1-85
2020-05-26 05:32:34,120 INFO o.a.j.t.JMeterThread: Thread started: Grupo de Hilos 1-86
2020-05-26 05:32:34,444 INFO o.a.j.t.JMeterThread: Thread started: Grupo de Hilos 1-87
2020-05-26 05:32:34,769 INFO o.a.j.t.JMeterThread: Thread started: Grupo de Hilos 1-88
2020-05-26 05:32:35,094 INFO o.a.j.t.JMeterThread: Thread started: Grupo de Hilos 1-89
2020-05-26 05:32:35,419 INFO o.a.j.t.JMeterThread: Thread started: Grupo de Hilos 1-90
2020-05-26 05:32:35,744 INFO o.a.j.t.JMeterThread: Thread started: Grupo de Hilos 1-91
2020-05-26 05:32:36,069 INFO o.a.j.t.JMeterThread: Thread started: Grupo de Hilos 1-92
2020-05-26 05:32:36,394 INFO o.a.j.t.JMeterThread: Thread started: Grupo de Hilos 1-93
2020-05-26 05:32:36,719 INFO o.a.j.t.JMeterThread: Thread started: Grupo de Hilos 1-94
2020-05-26 05:32:37,044 INFO o.a.j.t.JMeterThread: Thread started: Grupo de Hilos 1-95
2020-05-26 05:32:37,369 INFO o.a.j.t.JMeterThread: Thread started: Grupo de Hilos 1-96
2020-05-26 05:32:37,694 INFO o.a.j.t.JMeterThread: Thread started: Grupo de Hilos 1-97
2020-05-26 05:32:38,019 INFO o.a.j.t.JMeterThread: Thread started: Grupo de Hilos 1-98
2020-05-26 05:32:38,344 INFO o.a.j.t.JMeterThread: Thread started: Grupo de Hilos 1-99
2020-05-26 05:32:38,669 INFO o.a.j.t.JMeterThread: Thread started: Grupo de Hilos 1-100
2020-05-26 05:32:38,994 INFO o.a.j.t.JMeterThread: Thread started: Grupo de Hilos 1-101
2020-05-26 05:32:39,319 INFO o.a.j.t.JMeterThread: Thread started: Grupo de Hilos 1-102
2020-05-26 05:32:39,644 INFO o.a.j.t.JMeterThread: Thread started: Grupo de Hilos 1-103
2020-05-26 05:32:39,969 INFO o.a.j.t.JMeterThread: Thread started: Grupo de Hilos 1-104
2020-05-26 05:32:40,294 INFO o.a.j.t.JMeterThread: Thread started: Grupo de Hilos 1-105
2020-05-26 05:32:40,620 INFO o.a.j.t.JMeterThread: Thread started: Grupo de Hilos 1-106
2020-05-26 05:32:40,944 INFO o.a.j.t.JMeterThread: Thread started: Grupo de Hilos 1-107
2020-05-26 05:32:41,285 INFO o.a.j.t.JMeterThread: Thread started: Grupo de Hilos 1-108
2020-05-26 05:32:41,594 INFO o.a.j.t.JMeterThread: Thread started: Grupo de Hilos 1-109
2020-05-26 05:32:41,920 INFO o.a.j.t.JMeterThread: Thread started: Grupo de Hilos 1-110
2020-05-26 05:32:42,245 INFO o.a.j.t.JMeterThread: Thread started: Grupo de Hilos 1-111
2020-05-26 05:32:42,570 INFO o.a.j.t.JMeterThread: Thread started: Grupo de Hilos 1-112
2020-05-26 05:32:42,895 INFO o.a.j.t.JMeterThread: Thread started: Grupo de Hilos 1-113
2020-05-26 05:32:43,220 INFO o.a.j.t.JMeterThread: Thread started: Grupo de Hilos 1-114
2020-05-26 05:32:43,545 INFO o.a.j.t.JMeterThread: Thread started: Grupo de Hilos 1-115
2020-05-26 05:32:43,870 INFO o.a.j.t.JMeterThread: Thread started: Grupo de Hilos 1-116
2020-05-26 05:32:44,194 INFO o.a.j.t.JMeterThread: Thread started: Grupo de Hilos 1-117
2020-05-26 05:32:44,519 INFO o.a.j.t.JMeterThread: Thread started: Grupo de Hilos 1-118
2020-05-26 05:32:44,844 INFO o.a.j.t.JMeterThread: Thread started: Grupo de Hilos 1-119
2020-05-26 05:32:45,169 INFO o.a.j.t.JMeterThread: Thread started: Grupo de Hilos 1-120
2020-05-26 05:32:45,494 INFO o.a.j.t.JMeterThread: Thread started: Grupo de Hilos 1-121
2020-05-26 05:32:45,819 INFO o.a.j.t.JMeterThread: Thread started: Grupo de Hilos 1-122
2020-05-26 05:32:46,144 INFO o.a.j.t.JMeterThread: Thread started: Grupo de Hilos 1-123
2020-05-26 05:32:46,509 INFO o.a.j.t.JMeterThread: Thread started: Grupo de Hilos 1-124
2020-05-26 05:32:46,832 INFO o.a.j.t.JMeterThread: Thread started: Grupo de Hilos 1-125
2020-05-26 05:32:47,118 INFO o.a.j.t.JMeterThread: Thread started: Grupo de Hilos 1-126
2020-05-26 05:32:47,447 INFO o.a.j.t.JMeterThread: Thread started: Grupo de Hilos 1-127
2020-05-26 05:32:47,772 INFO o.a.j.t.JMeterThread: Thread started: Grupo de Hilos 1-128
2020-05-26 05:32:48,094 INFO o.a.j.t.JMeterThread: Thread started: Grupo de Hilos 1-129
2020-05-26 05:32:48,418 INFO o.a.j.t.JMeterThread: Thread started: Grupo de Hilos 1-130
2020-05-26 05:32:48,743 INFO o.a.j.t.JMeterThread: Thread started: Grupo de Hilos 1-131
2020-05-26 05:32:49,067 INFO o.a.j.t.JMeterThread: Thread started: Grupo de Hilos 1-132
2020-05-26 05:32:49,394 INFO o.a.j.t.JMeterThread: Thread started: Grupo de Hilos 1-133
2020-05-26 05:32:49,719 INFO o.a.j.t.JMeterThread: Thread started: Grupo de Hilos 1-134
2020-05-26 05:32:50,042 INFO o.a.j.t.JMeterThread: Thread started: Grupo de Hilos 1-135
2020-05-26 05:32:50,368 INFO o.a.j.t.JMeterThread: Thread started: Grupo de Hilos 1-136
2020-05-26 05:32:50,692 INFO o.a.j.t.JMeterThread: Thread started: Grupo de Hilos 1-137
2020-05-26 05:32:51,017 INFO o.a.j.t.JMeterThread: Thread started: Grupo de Hilos 1-138
2020-05-26 05:32:51,344 INFO o.a.j.t.JMeterThread: Thread started: Grupo de Hilos 1-139
2020-05-26 05:32:51,669 INFO o.a.j.t.JMeterThread: Thread started: Grupo de Hilos 1-140
2020-05-26 05:32:51,993 INFO o.a.j.t.JMeterThread: Thread started: Grupo de Hilos 1-141
2020-05-26 05:32:52,318 INFO o.a.j.t.JMeterThread: Thread started: Grupo de Hilos 1-142
2020-05-26 05:32:52,643 INFO o.a.j.t.JMeterThread: Thread started: Grupo de Hilos 1-143
2020-05-26 05:32:52,967 INFO o.a.j.t.JMeterThread: Thread started: Grupo de Hilos 1-144
2020-05-26 05:32:53,292 INFO o.a.j.t.JMeterThread: Thread started: Grupo de Hilos 1-145
2020-05-26 05:32:53,619 INFO o.a.j.t.JMeterThread: Thread started: Grupo de Hilos 1-146
2020-05-26 05:32:53,942 INFO o.a.j.t.JMeterThread: Thread started: Grupo de Hilos 1-147
2020-05-26 05:32:54,267 INFO o.a.j.t.JMeterThread: Thread started: Grupo de Hilos 1-148
2020-05-26 05:32:54,593 INFO o.a.j.t.JMeterThread: Thread started: Grupo de Hilos 1-149
2020-05-26 05:32:54,919 INFO o.a.j.t.JMeterThread: Thread started: Grupo de Hilos 1-150
2020-05-26 05:32:55,244 INFO o.a.j.t.JMeterThread: Thread started: Grupo de Hilos 1-151
2020-05-26 05:32:55,567 INFO o.a.j.t.JMeterThread: Thread started: Grupo de Hilos 1-152
2020-05-26 05:32:55,893 INFO o.a.j.t.JMeterThread: Thread started: Grupo de Hilos 1-153
2020-05-26 05:32:56,218 INFO o.a.j.t.JMeterThread: Thread started: Grupo de Hilos 1-154
2020-05-26 05:32:56,542 INFO o.a.j.t.JMeterThread: Thread started: Grupo de Hilos 1-155
2020-05-26 05:32:56,867 INFO o.a.j.t.JMeterThread: Thread started: Grupo de Hilos 1-156
2020-05-26 05:32:57,194 INFO o.a.j.t.JMeterThread: Thread started: Grupo de Hilos 1-157
2020-05-26 05:32:57,519 INFO o.a.j.t.JMeterThread: Thread started: Grupo de Hilos 1-158
2020-05-26 05:32:57,844 INFO o.a.j.t.JMeterThread: Thread started: Grupo de Hilos 1-159
2020-05-26 05:32:58,169 INFO o.a.j.t.JMeterThread: Thread started: Grupo de Hilos 1-160
2020-05-26 05:33:00,055 INFO o.a.j.r.Summariser: summary +   1675 in 00:00:30 =   55,8/s Avg:    73 Min:     4 Max:   870 Err:     0 (0,00%) Active: 160 Started: 160 Finished: 0
2020-05-26 05:33:00,056 INFO o.a.j.r.Summariser: summary =   2065 in 00:00:54 =   38,5/s Avg:    65 Min:     4 Max:   870 Err:     0 (0,00%)
2020-05-26 05:33:30,021 INFO o.a.j.r.Summariser: summary +   2162 in 00:00:30 =   72,1/s Avg:   202 Min:    23 Max:   830 Err:     0 (0,00%) Active: 160 Started: 160 Finished: 0
2020-05-26 05:33:30,022 INFO o.a.j.r.Summariser: summary =   4227 in 00:01:24 =   50,6/s Avg:   135 Min:     4 Max:   870 Err:     0 (0,00%)
2020-05-26 05:34:00,086 INFO o.a.j.r.Summariser: summary +   2175 in 00:00:30 =   72,3/s Avg:   197 Min:    24 Max:   714 Err:     0 (0,00%) Active: 160 Started: 160 Finished: 0
2020-05-26 05:34:00,086 INFO o.a.j.r.Summariser: summary =   6402 in 00:01:54 =   56,3/s Avg:   156 Min:     4 Max:   870 Err:     0 (0,00%)
2020-05-26 05:34:30,014 INFO o.a.j.r.Summariser: summary +   2184 in 00:00:30 =   73,0/s Avg:   213 Min:    27 Max:   909 Err:     0 (0,00%) Active: 160 Started: 160 Finished: 0
2020-05-26 05:34:30,014 INFO o.a.j.r.Summariser: summary =   8586 in 00:02:24 =   59,8/s Avg:   170 Min:     4 Max:   909 Err:     0 (0,00%)
2020-05-26 05:35:00,019 INFO o.a.j.r.Summariser: summary +   2122 in 00:00:30 =   70,7/s Avg:   238 Min:    14 Max:  1154 Err:     0 (0,00%) Active: 160 Started: 160 Finished: 0
2020-05-26 05:35:00,020 INFO o.a.j.r.Summariser: summary =  10708 in 00:02:54 =   61,7/s Avg:   184 Min:     4 Max:  1154 Err:     0 (0,00%)
2020-05-26 05:35:30,094 INFO o.a.j.r.Summariser: summary +   2170 in 00:00:30 =   72,2/s Avg:   222 Min:    33 Max:  1136 Err:     0 (0,00%) Active: 160 Started: 160 Finished: 0
2020-05-26 05:35:30,094 INFO o.a.j.r.Summariser: summary =  12878 in 00:03:24 =   63,2/s Avg:   190 Min:     4 Max:  1154 Err:     0 (0,00%)
2020-05-26 05:36:00,001 INFO o.a.j.r.Summariser: summary +   2140 in 00:00:30 =   71,6/s Avg:   247 Min:    42 Max:  1420 Err:     0 (0,00%) Active: 160 Started: 160 Finished: 0
2020-05-26 05:36:00,001 INFO o.a.j.r.Summariser: summary =  15018 in 00:03:54 =   64,3/s Avg:   198 Min:     4 Max:  1420 Err:     0 (0,00%)
2020-05-26 05:36:30,055 INFO o.a.j.r.Summariser: summary +   2107 in 00:00:30 =   70,1/s Avg:   257 Min:    28 Max:  1943 Err:     0 (0,00%) Active: 160 Started: 160 Finished: 0
2020-05-26 05:36:30,056 INFO o.a.j.r.Summariser: summary =  17125 in 00:04:24 =   65,0/s Avg:   206 Min:     4 Max:  1943 Err:     0 (0,00%)
2020-05-26 05:37:00,007 INFO o.a.j.r.Summariser: summary +   2112 in 00:00:30 =   70,5/s Avg:   276 Min:    21 Max:  1579 Err:     0 (0,00%) Active: 160 Started: 160 Finished: 0
2020-05-26 05:37:00,009 INFO o.a.j.r.Summariser: summary =  19237 in 00:04:54 =   65,5/s Avg:   213 Min:     4 Max:  1943 Err:     0 (0,00%)
2020-05-26 05:37:30,044 INFO o.a.j.r.Summariser: summary +   2129 in 00:00:30 =   70,9/s Avg:   259 Min:    16 Max:  1813 Err:     0 (0,00%) Active: 160 Started: 160 Finished: 0
2020-05-26 05:37:30,045 INFO o.a.j.r.Summariser: summary =  21366 in 00:05:24 =   66,0/s Avg:   218 Min:     4 Max:  1943 Err:     0 (0,00%)
2020-05-26 05:38:00,022 INFO o.a.j.r.Summariser: summary +   2097 in 00:00:30 =   70,0/s Avg:   285 Min:    29 Max:  2448 Err:     0 (0,00%) Active: 160 Started: 160 Finished: 0
2020-05-26 05:38:00,022 INFO o.a.j.r.Summariser: summary =  23463 in 00:05:54 =   66,4/s Avg:   224 Min:     4 Max:  2448 Err:     0 (0,00%)
2020-05-26 05:38:30,016 INFO o.a.j.r.Summariser: summary +   2018 in 00:00:30 =   67,3/s Avg:   294 Min:    20 Max:  2005 Err:     0 (0,00%) Active: 160 Started: 160 Finished: 0
2020-05-26 05:38:30,017 INFO o.a.j.r.Summariser: summary =  25481 in 00:06:24 =   66,4/s Avg:   229 Min:     4 Max:  2448 Err:     0 (0,00%)
2020-05-26 05:39:00,007 INFO o.a.j.r.Summariser: summary +   2116 in 00:00:30 =   70,6/s Avg:   339 Min:    23 Max:  2523 Err:     0 (0,00%) Active: 160 Started: 160 Finished: 0
2020-05-26 05:39:00,007 INFO o.a.j.r.Summariser: summary =  27597 in 00:06:54 =   66,7/s Avg:   238 Min:     4 Max:  2523 Err:     0 (0,00%)
2020-05-26 05:39:30,044 INFO o.a.j.r.Summariser: summary +   2103 in 00:00:30 =   70,0/s Avg:   251 Min:    23 Max:  1584 Err:     0 (0,00%) Active: 160 Started: 160 Finished: 0
2020-05-26 05:39:30,045 INFO o.a.j.r.Summariser: summary =  29700 in 00:07:24 =   67,0/s Avg:   239 Min:     4 Max:  2523 Err:     0 (0,00%)
2020-05-26 05:40:00,081 INFO o.a.j.r.Summariser: summary +   2040 in 00:00:30 =   67,9/s Avg:   372 Min:    23 Max:  1910 Err:     0 (0,00%) Active: 160 Started: 160 Finished: 0
2020-05-26 05:40:00,081 INFO o.a.j.r.Summariser: summary =  31740 in 00:07:54 =   67,0/s Avg:   247 Min:     4 Max:  2523 Err:     0 (0,00%)
2020-05-26 05:40:30,004 INFO o.a.j.r.Summariser: summary +   2154 in 00:00:30 =   72,0/s Avg:   249 Min:    20 Max:  1532 Err:     0 (0,00%) Active: 160 Started: 160 Finished: 0
2020-05-26 05:40:30,005 INFO o.a.j.r.Summariser: summary =  33894 in 00:08:24 =   67,3/s Avg:   247 Min:     4 Max:  2523 Err:     0 (0,00%)
2020-05-26 05:41:00,034 INFO o.a.j.r.Summariser: summary +   2146 in 00:00:30 =   71,5/s Avg:   206 Min:    36 Max:   917 Err:     0 (0,00%) Active: 160 Started: 160 Finished: 0
2020-05-26 05:41:00,035 INFO o.a.j.r.Summariser: summary =  36040 in 00:08:54 =   67,5/s Avg:   245 Min:     4 Max:  2523 Err:     0 (0,00%)
2020-05-26 05:41:30,030 INFO o.a.j.r.Summariser: summary +   2182 in 00:00:30 =   72,7/s Avg:   216 Min:    24 Max:  1404 Err:     0 (0,00%) Active: 160 Started: 160 Finished: 0
2020-05-26 05:41:30,030 INFO o.a.j.r.Summariser: summary =  38222 in 00:09:24 =   67,8/s Avg:   243 Min:     4 Max:  2523 Err:     0 (0,00%)
2020-05-26 05:42:00,004 INFO o.a.j.r.Summariser: summary +   2152 in 00:00:30 =   71,8/s Avg:   217 Min:    31 Max:  1682 Err:     0 (0,00%) Active: 160 Started: 160 Finished: 0
2020-05-26 05:42:00,005 INFO o.a.j.r.Summariser: summary =  40374 in 00:09:54 =   68,0/s Avg:   242 Min:     4 Max:  2523 Err:     0 (0,00%)
2020-05-26 05:42:30,002 INFO o.a.j.r.Summariser: summary +   2165 in 00:00:30 =   72,2/s Avg:   210 Min:    13 Max:   830 Err:     0 (0,00%) Active: 160 Started: 160 Finished: 0
2020-05-26 05:42:30,005 INFO o.a.j.r.Summariser: summary =  42539 in 00:10:24 =   68,2/s Avg:   240 Min:     4 Max:  2523 Err:     0 (0,00%)
2020-05-26 05:42:56,503 INFO o.a.j.t.JMeterThread: Thread finished: Grupo de Hilos 1-2
2020-05-26 05:42:56,590 INFO o.a.j.t.JMeterThread: Thread finished: Grupo de Hilos 1-12
2020-05-26 05:42:56,601 INFO o.a.j.t.JMeterThread: Thread finished: Grupo de Hilos 1-23
2020-05-26 05:42:56,623 INFO o.a.j.t.JMeterThread: Thread finished: Grupo de Hilos 1-17
2020-05-26 05:42:56,627 INFO o.a.j.t.JMeterThread: Thread finished: Grupo de Hilos 1-24
2020-05-26 05:42:56,645 INFO o.a.j.t.JMeterThread: Thread finished: Grupo de Hilos 1-26
2020-05-26 05:42:56,656 INFO o.a.j.t.JMeterThread: Thread finished: Grupo de Hilos 1-25
2020-05-26 05:42:56,661 INFO o.a.j.t.JMeterThread: Thread finished: Grupo de Hilos 1-21
2020-05-26 05:42:56,674 INFO o.a.j.t.JMeterThread: Thread finished: Grupo de Hilos 1-30
2020-05-26 05:42:56,705 INFO o.a.j.t.JMeterThread: Thread finished: Grupo de Hilos 1-6
2020-05-26 05:42:56,748 INFO o.a.j.t.JMeterThread: Thread finished: Grupo de Hilos 1-66
2020-05-26 05:42:56,751 INFO o.a.j.t.JMeterThread: Thread finished: Grupo de Hilos 1-65
2020-05-26 05:42:56,751 INFO o.a.j.t.JMeterThread: Thread finished: Grupo de Hilos 1-69
2020-05-26 05:42:56,753 INFO o.a.j.t.JMeterThread: Thread finished: Grupo de Hilos 1-74
2020-05-26 05:42:56,753 INFO o.a.j.t.JMeterThread: Thread finished: Grupo de Hilos 1-79
2020-05-26 05:42:56,757 INFO o.a.j.t.JMeterThread: Thread finished: Grupo de Hilos 1-63
2020-05-26 05:42:56,760 INFO o.a.j.t.JMeterThread: Thread finished: Grupo de Hilos 1-46
2020-05-26 05:42:56,763 INFO o.a.j.t.JMeterThread: Thread finished: Grupo de Hilos 1-73
2020-05-26 05:42:56,767 INFO o.a.j.t.JMeterThread: Thread finished: Grupo de Hilos 1-4
2020-05-26 05:42:56,791 INFO o.a.j.t.JMeterThread: Thread finished: Grupo de Hilos 1-75
2020-05-26 05:42:56,810 INFO o.a.j.t.JMeterThread: Thread finished: Grupo de Hilos 1-18
2020-05-26 05:42:56,815 INFO o.a.j.t.JMeterThread: Thread finished: Grupo de Hilos 1-8
2020-05-26 05:42:56,823 INFO o.a.j.t.JMeterThread: Thread finished: Grupo de Hilos 1-31
2020-05-26 05:42:56,827 INFO o.a.j.t.JMeterThread: Thread finished: Grupo de Hilos 1-33
2020-05-26 05:42:56,848 INFO o.a.j.t.JMeterThread: Thread finished: Grupo de Hilos 1-22
2020-05-26 05:42:56,848 INFO o.a.j.t.JMeterThread: Thread finished: Grupo de Hilos 1-68
2020-05-26 05:42:56,864 INFO o.a.j.t.JMeterThread: Thread finished: Grupo de Hilos 1-87
2020-05-26 05:42:56,905 INFO o.a.j.t.JMeterThread: Thread finished: Grupo de Hilos 1-80
2020-05-26 05:42:56,917 INFO o.a.j.t.JMeterThread: Thread finished: Grupo de Hilos 1-64
2020-05-26 05:42:56,932 INFO o.a.j.t.JMeterThread: Thread finished: Grupo de Hilos 1-97
2020-05-26 05:42:56,932 INFO o.a.j.t.JMeterThread: Thread finished: Grupo de Hilos 1-52
2020-05-26 05:42:56,947 INFO o.a.j.t.JMeterThread: Thread finished: Grupo de Hilos 1-154
2020-05-26 05:42:56,949 INFO o.a.j.t.JMeterThread: Thread finished: Grupo de Hilos 1-86
2020-05-26 05:42:56,949 INFO o.a.j.t.JMeterThread: Thread finished: Grupo de Hilos 1-34
2020-05-26 05:42:56,952 INFO o.a.j.t.JMeterThread: Thread finished: Grupo de Hilos 1-36
2020-05-26 05:42:56,955 INFO o.a.j.t.JMeterThread: Thread finished: Grupo de Hilos 1-57
2020-05-26 05:42:56,998 INFO o.a.j.t.JMeterThread: Thread finished: Grupo de Hilos 1-116
2020-05-26 05:42:56,999 INFO o.a.j.t.JMeterThread: Thread finished: Grupo de Hilos 1-122
2020-05-26 05:42:56,998 INFO o.a.j.t.JMeterThread: Thread finished: Grupo de Hilos 1-121
2020-05-26 05:42:57,000 INFO o.a.j.t.JMeterThread: Thread finished: Grupo de Hilos 1-78
2020-05-26 05:42:57,034 INFO o.a.j.t.JMeterThread: Thread finished: Grupo de Hilos 1-48
2020-05-26 05:42:57,035 INFO o.a.j.t.JMeterThread: Thread finished: Grupo de Hilos 1-58
2020-05-26 05:42:57,038 INFO o.a.j.t.JMeterThread: Thread finished: Grupo de Hilos 1-102
2020-05-26 05:42:57,067 INFO o.a.j.t.JMeterThread: Thread finished: Grupo de Hilos 1-138
2020-05-26 05:42:57,067 INFO o.a.j.t.JMeterThread: Thread finished: Grupo de Hilos 1-59
2020-05-26 05:42:57,069 INFO o.a.j.t.JMeterThread: Thread finished: Grupo de Hilos 1-47
2020-05-26 05:42:57,073 INFO o.a.j.t.JMeterThread: Thread finished: Grupo de Hilos 1-125
2020-05-26 05:42:57,077 INFO o.a.j.t.JMeterThread: Thread finished: Grupo de Hilos 1-60
2020-05-26 05:42:57,077 INFO o.a.j.t.JMeterThread: Thread finished: Grupo de Hilos 1-38
2020-05-26 05:42:57,100 INFO o.a.j.t.JMeterThread: Thread finished: Grupo de Hilos 1-53
2020-05-26 05:42:57,164 INFO o.a.j.t.JMeterThread: Thread finished: Grupo de Hilos 1-126
2020-05-26 05:42:57,272 INFO o.a.j.t.JMeterThread: Thread finished: Grupo de Hilos 1-94
2020-05-26 05:42:57,274 INFO o.a.j.t.JMeterThread: Thread finished: Grupo de Hilos 1-16
2020-05-26 05:42:57,281 INFO o.a.j.t.JMeterThread: Thread finished: Grupo de Hilos 1-45
2020-05-26 05:42:57,286 INFO o.a.j.t.JMeterThread: Thread finished: Grupo de Hilos 1-136
2020-05-26 05:42:57,335 INFO o.a.j.t.JMeterThread: Thread finished: Grupo de Hilos 1-55
2020-05-26 05:42:57,358 INFO o.a.j.t.JMeterThread: Thread finished: Grupo de Hilos 1-42
2020-05-26 05:42:57,360 INFO o.a.j.t.JMeterThread: Thread finished: Grupo de Hilos 1-40
2020-05-26 05:42:57,410 INFO o.a.j.t.JMeterThread: Thread finished: Grupo de Hilos 1-131
2020-05-26 05:42:57,431 INFO o.a.j.t.JMeterThread: Thread finished: Grupo de Hilos 1-128
2020-05-26 05:42:57,434 INFO o.a.j.t.JMeterThread: Thread finished: Grupo de Hilos 1-118
2020-05-26 05:42:57,454 INFO o.a.j.t.JMeterThread: Thread finished: Grupo de Hilos 1-103
2020-05-26 05:42:57,457 INFO o.a.j.t.JMeterThread: Thread finished: Grupo de Hilos 1-130
2020-05-26 05:42:57,465 INFO o.a.j.t.JMeterThread: Thread finished: Grupo de Hilos 1-15
2020-05-26 05:42:57,501 INFO o.a.j.t.JMeterThread: Thread finished: Grupo de Hilos 1-109
2020-05-26 05:42:57,536 INFO o.a.j.t.JMeterThread: Thread finished: Grupo de Hilos 1-77
2020-05-26 05:42:57,547 INFO o.a.j.t.JMeterThread: Thread finished: Grupo de Hilos 1-151
2020-05-26 05:42:57,547 INFO o.a.j.t.JMeterThread: Thread finished: Grupo de Hilos 1-37
2020-05-26 05:42:57,566 INFO o.a.j.t.JMeterThread: Thread finished: Grupo de Hilos 1-1
2020-05-26 05:42:57,581 INFO o.a.j.t.JMeterThread: Thread finished: Grupo de Hilos 1-146
2020-05-26 05:42:57,626 INFO o.a.j.t.JMeterThread: Thread finished: Grupo de Hilos 1-11
2020-05-26 05:42:57,627 INFO o.a.j.t.JMeterThread: Thread finished: Grupo de Hilos 1-50
2020-05-26 05:42:57,636 INFO o.a.j.t.JMeterThread: Thread finished: Grupo de Hilos 1-61
2020-05-26 05:42:57,637 INFO o.a.j.t.JMeterThread: Thread finished: Grupo de Hilos 1-160
2020-05-26 05:42:57,666 INFO o.a.j.t.JMeterThread: Thread finished: Grupo de Hilos 1-67
2020-05-26 05:42:57,708 INFO o.a.j.t.JMeterThread: Thread finished: Grupo de Hilos 1-91
2020-05-26 05:42:57,751 INFO o.a.j.t.JMeterThread: Thread finished: Grupo de Hilos 1-139
2020-05-26 05:42:57,779 INFO o.a.j.t.JMeterThread: Thread finished: Grupo de Hilos 1-111
2020-05-26 05:42:57,780 INFO o.a.j.t.JMeterThread: Thread finished: Grupo de Hilos 1-70
2020-05-26 05:42:57,782 INFO o.a.j.t.JMeterThread: Thread finished: Grupo de Hilos 1-114
2020-05-26 05:42:57,793 INFO o.a.j.t.JMeterThread: Thread finished: Grupo de Hilos 1-159
2020-05-26 05:42:57,802 INFO o.a.j.t.JMeterThread: Thread finished: Grupo de Hilos 1-13
2020-05-26 05:42:57,823 INFO o.a.j.t.JMeterThread: Thread finished: Grupo de Hilos 1-127
2020-05-26 05:42:57,847 INFO o.a.j.t.JMeterThread: Thread finished: Grupo de Hilos 1-110
2020-05-26 05:42:57,853 INFO o.a.j.t.JMeterThread: Thread finished: Grupo de Hilos 1-92
2020-05-26 05:42:57,862 INFO o.a.j.t.JMeterThread: Thread finished: Grupo de Hilos 1-9
2020-05-26 05:42:57,964 INFO o.a.j.t.JMeterThread: Thread finished: Grupo de Hilos 1-132
2020-05-26 05:42:57,967 INFO o.a.j.t.JMeterThread: Thread finished: Grupo de Hilos 1-72
2020-05-26 05:42:57,970 INFO o.a.j.t.JMeterThread: Thread finished: Grupo de Hilos 1-56
2020-05-26 05:42:57,971 INFO o.a.j.t.JMeterThread: Thread finished: Grupo de Hilos 1-29
2020-05-26 05:42:57,972 INFO o.a.j.t.JMeterThread: Thread finished: Grupo de Hilos 1-43
2020-05-26 05:42:57,973 INFO o.a.j.t.JMeterThread: Thread finished: Grupo de Hilos 1-41
2020-05-26 05:42:57,974 INFO o.a.j.t.JMeterThread: Thread finished: Grupo de Hilos 1-62
2020-05-26 05:42:57,974 INFO o.a.j.t.JMeterThread: Thread finished: Grupo de Hilos 1-95
2020-05-26 05:42:57,979 INFO o.a.j.t.JMeterThread: Thread finished: Grupo de Hilos 1-89
2020-05-26 05:42:57,980 INFO o.a.j.t.JMeterThread: Thread finished: Grupo de Hilos 1-90
2020-05-26 05:42:57,982 INFO o.a.j.t.JMeterThread: Thread finished: Grupo de Hilos 1-49
2020-05-26 05:42:57,986 INFO o.a.j.t.JMeterThread: Thread finished: Grupo de Hilos 1-101
2020-05-26 05:42:57,986 INFO o.a.j.t.JMeterThread: Thread finished: Grupo de Hilos 1-129
2020-05-26 05:42:57,996 INFO o.a.j.t.JMeterThread: Thread finished: Grupo de Hilos 1-99
2020-05-26 05:42:57,999 INFO o.a.j.t.JMeterThread: Thread finished: Grupo de Hilos 1-3
2020-05-26 05:42:58,009 INFO o.a.j.t.JMeterThread: Thread finished: Grupo de Hilos 1-140
2020-05-26 05:42:58,015 INFO o.a.j.t.JMeterThread: Thread finished: Grupo de Hilos 1-20
2020-05-26 05:42:58,020 INFO o.a.j.t.JMeterThread: Thread finished: Grupo de Hilos 1-35
2020-05-26 05:42:58,042 INFO o.a.j.t.JMeterThread: Thread finished: Grupo de Hilos 1-123
2020-05-26 05:42:58,055 INFO o.a.j.t.JMeterThread: Thread finished: Grupo de Hilos 1-155
2020-05-26 05:42:58,124 INFO o.a.j.t.JMeterThread: Thread finished: Grupo de Hilos 1-98
2020-05-26 05:42:58,124 INFO o.a.j.t.JMeterThread: Thread finished: Grupo de Hilos 1-51
2020-05-26 05:42:58,144 INFO o.a.j.t.JMeterThread: Thread finished: Grupo de Hilos 1-19
2020-05-26 05:42:58,166 INFO o.a.j.t.JMeterThread: Thread finished: Grupo de Hilos 1-85
2020-05-26 05:42:58,174 INFO o.a.j.t.JMeterThread: Thread finished: Grupo de Hilos 1-82
2020-05-26 05:42:58,192 INFO o.a.j.t.JMeterThread: Thread finished: Grupo de Hilos 1-39
2020-05-26 05:42:58,195 INFO o.a.j.t.JMeterThread: Thread finished: Grupo de Hilos 1-76
2020-05-26 05:42:58,208 INFO o.a.j.t.JMeterThread: Thread finished: Grupo de Hilos 1-71
2020-05-26 05:42:58,233 INFO o.a.j.t.JMeterThread: Thread finished: Grupo de Hilos 1-83
2020-05-26 05:42:58,233 INFO o.a.j.t.JMeterThread: Thread finished: Grupo de Hilos 1-10
2020-05-26 05:42:58,233 INFO o.a.j.t.JMeterThread: Thread finished: Grupo de Hilos 1-81
2020-05-26 05:42:58,267 INFO o.a.j.t.JMeterThread: Thread finished: Grupo de Hilos 1-32
2020-05-26 05:42:58,275 INFO o.a.j.t.JMeterThread: Thread finished: Grupo de Hilos 1-14
2020-05-26 05:42:58,279 INFO o.a.j.t.JMeterThread: Thread finished: Grupo de Hilos 1-147
2020-05-26 05:42:58,281 INFO o.a.j.t.JMeterThread: Thread finished: Grupo de Hilos 1-153
2020-05-26 05:42:58,291 INFO o.a.j.t.JMeterThread: Thread finished: Grupo de Hilos 1-54
2020-05-26 05:42:58,334 INFO o.a.j.t.JMeterThread: Thread finished: Grupo de Hilos 1-84
2020-05-26 05:42:58,349 INFO o.a.j.t.JMeterThread: Thread finished: Grupo de Hilos 1-96
2020-05-26 05:42:58,350 INFO o.a.j.t.JMeterThread: Thread finished: Grupo de Hilos 1-7
2020-05-26 05:42:58,354 INFO o.a.j.t.JMeterThread: Thread finished: Grupo de Hilos 1-28
2020-05-26 05:42:58,366 INFO o.a.j.t.JMeterThread: Thread finished: Grupo de Hilos 1-115
2020-05-26 05:42:58,369 INFO o.a.j.t.JMeterThread: Thread finished: Grupo de Hilos 1-124
2020-05-26 05:42:58,401 INFO o.a.j.t.JMeterThread: Thread finished: Grupo de Hilos 1-106
2020-05-26 05:42:58,453 INFO o.a.j.t.JMeterThread: Thread finished: Grupo de Hilos 1-149
2020-05-26 05:42:58,461 INFO o.a.j.t.JMeterThread: Thread finished: Grupo de Hilos 1-27
2020-05-26 05:42:58,461 INFO o.a.j.t.JMeterThread: Thread finished: Grupo de Hilos 1-113
2020-05-26 05:42:58,474 INFO o.a.j.t.JMeterThread: Thread finished: Grupo de Hilos 1-108
2020-05-26 05:42:58,479 INFO o.a.j.t.JMeterThread: Thread finished: Grupo de Hilos 1-104
2020-05-26 05:42:58,479 INFO o.a.j.t.JMeterThread: Thread finished: Grupo de Hilos 1-117
2020-05-26 05:42:58,505 INFO o.a.j.t.JMeterThread: Thread finished: Grupo de Hilos 1-105
2020-05-26 05:42:58,518 INFO o.a.j.t.JMeterThread: Stopping because end time detected by thread: Grupo de Hilos 1-5
2020-05-26 05:42:58,519 INFO o.a.j.t.JMeterThread: Thread finished: Grupo de Hilos 1-5
2020-05-26 05:42:58,526 INFO o.a.j.t.JMeterThread: Thread finished: Grupo de Hilos 1-100
2020-05-26 05:42:58,541 INFO o.a.j.t.JMeterThread: Thread finished: Grupo de Hilos 1-158
2020-05-26 05:42:58,554 INFO o.a.j.t.JMeterThread: Thread finished: Grupo de Hilos 1-119
2020-05-26 05:42:58,556 INFO o.a.j.t.JMeterThread: Thread finished: Grupo de Hilos 1-148
2020-05-26 05:42:58,558 INFO o.a.j.t.JMeterThread: Thread finished: Grupo de Hilos 1-112
2020-05-26 05:42:58,569 INFO o.a.j.t.JMeterThread: Thread finished: Grupo de Hilos 1-134
2020-05-26 05:42:58,578 INFO o.a.j.t.JMeterThread: Thread finished: Grupo de Hilos 1-143
2020-05-26 05:42:58,612 INFO o.a.j.t.JMeterThread: Stopping because end time detected by thread: Grupo de Hilos 1-44
2020-05-26 05:42:58,613 INFO o.a.j.t.JMeterThread: Thread finished: Grupo de Hilos 1-44
2020-05-26 05:42:58,643 INFO o.a.j.t.JMeterThread: Thread finished: Grupo de Hilos 1-133
2020-05-26 05:42:58,646 INFO o.a.j.t.JMeterThread: Thread finished: Grupo de Hilos 1-156
2020-05-26 05:42:58,653 INFO o.a.j.t.JMeterThread: Thread finished: Grupo de Hilos 1-93
2020-05-26 05:42:58,660 INFO o.a.j.t.JMeterThread: Thread finished: Grupo de Hilos 1-120
2020-05-26 05:42:58,664 INFO o.a.j.t.JMeterThread: Thread finished: Grupo de Hilos 1-88
2020-05-26 05:42:58,688 INFO o.a.j.t.JMeterThread: Thread finished: Grupo de Hilos 1-145
2020-05-26 05:42:58,696 INFO o.a.j.t.JMeterThread: Thread finished: Grupo de Hilos 1-150
2020-05-26 05:42:58,828 INFO o.a.j.t.JMeterThread: Stopping because end time detected by thread: Grupo de Hilos 1-107
2020-05-26 05:42:58,828 INFO o.a.j.t.JMeterThread: Thread finished: Grupo de Hilos 1-107
2020-05-26 05:42:58,837 INFO o.a.j.t.JMeterThread: Thread finished: Grupo de Hilos 1-157
2020-05-26 05:42:58,844 INFO o.a.j.t.JMeterThread: Thread finished: Grupo de Hilos 1-152
2020-05-26 05:42:58,940 INFO o.a.j.t.JMeterThread: Stopping because end time detected by thread: Grupo de Hilos 1-141
2020-05-26 05:42:58,942 INFO o.a.j.t.JMeterThread: Thread finished: Grupo de Hilos 1-141
2020-05-26 05:42:58,943 INFO o.a.j.t.JMeterThread: Stopping because end time detected by thread: Grupo de Hilos 1-144
2020-05-26 05:42:58,943 INFO o.a.j.t.JMeterThread: Thread finished: Grupo de Hilos 1-144
2020-05-26 05:42:58,947 INFO o.a.j.t.JMeterThread: Stopping because end time detected by thread: Grupo de Hilos 1-135
2020-05-26 05:42:58,947 INFO o.a.j.t.JMeterThread: Thread finished: Grupo de Hilos 1-135
2020-05-26 05:42:58,957 INFO o.a.j.t.JMeterThread: Stopping because end time detected by thread: Grupo de Hilos 1-137
2020-05-26 05:42:58,957 INFO o.a.j.t.JMeterThread: Thread finished: Grupo de Hilos 1-137
2020-05-26 05:42:58,960 INFO o.a.j.t.JMeterThread: Stopping because end time detected by thread: Grupo de Hilos 1-142
2020-05-26 05:42:58,960 INFO o.a.j.t.JMeterThread: Thread finished: Grupo de Hilos 1-142
2020-05-26 05:42:58,962 INFO o.a.j.e.StandardJMeterEngine: Notifying test listeners of end of test
2020-05-26 05:42:58,966 INFO o.a.j.r.Summariser: summary +   2090 in 00:00:29 =   72,2/s Avg:   212 Min:     3 Max:  1552 Err:     0 (0,00%) Active: 0 Started: 160 Finished: 160
2020-05-26 05:42:58,966 INFO o.a.j.r.Summariser: summary =  44629 in 00:10:53 =   68,4/s Avg:   239 Min:     3 Max:  2523 Err:     0 (0,00%)
