2020-05-26 05:10:20,997 INFO o.a.j.u.JMeterUtils: Setting Locale to es_ES
2020-05-26 05:10:21,059 INFO o.a.j.u.JMeterUtils: Could not find resources for 'es_ES', using 'es'
2020-05-26 05:10:21,062 INFO o.a.j.JMeter: Loading user properties from: /home/juaherr/Documentos/erss/practica_jmeter/jmeter/bin/user.properties
2020-05-26 05:10:21,079 INFO o.a.j.JMeter: Loading system properties from: /home/juaherr/Documentos/erss/practica_jmeter/jmeter/bin/system.properties
2020-05-26 05:10:21,080 INFO o.a.j.JMeter: Setting System property: THREADS=40
2020-05-26 05:10:21,080 INFO o.a.j.JMeter: Setting System property: RAMP_UP=13
2020-05-26 05:10:21,080 INFO o.a.j.JMeter: Setting System property: DURATION=613
2020-05-26 05:10:21,080 INFO o.a.j.JMeter: Setting System property: PERFMON=perfResultados40.jtl
2020-05-26 05:10:21,081 INFO o.a.j.JMeter: Copyright (c) 1998-2019 The Apache Software Foundation
2020-05-26 05:10:21,081 INFO o.a.j.JMeter: Version 5.2.1
2020-05-26 05:10:21,081 INFO o.a.j.JMeter: java.version=1.8.0_242
2020-05-26 05:10:21,081 INFO o.a.j.JMeter: java.vm.name=OpenJDK 64-Bit Server VM
2020-05-26 05:10:21,082 INFO o.a.j.JMeter: os.name=Linux
2020-05-26 05:10:21,082 INFO o.a.j.JMeter: os.arch=amd64
2020-05-26 05:10:21,082 INFO o.a.j.JMeter: os.version=5.4.28-gentoo-eii
2020-05-26 05:10:21,082 INFO o.a.j.JMeter: file.encoding=UTF-8
2020-05-26 05:10:21,082 INFO o.a.j.JMeter: java.awt.headless=true
2020-05-26 05:10:21,082 INFO o.a.j.JMeter: Max memory     =259522560
2020-05-26 05:10:21,082 INFO o.a.j.JMeter: Available Processors =1
2020-05-26 05:10:21,117 INFO o.a.j.JMeter: Default Locale=espa単ol (Espa単a)
2020-05-26 05:10:21,117 INFO o.a.j.JMeter: JMeter  Locale=espa単ol (Espa単a)
2020-05-26 05:10:21,118 INFO o.a.j.JMeter: JMeterHome=/home/juaherr/Documentos/erss/practica_jmeter/jmeter
2020-05-26 05:10:21,118 INFO o.a.j.JMeter: user.dir  =/home/juaherr/Documentos/erss/practica_jmeter/practica3/noche
2020-05-26 05:10:21,118 INFO o.a.j.JMeter: PWD       =/home/juaherr/Documentos/erss/practica_jmeter/practica3/noche
2020-05-26 05:10:21,118 INFO o.a.j.JMeter: IP: 157.88.125.192 Name: jair.lab.inf.uva.es FullName: jair.lab.inf.uva.es
2020-05-26 05:10:21,124 INFO o.a.j.s.FileServer: Default base='/home/juaherr/Documentos/erss/practica_jmeter/practica3/noche'
2020-05-26 05:10:21,146 INFO o.a.j.s.FileServer: Set new base='/home/juaherr/Documentos/erss/practica_jmeter/practica3/noche'
2020-05-26 05:10:21,386 INFO o.a.j.s.SaveService: Testplan (JMX) version: 2.2. Testlog (JTL) version: 2.2
2020-05-26 05:10:21,420 INFO o.a.j.s.SaveService: Using SaveService properties file encoding UTF-8
2020-05-26 05:10:21,429 INFO o.a.j.s.SaveService: Using SaveService properties version 5.0
2020-05-26 05:10:21,437 INFO o.a.j.s.SaveService: Loading file: modificar_stock.jmx
2020-05-26 05:10:21,511 INFO o.a.j.p.h.c.CookieManager: Settings: Delete null: true Check: true Allow variable: true Save: false Prefix: COOKIE_
2020-05-26 05:10:21,533 INFO o.a.j.p.h.s.HTTPSamplerBase: Parser for text/html is org.apache.jmeter.protocol.http.parser.LagartoBasedHtmlParser
2020-05-26 05:10:21,533 INFO o.a.j.p.h.s.HTTPSamplerBase: Parser for application/xhtml+xml is org.apache.jmeter.protocol.http.parser.LagartoBasedHtmlParser
2020-05-26 05:10:21,533 INFO o.a.j.p.h.s.HTTPSamplerBase: Parser for application/xml is org.apache.jmeter.protocol.http.parser.LagartoBasedHtmlParser
2020-05-26 05:10:21,533 INFO o.a.j.p.h.s.HTTPSamplerBase: Parser for text/xml is org.apache.jmeter.protocol.http.parser.LagartoBasedHtmlParser
2020-05-26 05:10:21,533 INFO o.a.j.p.h.s.HTTPSamplerBase: Parser for text/vnd.wap.wml is org.apache.jmeter.protocol.http.parser.RegexpHTMLParser
2020-05-26 05:10:21,533 INFO o.a.j.p.h.s.HTTPSamplerBase: Parser for text/css is org.apache.jmeter.protocol.http.parser.CssParser
2020-05-26 05:10:21,623 INFO o.a.j.JMeter: Creating summariser <summary>
2020-05-26 05:10:21,630 INFO o.a.j.e.StandardJMeterEngine: Running the test!
2020-05-26 05:10:21,633 INFO o.a.j.s.SampleEvent: List of sample_variables: []
2020-05-26 05:10:21,633 INFO o.a.j.s.SampleEvent: List of sample_variables: []
2020-05-26 05:10:21,639 INFO o.a.j.e.u.CompoundVariable: Note: Function class names must contain the string: '.functions.'
2020-05-26 05:10:21,639 INFO o.a.j.e.u.CompoundVariable: Note: Function class names must not contain the string: '.gui.'
2020-05-26 05:10:22,208 INFO o.a.j.JMeter: Test lanzado (1590462622208)
2020-05-26 05:10:22,240 INFO o.a.j.e.StandardJMeterEngine: Starting ThreadGroup: 1 : Grupo de Hilos
2020-05-26 05:10:22,241 INFO o.a.j.e.StandardJMeterEngine: Starting 40 threads for group Grupo de Hilos.
2020-05-26 05:10:22,241 INFO o.a.j.e.StandardJMeterEngine: Thread will continue on error
2020-05-26 05:10:22,241 INFO o.a.j.t.ThreadGroup: Starting thread group... number=1 threads=40 ramp-up=13 delayedStart=false
2020-05-26 05:10:22,274 INFO o.a.j.s.SampleResult: Note: Sample TimeStamps are START times
2020-05-26 05:10:22,275 INFO o.a.j.s.SampleResult: sampleresult.default.encoding is set to ISO-8859-1
2020-05-26 05:10:22,276 INFO o.a.j.s.SampleResult: sampleresult.useNanoTime=true
2020-05-26 05:10:22,276 INFO o.a.j.s.SampleResult: sampleresult.nanoThreadSleep=5000
2020-05-26 05:10:22,282 INFO o.a.j.t.JMeterThread: Thread started: Grupo de Hilos 1-1
2020-05-26 05:10:22,370 INFO o.a.j.t.ThreadGroup: Started thread group number 1
2020-05-26 05:10:22,370 INFO o.a.j.e.StandardJMeterEngine: All thread groups have been started
2020-05-26 05:10:22,601 INFO o.a.j.t.JMeterThread: Thread started: Grupo de Hilos 1-2
2020-05-26 05:10:22,922 INFO o.a.j.t.JMeterThread: Thread started: Grupo de Hilos 1-3
2020-05-26 05:10:23,243 INFO o.a.j.t.JMeterThread: Thread started: Grupo de Hilos 1-4
2020-05-26 05:10:23,564 INFO o.a.j.t.JMeterThread: Thread started: Grupo de Hilos 1-5
2020-05-26 05:10:23,906 INFO o.a.j.t.JMeterThread: Thread started: Grupo de Hilos 1-6
2020-05-26 05:10:24,218 INFO o.a.j.t.JMeterThread: Thread started: Grupo de Hilos 1-7
2020-05-26 05:10:24,392 INFO o.a.j.p.h.s.HTTPHCAbstractImpl: Local host = jair.lab.inf.uva.es
2020-05-26 05:10:24,402 INFO o.a.j.p.h.s.HTTPHC4Impl: HTTP request retry count = 0
2020-05-26 05:10:24,544 INFO o.a.j.t.JMeterThread: Thread started: Grupo de Hilos 1-8
2020-05-26 05:10:24,867 INFO o.a.j.t.JMeterThread: Thread started: Grupo de Hilos 1-9
2020-05-26 05:10:25,190 INFO o.a.j.t.JMeterThread: Thread started: Grupo de Hilos 1-10
2020-05-26 05:10:25,514 INFO o.a.j.t.JMeterThread: Thread started: Grupo de Hilos 1-11
2020-05-26 05:10:25,837 INFO o.a.j.t.JMeterThread: Thread started: Grupo de Hilos 1-12
2020-05-26 05:10:26,160 INFO o.a.j.t.JMeterThread: Thread started: Grupo de Hilos 1-13
2020-05-26 05:10:26,486 INFO o.a.j.t.JMeterThread: Thread started: Grupo de Hilos 1-14
2020-05-26 05:10:26,809 INFO o.a.j.t.JMeterThread: Thread started: Grupo de Hilos 1-15
2020-05-26 05:10:27,133 INFO o.a.j.t.JMeterThread: Thread started: Grupo de Hilos 1-16
2020-05-26 05:10:27,469 INFO o.a.j.t.JMeterThread: Thread started: Grupo de Hilos 1-17
2020-05-26 05:10:27,793 INFO o.a.j.t.JMeterThread: Thread started: Grupo de Hilos 1-18
2020-05-26 05:10:28,117 INFO o.a.j.t.JMeterThread: Thread started: Grupo de Hilos 1-19
2020-05-26 05:10:28,443 INFO o.a.j.t.JMeterThread: Thread started: Grupo de Hilos 1-20
2020-05-26 05:10:28,765 INFO o.a.j.t.JMeterThread: Thread started: Grupo de Hilos 1-21
2020-05-26 05:10:29,089 INFO o.a.j.t.JMeterThread: Thread started: Grupo de Hilos 1-22
2020-05-26 05:10:29,395 INFO o.a.j.t.JMeterThread: Thread started: Grupo de Hilos 1-23
2020-05-26 05:10:29,720 INFO o.a.j.t.JMeterThread: Thread started: Grupo de Hilos 1-24
2020-05-26 05:10:30,044 INFO o.a.j.t.JMeterThread: Thread started: Grupo de Hilos 1-25
2020-05-26 05:10:30,138 INFO o.a.j.r.Summariser: summary +     37 in 00:00:08 =    4,7/s Avg:    24 Min:    12 Max:    83 Err:     0 (0,00%) Active: 25 Started: 25 Finished: 0
2020-05-26 05:10:30,369 INFO o.a.j.t.JMeterThread: Thread started: Grupo de Hilos 1-26
2020-05-26 05:10:30,694 INFO o.a.j.t.JMeterThread: Thread started: Grupo de Hilos 1-27
2020-05-26 05:10:31,022 INFO o.a.j.t.JMeterThread: Thread started: Grupo de Hilos 1-28
2020-05-26 05:10:31,347 INFO o.a.j.t.JMeterThread: Thread started: Grupo de Hilos 1-29
2020-05-26 05:10:31,672 INFO o.a.j.t.JMeterThread: Thread started: Grupo de Hilos 1-30
2020-05-26 05:10:31,994 INFO o.a.j.t.JMeterThread: Thread started: Grupo de Hilos 1-31
2020-05-26 05:10:32,319 INFO o.a.j.t.JMeterThread: Thread started: Grupo de Hilos 1-32
2020-05-26 05:10:32,644 INFO o.a.j.t.JMeterThread: Thread started: Grupo de Hilos 1-33
2020-05-26 05:10:32,969 INFO o.a.j.t.JMeterThread: Thread started: Grupo de Hilos 1-34
2020-05-26 05:10:33,294 INFO o.a.j.t.JMeterThread: Thread started: Grupo de Hilos 1-35
2020-05-26 05:10:33,619 INFO o.a.j.t.JMeterThread: Thread started: Grupo de Hilos 1-36
2020-05-26 05:10:33,944 INFO o.a.j.t.JMeterThread: Thread started: Grupo de Hilos 1-37
2020-05-26 05:10:34,269 INFO o.a.j.t.JMeterThread: Thread started: Grupo de Hilos 1-38
2020-05-26 05:10:34,602 INFO o.a.j.t.JMeterThread: Thread started: Grupo de Hilos 1-39
2020-05-26 05:10:34,920 INFO o.a.j.t.JMeterThread: Thread started: Grupo de Hilos 1-40
2020-05-26 05:11:00,042 INFO o.a.j.r.Summariser: summary +    563 in 00:00:30 =   18,8/s Avg:    29 Min:     5 Max:   199 Err:     0 (0,00%) Active: 40 Started: 40 Finished: 0
2020-05-26 05:11:00,042 INFO o.a.j.r.Summariser: summary =    600 in 00:00:38 =   15,9/s Avg:    28 Min:     5 Max:   199 Err:     0 (0,00%)
2020-05-26 05:11:30,011 INFO o.a.j.r.Summariser: summary +    594 in 00:00:30 =   19,8/s Avg:    26 Min:     4 Max:   178 Err:     0 (0,00%) Active: 40 Started: 40 Finished: 0
2020-05-26 05:11:30,011 INFO o.a.j.r.Summariser: summary =   1194 in 00:01:08 =   17,6/s Avg:    27 Min:     4 Max:   199 Err:     0 (0,00%)
2020-05-26 05:12:00,090 INFO o.a.j.r.Summariser: summary +    587 in 00:00:30 =   19,5/s Avg:    26 Min:     5 Max:   200 Err:     0 (0,00%) Active: 40 Started: 40 Finished: 0
2020-05-26 05:12:00,091 INFO o.a.j.r.Summariser: summary =   1781 in 00:01:38 =   18,2/s Avg:    27 Min:     4 Max:   200 Err:     0 (0,00%)
2020-05-26 05:12:30,060 INFO o.a.j.r.Summariser: summary +    596 in 00:00:30 =   19,9/s Avg:    27 Min:     4 Max:   260 Err:     0 (0,00%) Active: 40 Started: 40 Finished: 0
2020-05-26 05:12:30,061 INFO o.a.j.r.Summariser: summary =   2377 in 00:02:08 =   18,6/s Avg:    27 Min:     4 Max:   260 Err:     0 (0,00%)
2020-05-26 05:13:00,157 INFO o.a.j.r.Summariser: summary +    590 in 00:00:30 =   19,6/s Avg:    25 Min:     4 Max:   135 Err:     0 (0,00%) Active: 40 Started: 40 Finished: 0
2020-05-26 05:13:00,158 INFO o.a.j.r.Summariser: summary =   2967 in 00:02:38 =   18,8/s Avg:    26 Min:     4 Max:   260 Err:     0 (0,00%)
2020-05-26 05:13:30,001 INFO o.a.j.r.Summariser: summary +    591 in 00:00:30 =   19,8/s Avg:    24 Min:     5 Max:   189 Err:     0 (0,00%) Active: 40 Started: 40 Finished: 0
2020-05-26 05:13:30,001 INFO o.a.j.r.Summariser: summary =   3558 in 00:03:08 =   18,9/s Avg:    26 Min:     4 Max:   260 Err:     0 (0,00%)
2020-05-26 05:14:00,003 INFO o.a.j.r.Summariser: summary +    595 in 00:00:30 =   19,8/s Avg:    24 Min:     4 Max:   145 Err:     0 (0,00%) Active: 40 Started: 40 Finished: 0
2020-05-26 05:14:00,003 INFO o.a.j.r.Summariser: summary =   4153 in 00:03:38 =   19,1/s Avg:    26 Min:     4 Max:   260 Err:     0 (0,00%)
2020-05-26 05:14:30,010 INFO o.a.j.r.Summariser: summary +    591 in 00:00:30 =   19,7/s Avg:    26 Min:     4 Max:   182 Err:     0 (0,00%) Active: 40 Started: 40 Finished: 0
2020-05-26 05:14:30,011 INFO o.a.j.r.Summariser: summary =   4744 in 00:04:08 =   19,1/s Avg:    26 Min:     4 Max:   260 Err:     0 (0,00%)
2020-05-26 05:15:00,049 INFO o.a.j.r.Summariser: summary +    595 in 00:00:30 =   19,8/s Avg:    23 Min:     4 Max:   342 Err:     0 (0,00%) Active: 40 Started: 40 Finished: 0
2020-05-26 05:15:00,049 INFO o.a.j.r.Summariser: summary =   5339 in 00:04:38 =   19,2/s Avg:    25 Min:     4 Max:   342 Err:     0 (0,00%)
2020-05-26 05:15:30,026 INFO o.a.j.r.Summariser: summary +    590 in 00:00:30 =   19,7/s Avg:    27 Min:     4 Max:   277 Err:     0 (0,00%) Active: 40 Started: 40 Finished: 0
2020-05-26 05:15:30,027 INFO o.a.j.r.Summariser: summary =   5929 in 00:05:08 =   19,3/s Avg:    26 Min:     4 Max:   342 Err:     0 (0,00%)
2020-05-26 05:16:00,141 INFO o.a.j.r.Summariser: summary +    593 in 00:00:30 =   19,7/s Avg:    26 Min:     4 Max:   217 Err:     0 (0,00%) Active: 40 Started: 40 Finished: 0
2020-05-26 05:16:00,142 INFO o.a.j.r.Summariser: summary =   6522 in 00:05:38 =   19,3/s Avg:    26 Min:     4 Max:   342 Err:     0 (0,00%)
2020-05-26 05:16:30,007 INFO o.a.j.r.Summariser: summary +    591 in 00:00:30 =   19,8/s Avg:    23 Min:     4 Max:   138 Err:     0 (0,00%) Active: 40 Started: 40 Finished: 0
2020-05-26 05:16:30,008 INFO o.a.j.r.Summariser: summary =   7113 in 00:06:08 =   19,3/s Avg:    25 Min:     4 Max:   342 Err:     0 (0,00%)
2020-05-26 05:17:00,074 INFO o.a.j.r.Summariser: summary +    595 in 00:00:30 =   19,8/s Avg:    27 Min:     4 Max:   143 Err:     0 (0,00%) Active: 40 Started: 40 Finished: 0
2020-05-26 05:17:00,074 INFO o.a.j.r.Summariser: summary =   7708 in 00:06:38 =   19,4/s Avg:    26 Min:     4 Max:   342 Err:     0 (0,00%)
2020-05-26 05:17:30,062 INFO o.a.j.r.Summariser: summary +    587 in 00:00:30 =   19,6/s Avg:    33 Min:     4 Max:   553 Err:     0 (0,00%) Active: 40 Started: 40 Finished: 0
2020-05-26 05:17:30,062 INFO o.a.j.r.Summariser: summary =   8295 in 00:07:08 =   19,4/s Avg:    26 Min:     4 Max:   553 Err:     0 (0,00%)
2020-05-26 05:18:00,393 INFO o.a.j.r.Summariser: summary +    576 in 00:00:30 =   19,0/s Avg:    79 Min:     4 Max:  2163 Err:     0 (0,00%) Active: 40 Started: 40 Finished: 0
2020-05-26 05:18:00,394 INFO o.a.j.r.Summariser: summary =   8871 in 00:07:38 =   19,4/s Avg:    30 Min:     4 Max:  2163 Err:     0 (0,00%)
2020-05-26 05:18:30,039 INFO o.a.j.r.Summariser: summary +    595 in 00:00:30 =   20,1/s Avg:    30 Min:     4 Max:   200 Err:     0 (0,00%) Active: 40 Started: 40 Finished: 0
2020-05-26 05:18:30,039 INFO o.a.j.r.Summariser: summary =   9466 in 00:08:08 =   19,4/s Avg:    30 Min:     4 Max:  2163 Err:     0 (0,00%)
2020-05-26 05:19:00,096 INFO o.a.j.r.Summariser: summary +    593 in 00:00:30 =   19,7/s Avg:    26 Min:     4 Max:   181 Err:     0 (0,00%) Active: 40 Started: 40 Finished: 0
2020-05-26 05:19:00,096 INFO o.a.j.r.Summariser: summary =  10059 in 00:08:38 =   19,4/s Avg:    29 Min:     4 Max:  2163 Err:     0 (0,00%)
2020-05-26 05:19:30,046 INFO o.a.j.r.Summariser: summary +    587 in 00:00:30 =   19,6/s Avg:    22 Min:     3 Max:   172 Err:     0 (0,00%) Active: 40 Started: 40 Finished: 0
2020-05-26 05:19:30,047 INFO o.a.j.r.Summariser: summary =  10646 in 00:09:08 =   19,4/s Avg:    29 Min:     3 Max:  2163 Err:     0 (0,00%)
2020-05-26 05:20:00,015 INFO o.a.j.r.Summariser: summary +    590 in 00:00:30 =   19,7/s Avg:    28 Min:     4 Max:   205 Err:     0 (0,00%) Active: 40 Started: 40 Finished: 0
2020-05-26 05:20:00,015 INFO o.a.j.r.Summariser: summary =  11236 in 00:09:38 =   19,4/s Avg:    29 Min:     3 Max:  2163 Err:     0 (0,00%)
2020-05-26 05:20:30,016 INFO o.a.j.r.Summariser: summary +    594 in 00:00:30 =   19,8/s Avg:    31 Min:     4 Max:   360 Err:     0 (0,00%) Active: 40 Started: 40 Finished: 0
2020-05-26 05:20:30,016 INFO o.a.j.r.Summariser: summary =  11830 in 00:10:08 =   19,5/s Avg:    29 Min:     3 Max:  2163 Err:     0 (0,00%)
2020-05-26 05:20:33,377 INFO o.a.j.t.JMeterThread: Thread finished: Grupo de Hilos 1-22
2020-05-26 05:20:33,380 INFO o.a.j.t.JMeterThread: Thread finished: Grupo de Hilos 1-19
2020-05-26 05:20:33,416 INFO o.a.j.t.JMeterThread: Thread finished: Grupo de Hilos 1-1
2020-05-26 05:20:33,419 INFO o.a.j.t.JMeterThread: Thread finished: Grupo de Hilos 1-5
2020-05-26 05:20:33,444 INFO o.a.j.t.JMeterThread: Thread finished: Grupo de Hilos 1-40
2020-05-26 05:20:33,448 INFO o.a.j.t.JMeterThread: Thread finished: Grupo de Hilos 1-4
2020-05-26 05:20:33,449 INFO o.a.j.t.JMeterThread: Thread finished: Grupo de Hilos 1-8
2020-05-26 05:20:33,454 INFO o.a.j.t.JMeterThread: Thread finished: Grupo de Hilos 1-21
2020-05-26 05:20:33,526 INFO o.a.j.t.JMeterThread: Thread finished: Grupo de Hilos 1-15
2020-05-26 05:20:33,619 INFO o.a.j.t.JMeterThread: Thread finished: Grupo de Hilos 1-7
2020-05-26 05:20:33,620 INFO o.a.j.t.JMeterThread: Thread finished: Grupo de Hilos 1-3
2020-05-26 05:20:33,633 INFO o.a.j.t.JMeterThread: Thread finished: Grupo de Hilos 1-27
2020-05-26 05:20:33,644 INFO o.a.j.t.JMeterThread: Thread finished: Grupo de Hilos 1-28
2020-05-26 05:20:33,680 INFO o.a.j.t.JMeterThread: Thread finished: Grupo de Hilos 1-34
2020-05-26 05:20:34,044 INFO o.a.j.t.JMeterThread: Thread finished: Grupo de Hilos 1-33
2020-05-26 05:20:34,160 INFO o.a.j.t.JMeterThread: Thread finished: Grupo de Hilos 1-18
2020-05-26 05:20:34,169 INFO o.a.j.t.JMeterThread: Thread finished: Grupo de Hilos 1-25
2020-05-26 05:20:34,214 INFO o.a.j.t.JMeterThread: Thread finished: Grupo de Hilos 1-9
2020-05-26 05:20:34,301 INFO o.a.j.t.JMeterThread: Thread finished: Grupo de Hilos 1-37
2020-05-26 05:20:34,328 INFO o.a.j.t.JMeterThread: Thread finished: Grupo de Hilos 1-20
2020-05-26 05:20:34,355 INFO o.a.j.t.JMeterThread: Thread finished: Grupo de Hilos 1-31
2020-05-26 05:20:34,532 INFO o.a.j.t.JMeterThread: Thread finished: Grupo de Hilos 1-13
2020-05-26 05:20:34,565 INFO o.a.j.t.JMeterThread: Thread finished: Grupo de Hilos 1-30
2020-05-26 05:20:34,833 INFO o.a.j.t.JMeterThread: Thread finished: Grupo de Hilos 1-23
2020-05-26 05:20:34,842 INFO o.a.j.t.JMeterThread: Thread finished: Grupo de Hilos 1-6
2020-05-26 05:20:34,845 INFO o.a.j.t.JMeterThread: Thread finished: Grupo de Hilos 1-10
2020-05-26 05:20:34,857 INFO o.a.j.t.JMeterThread: Thread finished: Grupo de Hilos 1-17
2020-05-26 05:20:34,922 INFO o.a.j.t.JMeterThread: Thread finished: Grupo de Hilos 1-12
2020-05-26 05:20:34,923 INFO o.a.j.t.JMeterThread: Thread finished: Grupo de Hilos 1-26
2020-05-26 05:20:35,013 INFO o.a.j.t.JMeterThread: Thread finished: Grupo de Hilos 1-14
2020-05-26 05:20:35,039 INFO o.a.j.t.JMeterThread: Thread finished: Grupo de Hilos 1-11
2020-05-26 05:20:35,039 INFO o.a.j.t.JMeterThread: Thread finished: Grupo de Hilos 1-24
2020-05-26 05:20:35,073 INFO o.a.j.t.JMeterThread: Thread finished: Grupo de Hilos 1-32
2020-05-26 05:20:35,137 INFO o.a.j.t.JMeterThread: Thread finished: Grupo de Hilos 1-39
2020-05-26 05:20:35,151 INFO o.a.j.t.JMeterThread: Thread finished: Grupo de Hilos 1-36
2020-05-26 05:20:35,156 INFO o.a.j.t.JMeterThread: Thread finished: Grupo de Hilos 1-38
2020-05-26 05:20:35,204 INFO o.a.j.t.JMeterThread: Thread finished: Grupo de Hilos 1-2
2020-05-26 05:20:35,221 INFO o.a.j.t.JMeterThread: Thread finished: Grupo de Hilos 1-29
2020-05-26 05:20:35,270 INFO o.a.j.t.JMeterThread: Thread finished: Grupo de Hilos 1-35
2020-05-26 05:20:35,271 INFO o.a.j.t.JMeterThread: Thread finished: Grupo de Hilos 1-16
2020-05-26 05:20:35,271 INFO o.a.j.e.StandardJMeterEngine: Notifying test listeners of end of test
2020-05-26 05:20:35,275 INFO o.a.j.r.Summariser: summary +    105 in 00:00:05 =   20,0/s Avg:    16 Min:     6 Max:    79 Err:     0 (0,00%) Active: 0 Started: 40 Finished: 40
2020-05-26 05:20:35,275 INFO o.a.j.r.Summariser: summary =  11935 in 00:10:13 =   19,5/s Avg:    29 Min:     3 Max:  2163 Err:     0 (0,00%)
