2020-05-25 19:43:24,027 INFO o.a.j.u.JMeterUtils: Setting Locale to es_ES
2020-05-25 19:43:24,052 INFO o.a.j.u.JMeterUtils: Could not find resources for 'es_ES', using 'es'
2020-05-25 19:43:24,053 INFO o.a.j.JMeter: Loading user properties from: /home/juaherr/Documentos/erss/practica_jmeter/jmeter/bin/user.properties
2020-05-25 19:43:24,055 INFO o.a.j.JMeter: Loading system properties from: /home/juaherr/Documentos/erss/practica_jmeter/jmeter/bin/system.properties
2020-05-25 19:43:24,056 INFO o.a.j.JMeter: Setting System property: THREADS=40
2020-05-25 19:43:24,056 INFO o.a.j.JMeter: Setting System property: RAMP_UP=13
2020-05-25 19:43:24,056 INFO o.a.j.JMeter: Setting System property: DURATION=613
2020-05-25 19:43:24,056 INFO o.a.j.JMeter: Setting System property: PERFMON=perfResultados40.jtl
2020-05-25 19:43:24,057 INFO o.a.j.JMeter: Copyright (c) 1998-2019 The Apache Software Foundation
2020-05-25 19:43:24,057 INFO o.a.j.JMeter: Version 5.2.1
2020-05-25 19:43:24,057 INFO o.a.j.JMeter: java.version=1.8.0_242
2020-05-25 19:43:24,057 INFO o.a.j.JMeter: java.vm.name=OpenJDK 64-Bit Server VM
2020-05-25 19:43:24,057 INFO o.a.j.JMeter: os.name=Linux
2020-05-25 19:43:24,058 INFO o.a.j.JMeter: os.arch=amd64
2020-05-25 19:43:24,058 INFO o.a.j.JMeter: os.version=5.4.28-gentoo-eii
2020-05-25 19:43:24,058 INFO o.a.j.JMeter: file.encoding=UTF-8
2020-05-25 19:43:24,058 INFO o.a.j.JMeter: java.awt.headless=true
2020-05-25 19:43:24,058 INFO o.a.j.JMeter: Max memory     =259522560
2020-05-25 19:43:24,058 INFO o.a.j.JMeter: Available Processors =1
2020-05-25 19:43:24,066 INFO o.a.j.JMeter: Default Locale=espa単ol (Espa単a)
2020-05-25 19:43:24,066 INFO o.a.j.JMeter: JMeter  Locale=espa単ol (Espa単a)
2020-05-25 19:43:24,066 INFO o.a.j.JMeter: JMeterHome=/home/juaherr/Documentos/erss/practica_jmeter/jmeter
2020-05-25 19:43:24,066 INFO o.a.j.JMeter: user.dir  =/home/juaherr/Documentos/erss/practica_jmeter/practica3/tarde
2020-05-25 19:43:24,066 INFO o.a.j.JMeter: PWD       =/home/juaherr/Documentos/erss/practica_jmeter/practica3/tarde
2020-05-25 19:43:24,067 INFO o.a.j.JMeter: IP: 157.88.125.192 Name: jair.lab.inf.uva.es FullName: jair.lab.inf.uva.es
2020-05-25 19:43:24,072 INFO o.a.j.s.FileServer: Default base='/home/juaherr/Documentos/erss/practica_jmeter/practica3/tarde'
2020-05-25 19:43:24,076 INFO o.a.j.s.FileServer: Set new base='/home/juaherr/Documentos/erss/practica_jmeter/practica3/tarde'
2020-05-25 19:43:24,248 INFO o.a.j.s.SaveService: Testplan (JMX) version: 2.2. Testlog (JTL) version: 2.2
2020-05-25 19:43:24,263 INFO o.a.j.s.SaveService: Using SaveService properties file encoding UTF-8
2020-05-25 19:43:24,271 INFO o.a.j.s.SaveService: Using SaveService properties version 5.0
2020-05-25 19:43:24,279 INFO o.a.j.s.SaveService: Loading file: modificar_stock.jmx
2020-05-25 19:43:24,327 INFO o.a.j.p.h.c.CookieManager: Settings: Delete null: true Check: true Allow variable: true Save: false Prefix: COOKIE_
2020-05-25 19:43:24,351 INFO o.a.j.p.h.s.HTTPSamplerBase: Parser for text/html is org.apache.jmeter.protocol.http.parser.LagartoBasedHtmlParser
2020-05-25 19:43:24,351 INFO o.a.j.p.h.s.HTTPSamplerBase: Parser for application/xhtml+xml is org.apache.jmeter.protocol.http.parser.LagartoBasedHtmlParser
2020-05-25 19:43:24,351 INFO o.a.j.p.h.s.HTTPSamplerBase: Parser for application/xml is org.apache.jmeter.protocol.http.parser.LagartoBasedHtmlParser
2020-05-25 19:43:24,351 INFO o.a.j.p.h.s.HTTPSamplerBase: Parser for text/xml is org.apache.jmeter.protocol.http.parser.LagartoBasedHtmlParser
2020-05-25 19:43:24,352 INFO o.a.j.p.h.s.HTTPSamplerBase: Parser for text/vnd.wap.wml is org.apache.jmeter.protocol.http.parser.RegexpHTMLParser
2020-05-25 19:43:24,352 INFO o.a.j.p.h.s.HTTPSamplerBase: Parser for text/css is org.apache.jmeter.protocol.http.parser.CssParser
2020-05-25 19:43:24,427 INFO o.a.j.JMeter: Creating summariser <summary>
2020-05-25 19:43:24,435 INFO o.a.j.e.StandardJMeterEngine: Running the test!
2020-05-25 19:43:24,436 INFO o.a.j.s.SampleEvent: List of sample_variables: []
2020-05-25 19:43:24,436 INFO o.a.j.s.SampleEvent: List of sample_variables: []
2020-05-25 19:43:24,441 INFO o.a.j.e.u.CompoundVariable: Note: Function class names must contain the string: '.functions.'
2020-05-25 19:43:24,442 INFO o.a.j.e.u.CompoundVariable: Note: Function class names must not contain the string: '.gui.'
2020-05-25 19:43:24,990 INFO o.a.j.JMeter: Test lanzado (1590428604990)
2020-05-25 19:43:25,028 INFO o.a.j.e.StandardJMeterEngine: Starting ThreadGroup: 1 : Grupo de Hilos
2020-05-25 19:43:25,029 INFO o.a.j.e.StandardJMeterEngine: Starting 40 threads for group Grupo de Hilos.
2020-05-25 19:43:25,029 INFO o.a.j.e.StandardJMeterEngine: Thread will continue on error
2020-05-25 19:43:25,029 INFO o.a.j.t.ThreadGroup: Starting thread group... number=1 threads=40 ramp-up=13 delayedStart=false
2020-05-25 19:43:25,047 INFO o.a.j.s.SampleResult: Note: Sample TimeStamps are START times
2020-05-25 19:43:25,047 INFO o.a.j.s.SampleResult: sampleresult.default.encoding is set to ISO-8859-1
2020-05-25 19:43:25,047 INFO o.a.j.s.SampleResult: sampleresult.useNanoTime=true
2020-05-25 19:43:25,047 INFO o.a.j.s.SampleResult: sampleresult.nanoThreadSleep=5000
2020-05-25 19:43:25,056 INFO o.a.j.t.JMeterThread: Thread started: Grupo de Hilos 1-1
2020-05-25 19:43:25,148 INFO o.a.j.t.ThreadGroup: Started thread group number 1
2020-05-25 19:43:25,148 INFO o.a.j.e.StandardJMeterEngine: All thread groups have been started
2020-05-25 19:43:25,378 INFO o.a.j.t.JMeterThread: Thread started: Grupo de Hilos 1-2
2020-05-25 19:43:25,695 INFO o.a.j.t.JMeterThread: Thread started: Grupo de Hilos 1-3
2020-05-25 19:43:26,020 INFO o.a.j.t.JMeterThread: Thread started: Grupo de Hilos 1-4
2020-05-25 19:43:26,348 INFO o.a.j.t.JMeterThread: Thread started: Grupo de Hilos 1-5
2020-05-25 19:43:26,660 INFO o.a.j.t.JMeterThread: Thread started: Grupo de Hilos 1-6
2020-05-25 19:43:26,983 INFO o.a.j.t.JMeterThread: Thread started: Grupo de Hilos 1-7
2020-05-25 19:43:27,102 INFO o.a.j.p.h.s.HTTPHCAbstractImpl: Local host = jair.lab.inf.uva.es
2020-05-25 19:43:27,109 INFO o.a.j.p.h.s.HTTPHC4Impl: HTTP request retry count = 0
2020-05-25 19:43:27,308 INFO o.a.j.t.JMeterThread: Thread started: Grupo de Hilos 1-8
2020-05-25 19:43:27,632 INFO o.a.j.t.JMeterThread: Thread started: Grupo de Hilos 1-9
2020-05-25 19:43:27,960 INFO o.a.j.t.JMeterThread: Thread started: Grupo de Hilos 1-10
2020-05-25 19:43:28,285 INFO o.a.j.t.JMeterThread: Thread started: Grupo de Hilos 1-11
2020-05-25 19:43:28,610 INFO o.a.j.t.JMeterThread: Thread started: Grupo de Hilos 1-12
2020-05-25 19:43:28,941 INFO o.a.j.t.JMeterThread: Thread started: Grupo de Hilos 1-13
2020-05-25 19:43:29,263 INFO o.a.j.t.JMeterThread: Thread started: Grupo de Hilos 1-14
2020-05-25 19:43:29,583 INFO o.a.j.t.JMeterThread: Thread started: Grupo de Hilos 1-15
2020-05-25 19:43:29,908 INFO o.a.j.t.JMeterThread: Thread started: Grupo de Hilos 1-16
2020-05-25 19:43:30,076 INFO o.a.j.r.Summariser: summary +     14 in 00:00:05 =    2,8/s Avg:    33 Min:    16 Max:   110 Err:     0 (0,00%) Active: 16 Started: 16 Finished: 0
2020-05-25 19:43:30,233 INFO o.a.j.t.JMeterThread: Thread started: Grupo de Hilos 1-17
2020-05-25 19:43:30,557 INFO o.a.j.t.JMeterThread: Thread started: Grupo de Hilos 1-18
2020-05-25 19:43:30,895 INFO o.a.j.t.JMeterThread: Thread started: Grupo de Hilos 1-19
2020-05-25 19:43:31,218 INFO o.a.j.t.JMeterThread: Thread started: Grupo de Hilos 1-20
2020-05-25 19:43:31,534 INFO o.a.j.t.JMeterThread: Thread started: Grupo de Hilos 1-21
2020-05-25 19:43:31,860 INFO o.a.j.t.JMeterThread: Thread started: Grupo de Hilos 1-22
2020-05-25 19:43:32,183 INFO o.a.j.t.JMeterThread: Thread started: Grupo de Hilos 1-23
2020-05-25 19:43:32,507 INFO o.a.j.t.JMeterThread: Thread started: Grupo de Hilos 1-24
2020-05-25 19:43:32,833 INFO o.a.j.t.JMeterThread: Thread started: Grupo de Hilos 1-25
2020-05-25 19:43:33,158 INFO o.a.j.t.JMeterThread: Thread started: Grupo de Hilos 1-26
2020-05-25 19:43:33,481 INFO o.a.j.t.JMeterThread: Thread started: Grupo de Hilos 1-27
2020-05-25 19:43:33,806 INFO o.a.j.t.JMeterThread: Thread started: Grupo de Hilos 1-28
2020-05-25 19:43:34,131 INFO o.a.j.t.JMeterThread: Thread started: Grupo de Hilos 1-29
2020-05-25 19:43:34,456 INFO o.a.j.t.JMeterThread: Thread started: Grupo de Hilos 1-30
2020-05-25 19:43:34,782 INFO o.a.j.t.JMeterThread: Thread started: Grupo de Hilos 1-31
2020-05-25 19:43:35,111 INFO o.a.j.t.JMeterThread: Thread started: Grupo de Hilos 1-32
2020-05-25 19:43:35,432 INFO o.a.j.t.JMeterThread: Thread started: Grupo de Hilos 1-33
2020-05-25 19:43:35,756 INFO o.a.j.t.JMeterThread: Thread started: Grupo de Hilos 1-34
2020-05-25 19:43:36,082 INFO o.a.j.t.JMeterThread: Thread started: Grupo de Hilos 1-35
2020-05-25 19:43:36,407 INFO o.a.j.t.JMeterThread: Thread started: Grupo de Hilos 1-36
2020-05-25 19:43:36,732 INFO o.a.j.t.JMeterThread: Thread started: Grupo de Hilos 1-37
2020-05-25 19:43:37,057 INFO o.a.j.t.JMeterThread: Thread started: Grupo de Hilos 1-38
2020-05-25 19:43:37,393 INFO o.a.j.t.JMeterThread: Thread started: Grupo de Hilos 1-39
2020-05-25 19:43:37,707 INFO o.a.j.t.JMeterThread: Thread started: Grupo de Hilos 1-40
2020-05-25 19:44:00,030 INFO o.a.j.r.Summariser: summary +    530 in 00:00:30 =   17,7/s Avg:    33 Min:     6 Max:   206 Err:     0 (0,00%) Active: 40 Started: 40 Finished: 0
2020-05-25 19:44:00,030 INFO o.a.j.r.Summariser: summary =    544 in 00:00:35 =   15,5/s Avg:    33 Min:     6 Max:   206 Err:     0 (0,00%)
2020-05-25 19:44:30,028 INFO o.a.j.r.Summariser: summary +    590 in 00:00:30 =   19,7/s Avg:    31 Min:     5 Max:   187 Err:     0 (0,00%) Active: 40 Started: 40 Finished: 0
2020-05-25 19:44:30,028 INFO o.a.j.r.Summariser: summary =   1134 in 00:01:05 =   17,4/s Avg:    32 Min:     5 Max:   206 Err:     0 (0,00%)
2020-05-25 19:45:00,045 INFO o.a.j.r.Summariser: summary +    590 in 00:00:30 =   19,7/s Avg:    31 Min:     5 Max:   261 Err:     0 (0,00%) Active: 40 Started: 40 Finished: 0
2020-05-25 19:45:00,045 INFO o.a.j.r.Summariser: summary =   1724 in 00:01:35 =   18,1/s Avg:    32 Min:     5 Max:   261 Err:     0 (0,00%)
2020-05-25 19:45:30,003 INFO o.a.j.r.Summariser: summary +    592 in 00:00:30 =   19,8/s Avg:    35 Min:     5 Max:   267 Err:     0 (0,00%) Active: 40 Started: 40 Finished: 0
2020-05-25 19:45:30,003 INFO o.a.j.r.Summariser: summary =   2316 in 00:02:05 =   18,5/s Avg:    33 Min:     5 Max:   267 Err:     0 (0,00%)
2020-05-25 19:46:00,220 INFO o.a.j.r.Summariser: summary +    588 in 00:00:30 =   19,5/s Avg:    37 Min:     4 Max:   295 Err:     0 (0,00%) Active: 40 Started: 40 Finished: 0
2020-05-25 19:46:00,220 INFO o.a.j.r.Summariser: summary =   2904 in 00:02:35 =   18,7/s Avg:    34 Min:     4 Max:   295 Err:     0 (0,00%)
2020-05-25 19:46:30,042 INFO o.a.j.r.Summariser: summary +    587 in 00:00:30 =   19,7/s Avg:    35 Min:     5 Max:   319 Err:     0 (0,00%) Active: 40 Started: 40 Finished: 0
2020-05-25 19:46:30,043 INFO o.a.j.r.Summariser: summary =   3491 in 00:03:05 =   18,9/s Avg:    34 Min:     4 Max:   319 Err:     0 (0,00%)
2020-05-25 19:47:00,003 INFO o.a.j.r.Summariser: summary +    591 in 00:00:30 =   19,7/s Avg:    35 Min:     5 Max:   275 Err:     0 (0,00%) Active: 40 Started: 40 Finished: 0
2020-05-25 19:47:00,004 INFO o.a.j.r.Summariser: summary =   4082 in 00:03:35 =   19,0/s Avg:    34 Min:     4 Max:   319 Err:     0 (0,00%)
2020-05-25 19:47:30,053 INFO o.a.j.r.Summariser: summary +    584 in 00:00:30 =   19,4/s Avg:    36 Min:     5 Max:   302 Err:     0 (0,00%) Active: 40 Started: 40 Finished: 0
2020-05-25 19:47:30,054 INFO o.a.j.r.Summariser: summary =   4666 in 00:04:05 =   19,0/s Avg:    34 Min:     4 Max:   319 Err:     0 (0,00%)
2020-05-25 19:48:00,159 INFO o.a.j.r.Summariser: summary +    596 in 00:00:30 =   19,8/s Avg:    32 Min:     5 Max:   236 Err:     0 (0,00%) Active: 40 Started: 40 Finished: 0
2020-05-25 19:48:00,160 INFO o.a.j.r.Summariser: summary =   5262 in 00:04:35 =   19,1/s Avg:    34 Min:     4 Max:   319 Err:     0 (0,00%)
2020-05-25 19:48:30,013 INFO o.a.j.r.Summariser: summary +    590 in 00:00:30 =   19,8/s Avg:    34 Min:     5 Max:   382 Err:     0 (0,00%) Active: 40 Started: 40 Finished: 0
2020-05-25 19:48:30,013 INFO o.a.j.r.Summariser: summary =   5852 in 00:05:05 =   19,2/s Avg:    34 Min:     4 Max:   382 Err:     0 (0,00%)
2020-05-25 19:49:00,013 INFO o.a.j.r.Summariser: summary +    585 in 00:00:30 =   19,5/s Avg:    37 Min:     4 Max:   377 Err:     0 (0,00%) Active: 40 Started: 40 Finished: 0
2020-05-25 19:49:00,013 INFO o.a.j.r.Summariser: summary =   6437 in 00:05:35 =   19,2/s Avg:    34 Min:     4 Max:   382 Err:     0 (0,00%)
2020-05-25 19:49:30,058 INFO o.a.j.r.Summariser: summary +    589 in 00:00:30 =   19,6/s Avg:    36 Min:     5 Max:   224 Err:     0 (0,00%) Active: 40 Started: 40 Finished: 0
2020-05-25 19:49:30,058 INFO o.a.j.r.Summariser: summary =   7026 in 00:06:05 =   19,2/s Avg:    34 Min:     4 Max:   382 Err:     0 (0,00%)
2020-05-25 19:50:00,040 INFO o.a.j.r.Summariser: summary +    590 in 00:00:30 =   19,7/s Avg:    34 Min:     5 Max:   297 Err:     0 (0,00%) Active: 40 Started: 40 Finished: 0
2020-05-25 19:50:00,041 INFO o.a.j.r.Summariser: summary =   7616 in 00:06:35 =   19,3/s Avg:    34 Min:     4 Max:   382 Err:     0 (0,00%)
2020-05-25 19:50:30,103 INFO o.a.j.r.Summariser: summary +    590 in 00:00:30 =   19,6/s Avg:    35 Min:     5 Max:   171 Err:     0 (0,00%) Active: 40 Started: 40 Finished: 0
2020-05-25 19:50:30,104 INFO o.a.j.r.Summariser: summary =   8206 in 00:07:05 =   19,3/s Avg:    34 Min:     4 Max:   382 Err:     0 (0,00%)
2020-05-25 19:51:00,028 INFO o.a.j.r.Summariser: summary +    592 in 00:00:30 =   19,8/s Avg:    34 Min:     4 Max:   170 Err:     0 (0,00%) Active: 40 Started: 40 Finished: 0
2020-05-25 19:51:00,029 INFO o.a.j.r.Summariser: summary =   8798 in 00:07:35 =   19,3/s Avg:    34 Min:     4 Max:   382 Err:     0 (0,00%)
2020-05-25 19:51:30,004 INFO o.a.j.r.Summariser: summary +    590 in 00:00:30 =   19,7/s Avg:    31 Min:     5 Max:   178 Err:     0 (0,00%) Active: 40 Started: 40 Finished: 0
2020-05-25 19:51:30,005 INFO o.a.j.r.Summariser: summary =   9388 in 00:08:05 =   19,4/s Avg:    34 Min:     4 Max:   382 Err:     0 (0,00%)
2020-05-25 19:52:00,021 INFO o.a.j.r.Summariser: summary +    586 in 00:00:30 =   19,5/s Avg:    33 Min:     5 Max:   259 Err:     0 (0,00%) Active: 40 Started: 40 Finished: 0
2020-05-25 19:52:00,022 INFO o.a.j.r.Summariser: summary =   9974 in 00:08:35 =   19,4/s Avg:    34 Min:     4 Max:   382 Err:     0 (0,00%)
2020-05-25 19:52:30,141 INFO o.a.j.r.Summariser: summary +    596 in 00:00:30 =   19,8/s Avg:    29 Min:     4 Max:   228 Err:     0 (0,00%) Active: 40 Started: 40 Finished: 0
2020-05-25 19:52:30,142 INFO o.a.j.r.Summariser: summary =  10570 in 00:09:05 =   19,4/s Avg:    34 Min:     4 Max:   382 Err:     0 (0,00%)
2020-05-25 19:53:00,001 INFO o.a.j.r.Summariser: summary +    587 in 00:00:30 =   19,7/s Avg:    33 Min:     4 Max:   197 Err:     0 (0,00%) Active: 40 Started: 40 Finished: 0
2020-05-25 19:53:00,002 INFO o.a.j.r.Summariser: summary =  11157 in 00:09:35 =   19,4/s Avg:    34 Min:     4 Max:   382 Err:     0 (0,00%)
2020-05-25 19:53:30,032 INFO o.a.j.r.Summariser: summary +    590 in 00:00:30 =   19,6/s Avg:    35 Min:     5 Max:   280 Err:     0 (0,00%) Active: 40 Started: 40 Finished: 0
2020-05-25 19:53:30,033 INFO o.a.j.r.Summariser: summary =  11747 in 00:10:05 =   19,4/s Avg:    34 Min:     4 Max:   382 Err:     0 (0,00%)
2020-05-25 19:53:36,131 INFO o.a.j.t.JMeterThread: Thread finished: Grupo de Hilos 1-1
2020-05-25 19:53:36,162 INFO o.a.j.t.JMeterThread: Thread finished: Grupo de Hilos 1-21
2020-05-25 19:53:36,226 INFO o.a.j.t.JMeterThread: Thread finished: Grupo de Hilos 1-27
2020-05-25 19:53:36,280 INFO o.a.j.t.JMeterThread: Thread finished: Grupo de Hilos 1-28
2020-05-25 19:53:36,295 INFO o.a.j.t.JMeterThread: Thread finished: Grupo de Hilos 1-10
2020-05-25 19:53:36,388 INFO o.a.j.t.JMeterThread: Thread finished: Grupo de Hilos 1-40
2020-05-25 19:53:36,543 INFO o.a.j.t.JMeterThread: Thread finished: Grupo de Hilos 1-16
2020-05-25 19:53:36,593 INFO o.a.j.t.JMeterThread: Thread finished: Grupo de Hilos 1-3
2020-05-25 19:53:36,603 INFO o.a.j.t.JMeterThread: Thread finished: Grupo de Hilos 1-12
2020-05-25 19:53:36,611 INFO o.a.j.t.JMeterThread: Thread finished: Grupo de Hilos 1-23
2020-05-25 19:53:36,634 INFO o.a.j.t.JMeterThread: Thread finished: Grupo de Hilos 1-11
2020-05-25 19:53:36,662 INFO o.a.j.t.JMeterThread: Thread finished: Grupo de Hilos 1-9
2020-05-25 19:53:36,667 INFO o.a.j.t.JMeterThread: Thread finished: Grupo de Hilos 1-25
2020-05-25 19:53:36,839 INFO o.a.j.t.JMeterThread: Thread finished: Grupo de Hilos 1-2
2020-05-25 19:53:36,940 INFO o.a.j.t.JMeterThread: Thread finished: Grupo de Hilos 1-38
2020-05-25 19:53:36,942 INFO o.a.j.t.JMeterThread: Thread finished: Grupo de Hilos 1-17
2020-05-25 19:53:36,946 INFO o.a.j.t.JMeterThread: Thread finished: Grupo de Hilos 1-5
2020-05-25 19:53:36,956 INFO o.a.j.t.JMeterThread: Thread finished: Grupo de Hilos 1-18
2020-05-25 19:53:36,974 INFO o.a.j.t.JMeterThread: Thread finished: Grupo de Hilos 1-13
2020-05-25 19:53:37,034 INFO o.a.j.t.JMeterThread: Thread finished: Grupo de Hilos 1-29
2020-05-25 19:53:37,044 INFO o.a.j.t.JMeterThread: Thread finished: Grupo de Hilos 1-30
2020-05-25 19:53:37,051 INFO o.a.j.t.JMeterThread: Thread finished: Grupo de Hilos 1-31
2020-05-25 19:53:37,063 INFO o.a.j.t.JMeterThread: Thread finished: Grupo de Hilos 1-24
2020-05-25 19:53:37,094 INFO o.a.j.t.JMeterThread: Thread finished: Grupo de Hilos 1-33
2020-05-25 19:53:37,115 INFO o.a.j.t.JMeterThread: Thread finished: Grupo de Hilos 1-37
2020-05-25 19:53:37,191 INFO o.a.j.t.JMeterThread: Thread finished: Grupo de Hilos 1-19
2020-05-25 19:53:37,200 INFO o.a.j.t.JMeterThread: Thread finished: Grupo de Hilos 1-14
2020-05-25 19:53:37,355 INFO o.a.j.t.JMeterThread: Thread finished: Grupo de Hilos 1-7
2020-05-25 19:53:37,606 INFO o.a.j.t.JMeterThread: Thread finished: Grupo de Hilos 1-6
2020-05-25 19:53:37,610 INFO o.a.j.t.JMeterThread: Thread finished: Grupo de Hilos 1-8
2020-05-25 19:53:37,695 INFO o.a.j.t.JMeterThread: Thread finished: Grupo de Hilos 1-26
2020-05-25 19:53:37,714 INFO o.a.j.t.JMeterThread: Thread finished: Grupo de Hilos 1-39
2020-05-25 19:53:37,841 INFO o.a.j.t.JMeterThread: Thread finished: Grupo de Hilos 1-20
2020-05-25 19:53:37,870 INFO o.a.j.t.JMeterThread: Thread finished: Grupo de Hilos 1-4
2020-05-25 19:53:37,882 INFO o.a.j.t.JMeterThread: Thread finished: Grupo de Hilos 1-32
2020-05-25 19:53:37,946 INFO o.a.j.t.JMeterThread: Thread finished: Grupo de Hilos 1-35
2020-05-25 19:53:37,952 INFO o.a.j.t.JMeterThread: Thread finished: Grupo de Hilos 1-15
2020-05-25 19:53:38,077 INFO o.a.j.t.JMeterThread: Thread finished: Grupo de Hilos 1-22
2020-05-25 19:53:38,104 INFO o.a.j.t.JMeterThread: Thread finished: Grupo de Hilos 1-36
2020-05-25 19:53:38,123 INFO o.a.j.t.JMeterThread: Thread finished: Grupo de Hilos 1-34
2020-05-25 19:53:38,123 INFO o.a.j.e.StandardJMeterEngine: Notifying test listeners of end of test
2020-05-25 19:53:38,127 INFO o.a.j.r.Summariser: summary +    159 in 00:00:08 =   19,6/s Avg:    31 Min:     8 Max:   202 Err:     0 (0,00%) Active: 0 Started: 40 Finished: 40
2020-05-25 19:53:38,128 INFO o.a.j.r.Summariser: summary =  11906 in 00:10:13 =   19,4/s Avg:    34 Min:     4 Max:   382 Err:     0 (0,00%)
