2020-05-25 20:05:08,475 INFO o.a.j.u.JMeterUtils: Setting Locale to es_ES
2020-05-25 20:05:08,504 INFO o.a.j.u.JMeterUtils: Could not find resources for 'es_ES', using 'es'
2020-05-25 20:05:08,506 INFO o.a.j.JMeter: Loading user properties from: /home/juaherr/Documentos/erss/practica_jmeter/jmeter/bin/user.properties
2020-05-25 20:05:08,508 INFO o.a.j.JMeter: Loading system properties from: /home/juaherr/Documentos/erss/practica_jmeter/jmeter/bin/system.properties
2020-05-25 20:05:08,509 INFO o.a.j.JMeter: Setting System property: THREADS=160
2020-05-25 20:05:08,509 INFO o.a.j.JMeter: Setting System property: RAMP_UP=52
2020-05-25 20:05:08,509 INFO o.a.j.JMeter: Setting System property: DURATION=652
2020-05-25 20:05:08,509 INFO o.a.j.JMeter: Setting System property: PERFMON=perfResultados160.jtl
2020-05-25 20:05:08,511 INFO o.a.j.JMeter: Copyright (c) 1998-2019 The Apache Software Foundation
2020-05-25 20:05:08,511 INFO o.a.j.JMeter: Version 5.2.1
2020-05-25 20:05:08,511 INFO o.a.j.JMeter: java.version=1.8.0_242
2020-05-25 20:05:08,511 INFO o.a.j.JMeter: java.vm.name=OpenJDK 64-Bit Server VM
2020-05-25 20:05:08,511 INFO o.a.j.JMeter: os.name=Linux
2020-05-25 20:05:08,511 INFO o.a.j.JMeter: os.arch=amd64
2020-05-25 20:05:08,511 INFO o.a.j.JMeter: os.version=5.4.28-gentoo-eii
2020-05-25 20:05:08,512 INFO o.a.j.JMeter: file.encoding=UTF-8
2020-05-25 20:05:08,512 INFO o.a.j.JMeter: java.awt.headless=true
2020-05-25 20:05:08,512 INFO o.a.j.JMeter: Max memory     =259522560
2020-05-25 20:05:08,512 INFO o.a.j.JMeter: Available Processors =1
2020-05-25 20:05:08,521 INFO o.a.j.JMeter: Default Locale=espa単ol (Espa単a)
2020-05-25 20:05:08,521 INFO o.a.j.JMeter: JMeter  Locale=espa単ol (Espa単a)
2020-05-25 20:05:08,521 INFO o.a.j.JMeter: JMeterHome=/home/juaherr/Documentos/erss/practica_jmeter/jmeter
2020-05-25 20:05:08,522 INFO o.a.j.JMeter: user.dir  =/home/juaherr/Documentos/erss/practica_jmeter/practica3/tarde
2020-05-25 20:05:08,522 INFO o.a.j.JMeter: PWD       =/home/juaherr/Documentos/erss/practica_jmeter/practica3/tarde
2020-05-25 20:05:08,522 INFO o.a.j.JMeter: IP: 157.88.125.192 Name: jair.lab.inf.uva.es FullName: jair.lab.inf.uva.es
2020-05-25 20:05:08,529 INFO o.a.j.s.FileServer: Default base='/home/juaherr/Documentos/erss/practica_jmeter/practica3/tarde'
2020-05-25 20:05:08,534 INFO o.a.j.s.FileServer: Set new base='/home/juaherr/Documentos/erss/practica_jmeter/practica3/tarde'
2020-05-25 20:05:08,692 INFO o.a.j.s.SaveService: Testplan (JMX) version: 2.2. Testlog (JTL) version: 2.2
2020-05-25 20:05:08,706 INFO o.a.j.s.SaveService: Using SaveService properties file encoding UTF-8
2020-05-25 20:05:08,715 INFO o.a.j.s.SaveService: Using SaveService properties version 5.0
2020-05-25 20:05:08,724 INFO o.a.j.s.SaveService: Loading file: modificar_stock.jmx
2020-05-25 20:05:08,770 INFO o.a.j.p.h.c.CookieManager: Settings: Delete null: true Check: true Allow variable: true Save: false Prefix: COOKIE_
2020-05-25 20:05:08,794 INFO o.a.j.p.h.s.HTTPSamplerBase: Parser for text/html is org.apache.jmeter.protocol.http.parser.LagartoBasedHtmlParser
2020-05-25 20:05:08,794 INFO o.a.j.p.h.s.HTTPSamplerBase: Parser for application/xhtml+xml is org.apache.jmeter.protocol.http.parser.LagartoBasedHtmlParser
2020-05-25 20:05:08,794 INFO o.a.j.p.h.s.HTTPSamplerBase: Parser for application/xml is org.apache.jmeter.protocol.http.parser.LagartoBasedHtmlParser
2020-05-25 20:05:08,795 INFO o.a.j.p.h.s.HTTPSamplerBase: Parser for text/xml is org.apache.jmeter.protocol.http.parser.LagartoBasedHtmlParser
2020-05-25 20:05:08,795 INFO o.a.j.p.h.s.HTTPSamplerBase: Parser for text/vnd.wap.wml is org.apache.jmeter.protocol.http.parser.RegexpHTMLParser
2020-05-25 20:05:08,795 INFO o.a.j.p.h.s.HTTPSamplerBase: Parser for text/css is org.apache.jmeter.protocol.http.parser.CssParser
2020-05-25 20:05:08,875 INFO o.a.j.JMeter: Creating summariser <summary>
2020-05-25 20:05:08,889 INFO o.a.j.e.StandardJMeterEngine: Running the test!
2020-05-25 20:05:08,890 INFO o.a.j.s.SampleEvent: List of sample_variables: []
2020-05-25 20:05:08,891 INFO o.a.j.s.SampleEvent: List of sample_variables: []
2020-05-25 20:05:08,897 INFO o.a.j.e.u.CompoundVariable: Note: Function class names must contain the string: '.functions.'
2020-05-25 20:05:08,898 INFO o.a.j.e.u.CompoundVariable: Note: Function class names must not contain the string: '.gui.'
2020-05-25 20:05:09,395 INFO o.a.j.JMeter: Test lanzado (1590429909395)
2020-05-25 20:05:09,429 INFO o.a.j.e.StandardJMeterEngine: Starting ThreadGroup: 1 : Grupo de Hilos
2020-05-25 20:05:09,429 INFO o.a.j.e.StandardJMeterEngine: Starting 160 threads for group Grupo de Hilos.
2020-05-25 20:05:09,429 INFO o.a.j.e.StandardJMeterEngine: Thread will continue on error
2020-05-25 20:05:09,430 INFO o.a.j.t.ThreadGroup: Starting thread group... number=1 threads=160 ramp-up=52 delayedStart=false
2020-05-25 20:05:09,452 INFO o.a.j.s.SampleResult: Note: Sample TimeStamps are START times
2020-05-25 20:05:09,452 INFO o.a.j.s.SampleResult: sampleresult.default.encoding is set to ISO-8859-1
2020-05-25 20:05:09,452 INFO o.a.j.s.SampleResult: sampleresult.useNanoTime=true
2020-05-25 20:05:09,452 INFO o.a.j.s.SampleResult: sampleresult.nanoThreadSleep=5000
2020-05-25 20:05:09,455 INFO o.a.j.t.JMeterThread: Thread started: Grupo de Hilos 1-1
2020-05-25 20:05:09,766 INFO o.a.j.t.JMeterThread: Thread started: Grupo de Hilos 1-2
2020-05-25 20:05:09,768 INFO o.a.j.t.ThreadGroup: Started thread group number 1
2020-05-25 20:05:09,768 INFO o.a.j.e.StandardJMeterEngine: All thread groups have been started
2020-05-25 20:05:10,090 INFO o.a.j.t.JMeterThread: Thread started: Grupo de Hilos 1-3
2020-05-25 20:05:10,422 INFO o.a.j.t.JMeterThread: Thread started: Grupo de Hilos 1-4
2020-05-25 20:05:10,735 INFO o.a.j.t.JMeterThread: Thread started: Grupo de Hilos 1-5
2020-05-25 20:05:11,059 INFO o.a.j.t.JMeterThread: Thread started: Grupo de Hilos 1-6
2020-05-25 20:05:11,384 INFO o.a.j.t.JMeterThread: Thread started: Grupo de Hilos 1-7
2020-05-25 20:05:11,490 INFO o.a.j.p.h.s.HTTPHCAbstractImpl: Local host = jair.lab.inf.uva.es
2020-05-25 20:05:11,525 INFO o.a.j.p.h.s.HTTPHC4Impl: HTTP request retry count = 0
2020-05-25 20:05:11,709 INFO o.a.j.t.JMeterThread: Thread started: Grupo de Hilos 1-8
2020-05-25 20:05:12,034 INFO o.a.j.t.JMeterThread: Thread started: Grupo de Hilos 1-9
2020-05-25 20:05:12,359 INFO o.a.j.t.JMeterThread: Thread started: Grupo de Hilos 1-10
2020-05-25 20:05:12,683 INFO o.a.j.t.JMeterThread: Thread started: Grupo de Hilos 1-11
2020-05-25 20:05:13,012 INFO o.a.j.t.JMeterThread: Thread started: Grupo de Hilos 1-12
2020-05-25 20:05:13,340 INFO o.a.j.t.JMeterThread: Thread started: Grupo de Hilos 1-13
2020-05-25 20:05:13,664 INFO o.a.j.t.JMeterThread: Thread started: Grupo de Hilos 1-14
2020-05-25 20:05:13,985 INFO o.a.j.t.JMeterThread: Thread started: Grupo de Hilos 1-15
2020-05-25 20:05:14,309 INFO o.a.j.t.JMeterThread: Thread started: Grupo de Hilos 1-16
2020-05-25 20:05:14,634 INFO o.a.j.t.JMeterThread: Thread started: Grupo de Hilos 1-17
2020-05-25 20:05:14,960 INFO o.a.j.t.JMeterThread: Thread started: Grupo de Hilos 1-18
2020-05-25 20:05:15,302 INFO o.a.j.t.JMeterThread: Thread started: Grupo de Hilos 1-19
2020-05-25 20:05:15,616 INFO o.a.j.t.JMeterThread: Thread started: Grupo de Hilos 1-20
2020-05-25 20:05:15,934 INFO o.a.j.t.JMeterThread: Thread started: Grupo de Hilos 1-21
2020-05-25 20:05:16,259 INFO o.a.j.t.JMeterThread: Thread started: Grupo de Hilos 1-22
2020-05-25 20:05:16,584 INFO o.a.j.t.JMeterThread: Thread started: Grupo de Hilos 1-23
2020-05-25 20:05:16,909 INFO o.a.j.t.JMeterThread: Thread started: Grupo de Hilos 1-24
2020-05-25 20:05:17,233 INFO o.a.j.t.JMeterThread: Thread started: Grupo de Hilos 1-25
2020-05-25 20:05:17,559 INFO o.a.j.t.JMeterThread: Thread started: Grupo de Hilos 1-26
2020-05-25 20:05:17,999 INFO o.a.j.t.JMeterThread: Thread started: Grupo de Hilos 1-27
2020-05-25 20:05:18,207 INFO o.a.j.t.JMeterThread: Thread started: Grupo de Hilos 1-28
2020-05-25 20:05:18,532 INFO o.a.j.t.JMeterThread: Thread started: Grupo de Hilos 1-29
2020-05-25 20:05:18,858 INFO o.a.j.t.JMeterThread: Thread started: Grupo de Hilos 1-30
2020-05-25 20:05:19,196 INFO o.a.j.t.JMeterThread: Thread started: Grupo de Hilos 1-31
2020-05-25 20:05:19,511 INFO o.a.j.t.JMeterThread: Thread started: Grupo de Hilos 1-32
2020-05-25 20:05:19,832 INFO o.a.j.t.JMeterThread: Thread started: Grupo de Hilos 1-33
2020-05-25 20:05:20,157 INFO o.a.j.t.JMeterThread: Thread started: Grupo de Hilos 1-34
2020-05-25 20:05:20,482 INFO o.a.j.t.JMeterThread: Thread started: Grupo de Hilos 1-35
2020-05-25 20:05:20,807 INFO o.a.j.t.JMeterThread: Thread started: Grupo de Hilos 1-36
2020-05-25 20:05:21,132 INFO o.a.j.t.JMeterThread: Thread started: Grupo de Hilos 1-37
2020-05-25 20:05:21,457 INFO o.a.j.t.JMeterThread: Thread started: Grupo de Hilos 1-38
2020-05-25 20:05:21,782 INFO o.a.j.t.JMeterThread: Thread started: Grupo de Hilos 1-39
2020-05-25 20:05:22,214 INFO o.a.j.t.JMeterThread: Thread started: Grupo de Hilos 1-40
2020-05-25 20:05:22,432 INFO o.a.j.t.JMeterThread: Thread started: Grupo de Hilos 1-41
2020-05-25 20:05:22,757 INFO o.a.j.t.JMeterThread: Thread started: Grupo de Hilos 1-42
2020-05-25 20:05:23,083 INFO o.a.j.t.JMeterThread: Thread started: Grupo de Hilos 1-43
2020-05-25 20:05:23,408 INFO o.a.j.t.JMeterThread: Thread started: Grupo de Hilos 1-44
2020-05-25 20:05:23,732 INFO o.a.j.t.JMeterThread: Thread started: Grupo de Hilos 1-45
2020-05-25 20:05:24,069 INFO o.a.j.t.JMeterThread: Thread started: Grupo de Hilos 1-46
2020-05-25 20:05:24,393 INFO o.a.j.t.JMeterThread: Thread started: Grupo de Hilos 1-47
2020-05-25 20:05:24,707 INFO o.a.j.t.JMeterThread: Thread started: Grupo de Hilos 1-48
2020-05-25 20:05:25,032 INFO o.a.j.t.JMeterThread: Thread started: Grupo de Hilos 1-49
2020-05-25 20:05:25,357 INFO o.a.j.t.JMeterThread: Thread started: Grupo de Hilos 1-50
2020-05-25 20:05:25,682 INFO o.a.j.t.JMeterThread: Thread started: Grupo de Hilos 1-51
2020-05-25 20:05:26,041 INFO o.a.j.t.JMeterThread: Thread started: Grupo de Hilos 1-52
2020-05-25 20:05:26,332 INFO o.a.j.t.JMeterThread: Thread started: Grupo de Hilos 1-53
2020-05-25 20:05:26,657 INFO o.a.j.t.JMeterThread: Thread started: Grupo de Hilos 1-54
2020-05-25 20:05:26,982 INFO o.a.j.t.JMeterThread: Thread started: Grupo de Hilos 1-55
2020-05-25 20:05:27,308 INFO o.a.j.t.JMeterThread: Thread started: Grupo de Hilos 1-56
2020-05-25 20:05:27,633 INFO o.a.j.t.JMeterThread: Thread started: Grupo de Hilos 1-57
2020-05-25 20:05:27,955 INFO o.a.j.t.JMeterThread: Thread started: Grupo de Hilos 1-58
2020-05-25 20:05:28,282 INFO o.a.j.t.JMeterThread: Thread started: Grupo de Hilos 1-59
2020-05-25 20:05:28,606 INFO o.a.j.t.JMeterThread: Thread started: Grupo de Hilos 1-60
2020-05-25 20:05:28,932 INFO o.a.j.t.JMeterThread: Thread started: Grupo de Hilos 1-61
2020-05-25 20:05:29,257 INFO o.a.j.t.JMeterThread: Thread started: Grupo de Hilos 1-62
2020-05-25 20:05:29,581 INFO o.a.j.t.JMeterThread: Thread started: Grupo de Hilos 1-63
2020-05-25 20:05:29,907 INFO o.a.j.t.JMeterThread: Thread started: Grupo de Hilos 1-64
2020-05-25 20:05:30,082 INFO o.a.j.r.Summariser: summary +    294 in 00:00:21 =   14,2/s Avg:    29 Min:     5 Max:   203 Err:     0 (0,00%) Active: 64 Started: 64 Finished: 0
2020-05-25 20:05:30,231 INFO o.a.j.t.JMeterThread: Thread started: Grupo de Hilos 1-65
2020-05-25 20:05:30,557 INFO o.a.j.t.JMeterThread: Thread started: Grupo de Hilos 1-66
2020-05-25 20:05:30,881 INFO o.a.j.t.JMeterThread: Thread started: Grupo de Hilos 1-67
2020-05-25 20:05:31,209 INFO o.a.j.t.JMeterThread: Thread started: Grupo de Hilos 1-68
2020-05-25 20:05:31,532 INFO o.a.j.t.JMeterThread: Thread started: Grupo de Hilos 1-69
2020-05-25 20:05:31,857 INFO o.a.j.t.JMeterThread: Thread started: Grupo de Hilos 1-70
2020-05-25 20:05:32,185 INFO o.a.j.t.JMeterThread: Thread started: Grupo de Hilos 1-71
2020-05-25 20:05:32,507 INFO o.a.j.t.JMeterThread: Thread started: Grupo de Hilos 1-72
2020-05-25 20:05:32,889 INFO o.a.j.t.JMeterThread: Thread started: Grupo de Hilos 1-73
2020-05-25 20:05:33,214 INFO o.a.j.t.JMeterThread: Thread started: Grupo de Hilos 1-74
2020-05-25 20:05:33,575 INFO o.a.j.t.JMeterThread: Thread started: Grupo de Hilos 1-75
2020-05-25 20:05:33,807 INFO o.a.j.t.JMeterThread: Thread started: Grupo de Hilos 1-76
2020-05-25 20:05:34,132 INFO o.a.j.t.JMeterThread: Thread started: Grupo de Hilos 1-77
2020-05-25 20:05:34,457 INFO o.a.j.t.JMeterThread: Thread started: Grupo de Hilos 1-78
2020-05-25 20:05:34,782 INFO o.a.j.t.JMeterThread: Thread started: Grupo de Hilos 1-79
2020-05-25 20:05:35,107 INFO o.a.j.t.JMeterThread: Thread started: Grupo de Hilos 1-80
2020-05-25 20:05:35,434 INFO o.a.j.t.JMeterThread: Thread started: Grupo de Hilos 1-81
2020-05-25 20:05:35,756 INFO o.a.j.t.JMeterThread: Thread started: Grupo de Hilos 1-82
2020-05-25 20:05:36,081 INFO o.a.j.t.JMeterThread: Thread started: Grupo de Hilos 1-83
2020-05-25 20:05:36,406 INFO o.a.j.t.JMeterThread: Thread started: Grupo de Hilos 1-84
2020-05-25 20:05:36,732 INFO o.a.j.t.JMeterThread: Thread started: Grupo de Hilos 1-85
2020-05-25 20:05:37,057 INFO o.a.j.t.JMeterThread: Thread started: Grupo de Hilos 1-86
2020-05-25 20:05:37,382 INFO o.a.j.t.JMeterThread: Thread started: Grupo de Hilos 1-87
2020-05-25 20:05:37,706 INFO o.a.j.t.JMeterThread: Thread started: Grupo de Hilos 1-88
2020-05-25 20:05:38,031 INFO o.a.j.t.JMeterThread: Thread started: Grupo de Hilos 1-89
2020-05-25 20:05:38,356 INFO o.a.j.t.JMeterThread: Thread started: Grupo de Hilos 1-90
2020-05-25 20:05:38,683 INFO o.a.j.t.JMeterThread: Thread started: Grupo de Hilos 1-91
2020-05-25 20:05:39,008 INFO o.a.j.t.JMeterThread: Thread started: Grupo de Hilos 1-92
2020-05-25 20:05:39,331 INFO o.a.j.t.JMeterThread: Thread started: Grupo de Hilos 1-93
2020-05-25 20:05:39,656 INFO o.a.j.t.JMeterThread: Thread started: Grupo de Hilos 1-94
2020-05-25 20:05:39,981 INFO o.a.j.t.JMeterThread: Thread started: Grupo de Hilos 1-95
2020-05-25 20:05:40,314 INFO o.a.j.t.JMeterThread: Thread started: Grupo de Hilos 1-96
2020-05-25 20:05:40,638 INFO o.a.j.t.JMeterThread: Thread started: Grupo de Hilos 1-97
2020-05-25 20:05:40,959 INFO o.a.j.t.JMeterThread: Thread started: Grupo de Hilos 1-98
2020-05-25 20:05:41,327 INFO o.a.j.t.JMeterThread: Thread started: Grupo de Hilos 1-99
2020-05-25 20:05:41,607 INFO o.a.j.t.JMeterThread: Thread started: Grupo de Hilos 1-100
2020-05-25 20:05:41,932 INFO o.a.j.t.JMeterThread: Thread started: Grupo de Hilos 1-101
2020-05-25 20:05:42,257 INFO o.a.j.t.JMeterThread: Thread started: Grupo de Hilos 1-102
2020-05-25 20:05:42,582 INFO o.a.j.t.JMeterThread: Thread started: Grupo de Hilos 1-103
2020-05-25 20:05:42,906 INFO o.a.j.t.JMeterThread: Thread started: Grupo de Hilos 1-104
2020-05-25 20:05:43,231 INFO o.a.j.t.JMeterThread: Thread started: Grupo de Hilos 1-105
2020-05-25 20:05:43,556 INFO o.a.j.t.JMeterThread: Thread started: Grupo de Hilos 1-106
2020-05-25 20:05:43,882 INFO o.a.j.t.JMeterThread: Thread started: Grupo de Hilos 1-107
2020-05-25 20:05:44,207 INFO o.a.j.t.JMeterThread: Thread started: Grupo de Hilos 1-108
2020-05-25 20:05:44,533 INFO o.a.j.t.JMeterThread: Thread started: Grupo de Hilos 1-109
2020-05-25 20:05:44,858 INFO o.a.j.t.JMeterThread: Thread started: Grupo de Hilos 1-110
2020-05-25 20:05:45,182 INFO o.a.j.t.JMeterThread: Thread started: Grupo de Hilos 1-111
2020-05-25 20:05:45,603 INFO o.a.j.t.JMeterThread: Thread started: Grupo de Hilos 1-112
2020-05-25 20:05:45,832 INFO o.a.j.t.JMeterThread: Thread started: Grupo de Hilos 1-113
2020-05-25 20:05:46,157 INFO o.a.j.t.JMeterThread: Thread started: Grupo de Hilos 1-114
2020-05-25 20:05:46,483 INFO o.a.j.t.JMeterThread: Thread started: Grupo de Hilos 1-115
2020-05-25 20:05:46,807 INFO o.a.j.t.JMeterThread: Thread started: Grupo de Hilos 1-116
2020-05-25 20:05:47,132 INFO o.a.j.t.JMeterThread: Thread started: Grupo de Hilos 1-117
2020-05-25 20:05:47,457 INFO o.a.j.t.JMeterThread: Thread started: Grupo de Hilos 1-118
2020-05-25 20:05:47,781 INFO o.a.j.t.JMeterThread: Thread started: Grupo de Hilos 1-119
2020-05-25 20:05:48,106 INFO o.a.j.t.JMeterThread: Thread started: Grupo de Hilos 1-120
2020-05-25 20:05:48,431 INFO o.a.j.t.JMeterThread: Thread started: Grupo de Hilos 1-121
2020-05-25 20:05:48,757 INFO o.a.j.t.JMeterThread: Thread started: Grupo de Hilos 1-122
2020-05-25 20:05:49,112 INFO o.a.j.t.JMeterThread: Thread started: Grupo de Hilos 1-123
2020-05-25 20:05:49,437 INFO o.a.j.t.JMeterThread: Thread started: Grupo de Hilos 1-124
2020-05-25 20:05:49,735 INFO o.a.j.t.JMeterThread: Thread started: Grupo de Hilos 1-125
2020-05-25 20:05:50,057 INFO o.a.j.t.JMeterThread: Thread started: Grupo de Hilos 1-126
2020-05-25 20:05:50,383 INFO o.a.j.t.JMeterThread: Thread started: Grupo de Hilos 1-127
2020-05-25 20:05:50,709 INFO o.a.j.t.JMeterThread: Thread started: Grupo de Hilos 1-128
2020-05-25 20:05:51,033 INFO o.a.j.t.JMeterThread: Thread started: Grupo de Hilos 1-129
2020-05-25 20:05:51,477 INFO o.a.j.t.JMeterThread: Thread started: Grupo de Hilos 1-130
2020-05-25 20:05:51,682 INFO o.a.j.t.JMeterThread: Thread started: Grupo de Hilos 1-131
2020-05-25 20:05:52,006 INFO o.a.j.t.JMeterThread: Thread started: Grupo de Hilos 1-132
2020-05-25 20:05:52,331 INFO o.a.j.t.JMeterThread: Thread started: Grupo de Hilos 1-133
2020-05-25 20:05:52,658 INFO o.a.j.t.JMeterThread: Thread started: Grupo de Hilos 1-134
2020-05-25 20:05:52,981 INFO o.a.j.t.JMeterThread: Thread started: Grupo de Hilos 1-135
2020-05-25 20:05:53,306 INFO o.a.j.t.JMeterThread: Thread started: Grupo de Hilos 1-136
2020-05-25 20:05:53,632 INFO o.a.j.t.JMeterThread: Thread started: Grupo de Hilos 1-137
2020-05-25 20:05:53,957 INFO o.a.j.t.JMeterThread: Thread started: Grupo de Hilos 1-138
2020-05-25 20:05:54,281 INFO o.a.j.t.JMeterThread: Thread started: Grupo de Hilos 1-139
2020-05-25 20:05:54,608 INFO o.a.j.t.JMeterThread: Thread started: Grupo de Hilos 1-140
2020-05-25 20:05:54,933 INFO o.a.j.t.JMeterThread: Thread started: Grupo de Hilos 1-141
2020-05-25 20:05:55,258 INFO o.a.j.t.JMeterThread: Thread started: Grupo de Hilos 1-142
2020-05-25 20:05:55,581 INFO o.a.j.t.JMeterThread: Thread started: Grupo de Hilos 1-143
2020-05-25 20:05:55,906 INFO o.a.j.t.JMeterThread: Thread started: Grupo de Hilos 1-144
2020-05-25 20:05:56,233 INFO o.a.j.t.JMeterThread: Thread started: Grupo de Hilos 1-145
2020-05-25 20:05:56,557 INFO o.a.j.t.JMeterThread: Thread started: Grupo de Hilos 1-146
2020-05-25 20:05:56,881 INFO o.a.j.t.JMeterThread: Thread started: Grupo de Hilos 1-147
2020-05-25 20:05:57,207 INFO o.a.j.t.JMeterThread: Thread started: Grupo de Hilos 1-148
2020-05-25 20:05:57,532 INFO o.a.j.t.JMeterThread: Thread started: Grupo de Hilos 1-149
2020-05-25 20:05:57,857 INFO o.a.j.t.JMeterThread: Thread started: Grupo de Hilos 1-150
2020-05-25 20:05:58,219 INFO o.a.j.t.JMeterThread: Thread started: Grupo de Hilos 1-151
2020-05-25 20:05:58,506 INFO o.a.j.t.JMeterThread: Thread started: Grupo de Hilos 1-152
2020-05-25 20:05:58,831 INFO o.a.j.t.JMeterThread: Thread started: Grupo de Hilos 1-153
2020-05-25 20:05:59,157 INFO o.a.j.t.JMeterThread: Thread started: Grupo de Hilos 1-154
2020-05-25 20:05:59,481 INFO o.a.j.t.JMeterThread: Thread started: Grupo de Hilos 1-155
2020-05-25 20:05:59,807 INFO o.a.j.t.JMeterThread: Thread started: Grupo de Hilos 1-156
2020-05-25 20:06:00,004 INFO o.a.j.r.Summariser: summary +   1563 in 00:00:30 =   52,2/s Avg:    43 Min:     4 Max:   338 Err:     0 (0,00%) Active: 156 Started: 156 Finished: 0
2020-05-25 20:06:00,005 INFO o.a.j.r.Summariser: summary =   1857 in 00:00:51 =   36,7/s Avg:    41 Min:     4 Max:   338 Err:     0 (0,00%)
2020-05-25 20:06:00,133 INFO o.a.j.t.JMeterThread: Thread started: Grupo de Hilos 1-157
2020-05-25 20:06:00,456 INFO o.a.j.t.JMeterThread: Thread started: Grupo de Hilos 1-158
2020-05-25 20:06:00,783 INFO o.a.j.t.JMeterThread: Thread started: Grupo de Hilos 1-159
2020-05-25 20:06:01,109 INFO o.a.j.t.JMeterThread: Thread started: Grupo de Hilos 1-160
2020-05-25 20:06:30,206 INFO o.a.j.r.Summariser: summary +   2199 in 00:00:30 =   72,8/s Avg:   182 Min:     4 Max:   549 Err:     0 (0,00%) Active: 160 Started: 160 Finished: 0
2020-05-25 20:06:30,207 INFO o.a.j.r.Summariser: summary =   4056 in 00:01:21 =   50,2/s Avg:   117 Min:     4 Max:   549 Err:     0 (0,00%)
2020-05-25 20:07:00,011 INFO o.a.j.r.Summariser: summary +   2170 in 00:00:30 =   72,8/s Avg:   195 Min:    23 Max:   746 Err:     0 (0,00%) Active: 160 Started: 160 Finished: 0
2020-05-25 20:07:00,011 INFO o.a.j.r.Summariser: summary =   6226 in 00:01:51 =   56,3/s Avg:   144 Min:     4 Max:   746 Err:     0 (0,00%)
2020-05-25 20:07:30,003 INFO o.a.j.r.Summariser: summary +   2199 in 00:00:30 =   73,3/s Avg:   188 Min:    22 Max:  1010 Err:     0 (0,00%) Active: 160 Started: 160 Finished: 0
2020-05-25 20:07:30,004 INFO o.a.j.r.Summariser: summary =   8425 in 00:02:21 =   59,9/s Avg:   156 Min:     4 Max:  1010 Err:     0 (0,00%)
2020-05-25 20:08:00,036 INFO o.a.j.r.Summariser: summary +   2167 in 00:00:30 =   72,2/s Avg:   201 Min:    14 Max:  1082 Err:     0 (0,00%) Active: 160 Started: 160 Finished: 0
2020-05-25 20:08:00,036 INFO o.a.j.r.Summariser: summary =  10592 in 00:02:51 =   62,1/s Avg:   165 Min:     4 Max:  1082 Err:     0 (0,00%)
2020-05-25 20:08:30,020 INFO o.a.j.r.Summariser: summary +   2174 in 00:00:30 =   72,5/s Avg:   200 Min:    22 Max:   759 Err:     0 (0,00%) Active: 160 Started: 160 Finished: 0
2020-05-25 20:08:30,021 INFO o.a.j.r.Summariser: summary =  12766 in 00:03:21 =   63,6/s Avg:   171 Min:     4 Max:  1082 Err:     0 (0,00%)
2020-05-25 20:09:00,006 INFO o.a.j.r.Summariser: summary +   2204 in 00:00:30 =   73,5/s Avg:   186 Min:    34 Max:   713 Err:     0 (0,00%) Active: 160 Started: 160 Finished: 0
2020-05-25 20:09:00,006 INFO o.a.j.r.Summariser: summary =  14970 in 00:03:51 =   64,9/s Avg:   173 Min:     4 Max:  1082 Err:     0 (0,00%)
2020-05-25 20:09:30,003 INFO o.a.j.r.Summariser: summary +   2157 in 00:00:30 =   71,9/s Avg:   218 Min:    15 Max:   989 Err:     0 (0,00%) Active: 160 Started: 160 Finished: 0
2020-05-25 20:09:30,004 INFO o.a.j.r.Summariser: summary =  17127 in 00:04:21 =   65,7/s Avg:   179 Min:     4 Max:  1082 Err:     0 (0,00%)
2020-05-25 20:10:00,009 INFO o.a.j.r.Summariser: summary +   2162 in 00:00:30 =   72,1/s Avg:   211 Min:    29 Max:  1065 Err:     0 (0,00%) Active: 160 Started: 160 Finished: 0
2020-05-25 20:10:00,010 INFO o.a.j.r.Summariser: summary =  19289 in 00:04:51 =   66,4/s Avg:   182 Min:     4 Max:  1082 Err:     0 (0,00%)
2020-05-25 20:10:30,039 INFO o.a.j.r.Summariser: summary +   2186 in 00:00:30 =   72,8/s Avg:   188 Min:    33 Max:   962 Err:     0 (0,00%) Active: 160 Started: 160 Finished: 0
2020-05-25 20:10:30,040 INFO o.a.j.r.Summariser: summary =  21475 in 00:05:21 =   67,0/s Avg:   183 Min:     4 Max:  1082 Err:     0 (0,00%)
2020-05-25 20:11:00,031 INFO o.a.j.r.Summariser: summary +   2172 in 00:00:30 =   72,4/s Avg:   209 Min:    38 Max:  1011 Err:     0 (0,00%) Active: 160 Started: 160 Finished: 0
2020-05-25 20:11:00,032 INFO o.a.j.r.Summariser: summary =  23647 in 00:05:51 =   67,4/s Avg:   185 Min:     4 Max:  1082 Err:     0 (0,00%)
2020-05-25 20:11:30,006 INFO o.a.j.r.Summariser: summary +   2169 in 00:00:30 =   72,4/s Avg:   213 Min:    21 Max:  1234 Err:     0 (0,00%) Active: 160 Started: 160 Finished: 0
2020-05-25 20:11:30,006 INFO o.a.j.r.Summariser: summary =  25816 in 00:06:21 =   67,8/s Avg:   188 Min:     4 Max:  1234 Err:     0 (0,00%)
2020-05-25 20:12:00,001 INFO o.a.j.r.Summariser: summary +   2131 in 00:00:30 =   71,0/s Avg:   251 Min:    31 Max:  1427 Err:     0 (0,00%) Active: 160 Started: 160 Finished: 0
2020-05-25 20:12:00,002 INFO o.a.j.r.Summariser: summary =  27947 in 00:06:51 =   68,1/s Avg:   193 Min:     4 Max:  1427 Err:     0 (0,00%)
2020-05-25 20:12:30,028 INFO o.a.j.r.Summariser: summary +   2143 in 00:00:30 =   71,4/s Avg:   235 Min:    23 Max:  1467 Err:     0 (0,00%) Active: 160 Started: 160 Finished: 0
2020-05-25 20:12:30,032 INFO o.a.j.r.Summariser: summary =  30090 in 00:07:21 =   68,3/s Avg:   196 Min:     4 Max:  1467 Err:     0 (0,00%)
2020-05-25 20:13:00,019 INFO o.a.j.r.Summariser: summary +   2115 in 00:00:30 =   70,5/s Avg:   279 Min:    27 Max:  2068 Err:     0 (0,00%) Active: 160 Started: 160 Finished: 0
2020-05-25 20:13:00,020 INFO o.a.j.r.Summariser: summary =  32205 in 00:07:51 =   68,4/s Avg:   201 Min:     4 Max:  2068 Err:     0 (0,00%)
2020-05-25 20:13:30,009 INFO o.a.j.r.Summariser: summary +   2098 in 00:00:30 =   70,0/s Avg:   266 Min:    19 Max:  2039 Err:     0 (0,00%) Active: 160 Started: 160 Finished: 0
2020-05-25 20:13:30,009 INFO o.a.j.r.Summariser: summary =  34303 in 00:08:21 =   68,5/s Avg:   205 Min:     4 Max:  2068 Err:     0 (0,00%)
2020-05-25 20:14:00,051 INFO o.a.j.r.Summariser: summary +   2054 in 00:00:30 =   68,4/s Avg:   346 Min:    24 Max:  2736 Err:     0 (0,00%) Active: 160 Started: 160 Finished: 0
2020-05-25 20:14:00,051 INFO o.a.j.r.Summariser: summary =  36357 in 00:08:51 =   68,5/s Avg:   213 Min:     4 Max:  2736 Err:     0 (0,00%)
2020-05-25 20:14:30,035 INFO o.a.j.r.Summariser: summary +   2062 in 00:00:30 =   68,8/s Avg:   357 Min:    23 Max:  2213 Err:     0 (0,00%) Active: 160 Started: 160 Finished: 0
2020-05-25 20:14:30,035 INFO o.a.j.r.Summariser: summary =  38419 in 00:09:21 =   68,5/s Avg:   221 Min:     4 Max:  2736 Err:     0 (0,00%)
2020-05-25 20:15:00,014 INFO o.a.j.r.Summariser: summary +   1958 in 00:00:30 =   65,3/s Avg:   417 Min:    22 Max:  3181 Err:     0 (0,00%) Active: 160 Started: 160 Finished: 0
2020-05-25 20:15:00,015 INFO o.a.j.r.Summariser: summary =  40377 in 00:09:51 =   68,4/s Avg:   230 Min:     4 Max:  3181 Err:     0 (0,00%)
2020-05-25 20:15:30,103 INFO o.a.j.r.Summariser: summary +   2032 in 00:00:30 =   67,5/s Avg:   363 Min:    13 Max:  2708 Err:     0 (0,00%) Active: 160 Started: 160 Finished: 0
2020-05-25 20:15:30,104 INFO o.a.j.r.Summariser: summary =  42409 in 00:10:21 =   68,3/s Avg:   236 Min:     4 Max:  3181 Err:     0 (0,00%)
2020-05-25 20:15:59,686 INFO o.a.j.t.JMeterThread: Thread finished: Grupo de Hilos 1-15
2020-05-25 20:15:59,697 INFO o.a.j.t.JMeterThread: Thread finished: Grupo de Hilos 1-103
2020-05-25 20:15:59,708 INFO o.a.j.t.JMeterThread: Thread finished: Grupo de Hilos 1-28
2020-05-25 20:15:59,765 INFO o.a.j.t.JMeterThread: Thread finished: Grupo de Hilos 1-72
2020-05-25 20:15:59,776 INFO o.a.j.t.JMeterThread: Thread finished: Grupo de Hilos 1-101
2020-05-25 20:15:59,781 INFO o.a.j.t.JMeterThread: Thread finished: Grupo de Hilos 1-44
2020-05-25 20:15:59,787 INFO o.a.j.t.JMeterThread: Thread finished: Grupo de Hilos 1-31
2020-05-25 20:15:59,803 INFO o.a.j.t.JMeterThread: Thread finished: Grupo de Hilos 1-117
2020-05-25 20:15:59,825 INFO o.a.j.t.JMeterThread: Thread finished: Grupo de Hilos 1-45
2020-05-25 20:15:59,828 INFO o.a.j.t.JMeterThread: Thread finished: Grupo de Hilos 1-10
2020-05-25 20:15:59,845 INFO o.a.j.t.JMeterThread: Thread finished: Grupo de Hilos 1-152
2020-05-25 20:15:59,862 INFO o.a.j.t.JMeterThread: Thread finished: Grupo de Hilos 1-120
2020-05-25 20:15:59,865 INFO o.a.j.t.JMeterThread: Thread finished: Grupo de Hilos 1-160
2020-05-25 20:15:59,884 INFO o.a.j.t.JMeterThread: Thread finished: Grupo de Hilos 1-14
2020-05-25 20:15:59,888 INFO o.a.j.t.JMeterThread: Thread finished: Grupo de Hilos 1-109
2020-05-25 20:15:59,904 INFO o.a.j.t.JMeterThread: Thread finished: Grupo de Hilos 1-30
2020-05-25 20:15:59,905 INFO o.a.j.t.JMeterThread: Thread finished: Grupo de Hilos 1-123
2020-05-25 20:15:59,951 INFO o.a.j.t.JMeterThread: Thread finished: Grupo de Hilos 1-37
2020-05-25 20:15:59,953 INFO o.a.j.t.JMeterThread: Thread finished: Grupo de Hilos 1-52
2020-05-25 20:15:59,954 INFO o.a.j.t.JMeterThread: Thread finished: Grupo de Hilos 1-58
2020-05-25 20:15:59,958 INFO o.a.j.t.JMeterThread: Thread finished: Grupo de Hilos 1-142
2020-05-25 20:15:59,972 INFO o.a.j.t.JMeterThread: Thread finished: Grupo de Hilos 1-107
2020-05-25 20:16:00,041 INFO o.a.j.r.Summariser: summary +   2047 in 00:00:30 =   68,4/s Avg:   355 Min:    14 Max:  2468 Err:     0 (0,00%) Active: 138 Started: 160 Finished: 22
2020-05-25 20:16:00,041 INFO o.a.j.r.Summariser: summary =  44456 in 00:10:51 =   68,3/s Avg:   242 Min:     4 Max:  3181 Err:     0 (0,00%)
2020-05-25 20:16:00,041 INFO o.a.j.t.JMeterThread: Thread finished: Grupo de Hilos 1-154
2020-05-25 20:16:00,080 INFO o.a.j.t.JMeterThread: Thread finished: Grupo de Hilos 1-82
2020-05-25 20:16:00,113 INFO o.a.j.t.JMeterThread: Thread finished: Grupo de Hilos 1-32
2020-05-25 20:16:00,150 INFO o.a.j.t.JMeterThread: Thread finished: Grupo de Hilos 1-4
2020-05-25 20:16:00,157 INFO o.a.j.t.JMeterThread: Thread finished: Grupo de Hilos 1-159
2020-05-25 20:16:00,321 INFO o.a.j.t.JMeterThread: Thread finished: Grupo de Hilos 1-23
2020-05-25 20:16:00,326 INFO o.a.j.t.JMeterThread: Thread finished: Grupo de Hilos 1-118
2020-05-25 20:16:00,328 INFO o.a.j.t.JMeterThread: Thread finished: Grupo de Hilos 1-96
2020-05-25 20:16:00,328 INFO o.a.j.t.JMeterThread: Thread finished: Grupo de Hilos 1-27
2020-05-25 20:16:00,329 INFO o.a.j.t.JMeterThread: Thread finished: Grupo de Hilos 1-129
2020-05-25 20:16:00,329 INFO o.a.j.t.JMeterThread: Thread finished: Grupo de Hilos 1-85
2020-05-25 20:16:00,333 INFO o.a.j.t.JMeterThread: Thread finished: Grupo de Hilos 1-128
2020-05-25 20:16:00,324 INFO o.a.j.t.JMeterThread: Thread finished: Grupo de Hilos 1-89
2020-05-25 20:16:00,333 INFO o.a.j.t.JMeterThread: Thread finished: Grupo de Hilos 1-57
2020-05-25 20:16:00,351 INFO o.a.j.t.JMeterThread: Thread finished: Grupo de Hilos 1-26
2020-05-25 20:16:00,361 INFO o.a.j.t.JMeterThread: Thread finished: Grupo de Hilos 1-22
2020-05-25 20:16:00,365 INFO o.a.j.t.JMeterThread: Thread finished: Grupo de Hilos 1-18
2020-05-25 20:16:00,367 INFO o.a.j.t.JMeterThread: Thread finished: Grupo de Hilos 1-36
2020-05-25 20:16:00,369 INFO o.a.j.t.JMeterThread: Thread finished: Grupo de Hilos 1-29
2020-05-25 20:16:00,371 INFO o.a.j.t.JMeterThread: Thread finished: Grupo de Hilos 1-158
2020-05-25 20:16:00,381 INFO o.a.j.t.JMeterThread: Thread finished: Grupo de Hilos 1-20
2020-05-25 20:16:00,382 INFO o.a.j.t.JMeterThread: Thread finished: Grupo de Hilos 1-157
2020-05-25 20:16:00,488 INFO o.a.j.t.JMeterThread: Thread finished: Grupo de Hilos 1-88
2020-05-25 20:16:00,493 INFO o.a.j.t.JMeterThread: Thread finished: Grupo de Hilos 1-19
2020-05-25 20:16:00,493 INFO o.a.j.t.JMeterThread: Thread finished: Grupo de Hilos 1-80
2020-05-25 20:16:00,503 INFO o.a.j.t.JMeterThread: Thread finished: Grupo de Hilos 1-83
2020-05-25 20:16:00,511 INFO o.a.j.t.JMeterThread: Thread finished: Grupo de Hilos 1-105
2020-05-25 20:16:00,559 INFO o.a.j.t.JMeterThread: Thread finished: Grupo de Hilos 1-110
2020-05-25 20:16:00,582 INFO o.a.j.t.JMeterThread: Thread finished: Grupo de Hilos 1-79
2020-05-25 20:16:00,604 INFO o.a.j.t.JMeterThread: Thread finished: Grupo de Hilos 1-13
2020-05-25 20:16:00,607 INFO o.a.j.t.JMeterThread: Thread finished: Grupo de Hilos 1-106
2020-05-25 20:16:00,675 INFO o.a.j.t.JMeterThread: Thread finished: Grupo de Hilos 1-93
2020-05-25 20:16:00,690 INFO o.a.j.t.JMeterThread: Thread finished: Grupo de Hilos 1-50
2020-05-25 20:16:00,728 INFO o.a.j.t.JMeterThread: Thread finished: Grupo de Hilos 1-38
2020-05-25 20:16:00,729 INFO o.a.j.t.JMeterThread: Thread finished: Grupo de Hilos 1-155
2020-05-25 20:16:00,738 INFO o.a.j.t.JMeterThread: Thread finished: Grupo de Hilos 1-71
2020-05-25 20:16:00,747 INFO o.a.j.t.JMeterThread: Thread finished: Grupo de Hilos 1-153
2020-05-25 20:16:00,747 INFO o.a.j.t.JMeterThread: Thread finished: Grupo de Hilos 1-47
2020-05-25 20:16:00,765 INFO o.a.j.t.JMeterThread: Thread finished: Grupo de Hilos 1-34
2020-05-25 20:16:00,785 INFO o.a.j.t.JMeterThread: Thread finished: Grupo de Hilos 1-126
2020-05-25 20:16:00,800 INFO o.a.j.t.JMeterThread: Thread finished: Grupo de Hilos 1-125
2020-05-25 20:16:00,803 INFO o.a.j.t.JMeterThread: Thread finished: Grupo de Hilos 1-46
2020-05-25 20:16:00,810 INFO o.a.j.t.JMeterThread: Thread finished: Grupo de Hilos 1-98
2020-05-25 20:16:00,817 INFO o.a.j.t.JMeterThread: Thread finished: Grupo de Hilos 1-81
2020-05-25 20:16:00,857 INFO o.a.j.t.JMeterThread: Thread finished: Grupo de Hilos 1-111
2020-05-25 20:16:00,887 INFO o.a.j.t.JMeterThread: Thread finished: Grupo de Hilos 1-17
2020-05-25 20:16:00,894 INFO o.a.j.t.JMeterThread: Thread finished: Grupo de Hilos 1-91
2020-05-25 20:16:00,910 INFO o.a.j.t.JMeterThread: Thread finished: Grupo de Hilos 1-90
2020-05-25 20:16:00,946 INFO o.a.j.t.JMeterThread: Thread finished: Grupo de Hilos 1-136
2020-05-25 20:16:00,955 INFO o.a.j.t.JMeterThread: Thread finished: Grupo de Hilos 1-134
2020-05-25 20:16:00,980 INFO o.a.j.t.JMeterThread: Thread finished: Grupo de Hilos 1-94
2020-05-25 20:16:01,022 INFO o.a.j.t.JMeterThread: Thread finished: Grupo de Hilos 1-132
2020-05-25 20:16:01,022 INFO o.a.j.t.JMeterThread: Thread finished: Grupo de Hilos 1-84
2020-05-25 20:16:01,034 INFO o.a.j.t.JMeterThread: Thread finished: Grupo de Hilos 1-121
2020-05-25 20:16:01,266 INFO o.a.j.t.JMeterThread: Thread finished: Grupo de Hilos 1-2
2020-05-25 20:16:01,288 INFO o.a.j.t.JMeterThread: Thread finished: Grupo de Hilos 1-114
2020-05-25 20:16:01,302 INFO o.a.j.t.JMeterThread: Thread finished: Grupo de Hilos 1-97
2020-05-25 20:16:01,460 INFO o.a.j.t.JMeterThread: Thread finished: Grupo de Hilos 1-100
2020-05-25 20:16:01,516 INFO o.a.j.t.JMeterThread: Thread finished: Grupo de Hilos 1-62
2020-05-25 20:16:01,522 INFO o.a.j.t.JMeterThread: Thread finished: Grupo de Hilos 1-102
2020-05-25 20:16:01,522 INFO o.a.j.t.JMeterThread: Thread finished: Grupo de Hilos 1-122
2020-05-25 20:16:01,523 INFO o.a.j.t.JMeterThread: Thread finished: Grupo de Hilos 1-40
2020-05-25 20:16:01,555 INFO o.a.j.t.JMeterThread: Thread finished: Grupo de Hilos 1-87
2020-05-25 20:16:01,608 INFO o.a.j.t.JMeterThread: Thread finished: Grupo de Hilos 1-131
2020-05-25 20:16:01,608 INFO o.a.j.t.JMeterThread: Stopping because end time detected by thread: Grupo de Hilos 1-42
2020-05-25 20:16:01,608 INFO o.a.j.t.JMeterThread: Thread finished: Grupo de Hilos 1-42
2020-05-25 20:16:01,609 INFO o.a.j.t.JMeterThread: Stopping because end time detected by thread: Grupo de Hilos 1-53
2020-05-25 20:16:01,609 INFO o.a.j.t.JMeterThread: Thread finished: Grupo de Hilos 1-53
2020-05-25 20:16:01,744 INFO o.a.j.t.JMeterThread: Stopping because end time detected by thread: Grupo de Hilos 1-92
2020-05-25 20:16:01,744 INFO o.a.j.t.JMeterThread: Thread finished: Grupo de Hilos 1-92
2020-05-25 20:16:01,751 INFO o.a.j.t.JMeterThread: Stopping because end time detected by thread: Grupo de Hilos 1-113
2020-05-25 20:16:01,751 INFO o.a.j.t.JMeterThread: Thread finished: Grupo de Hilos 1-113
2020-05-25 20:16:01,759 INFO o.a.j.t.JMeterThread: Stopping because end time detected by thread: Grupo de Hilos 1-124
2020-05-25 20:16:01,759 INFO o.a.j.t.JMeterThread: Thread finished: Grupo de Hilos 1-124
2020-05-25 20:16:01,771 INFO o.a.j.t.JMeterThread: Stopping because end time detected by thread: Grupo de Hilos 1-33
2020-05-25 20:16:01,772 INFO o.a.j.t.JMeterThread: Thread finished: Grupo de Hilos 1-33
2020-05-25 20:16:01,802 INFO o.a.j.t.JMeterThread: Stopping because end time detected by thread: Grupo de Hilos 1-51
2020-05-25 20:16:01,802 INFO o.a.j.t.JMeterThread: Thread finished: Grupo de Hilos 1-51
2020-05-25 20:16:01,810 INFO o.a.j.t.JMeterThread: Stopping because end time detected by thread: Grupo de Hilos 1-21
2020-05-25 20:16:01,810 INFO o.a.j.t.JMeterThread: Thread finished: Grupo de Hilos 1-21
2020-05-25 20:16:02,075 INFO o.a.j.t.JMeterThread: Stopping because end time detected by thread: Grupo de Hilos 1-86
2020-05-25 20:16:02,075 INFO o.a.j.t.JMeterThread: Thread finished: Grupo de Hilos 1-86
2020-05-25 20:16:02,312 INFO o.a.j.t.JMeterThread: Stopping because end time detected by thread: Grupo de Hilos 1-67
2020-05-25 20:16:02,312 INFO o.a.j.t.JMeterThread: Thread finished: Grupo de Hilos 1-67
2020-05-25 20:16:02,328 INFO o.a.j.t.JMeterThread: Stopping because end time detected by thread: Grupo de Hilos 1-24
2020-05-25 20:16:02,328 INFO o.a.j.t.JMeterThread: Thread finished: Grupo de Hilos 1-24
2020-05-25 20:16:02,532 INFO o.a.j.t.JMeterThread: Stopping because end time detected by thread: Grupo de Hilos 1-119
2020-05-25 20:16:02,533 INFO o.a.j.t.JMeterThread: Thread finished: Grupo de Hilos 1-119
2020-05-25 20:16:02,540 INFO o.a.j.t.JMeterThread: Stopping because end time detected by thread: Grupo de Hilos 1-112
2020-05-25 20:16:02,540 INFO o.a.j.t.JMeterThread: Thread finished: Grupo de Hilos 1-112
2020-05-25 20:16:02,546 INFO o.a.j.t.JMeterThread: Stopping because end time detected by thread: Grupo de Hilos 1-64
2020-05-25 20:16:02,546 INFO o.a.j.t.JMeterThread: Thread finished: Grupo de Hilos 1-64
2020-05-25 20:16:02,571 INFO o.a.j.t.JMeterThread: Stopping because end time detected by thread: Grupo de Hilos 1-137
2020-05-25 20:16:02,571 INFO o.a.j.t.JMeterThread: Thread finished: Grupo de Hilos 1-137
2020-05-25 20:16:02,605 INFO o.a.j.t.JMeterThread: Stopping because end time detected by thread: Grupo de Hilos 1-141
2020-05-25 20:16:02,605 INFO o.a.j.t.JMeterThread: Thread finished: Grupo de Hilos 1-141
2020-05-25 20:16:02,614 INFO o.a.j.t.JMeterThread: Stopping because end time detected by thread: Grupo de Hilos 1-70
2020-05-25 20:16:02,614 INFO o.a.j.t.JMeterThread: Thread finished: Grupo de Hilos 1-70
2020-05-25 20:16:02,620 INFO o.a.j.t.JMeterThread: Stopping because end time detected by thread: Grupo de Hilos 1-65
2020-05-25 20:16:02,620 INFO o.a.j.t.JMeterThread: Thread finished: Grupo de Hilos 1-65
2020-05-25 20:16:02,641 INFO o.a.j.t.JMeterThread: Stopping because end time detected by thread: Grupo de Hilos 1-61
2020-05-25 20:16:02,642 INFO o.a.j.t.JMeterThread: Thread finished: Grupo de Hilos 1-61
2020-05-25 20:16:02,660 INFO o.a.j.t.JMeterThread: Stopping because end time detected by thread: Grupo de Hilos 1-144
2020-05-25 20:16:02,660 INFO o.a.j.t.JMeterThread: Thread finished: Grupo de Hilos 1-144
2020-05-25 20:16:02,664 INFO o.a.j.t.JMeterThread: Stopping because end time detected by thread: Grupo de Hilos 1-3
2020-05-25 20:16:02,665 INFO o.a.j.t.JMeterThread: Thread finished: Grupo de Hilos 1-3
2020-05-25 20:16:02,670 INFO o.a.j.t.JMeterThread: Stopping because end time detected by thread: Grupo de Hilos 1-143
2020-05-25 20:16:02,670 INFO o.a.j.t.JMeterThread: Thread finished: Grupo de Hilos 1-143
2020-05-25 20:16:02,673 INFO o.a.j.t.JMeterThread: Stopping because end time detected by thread: Grupo de Hilos 1-133
2020-05-25 20:16:02,673 INFO o.a.j.t.JMeterThread: Thread finished: Grupo de Hilos 1-133
2020-05-25 20:16:02,681 INFO o.a.j.t.JMeterThread: Stopping because end time detected by thread: Grupo de Hilos 1-139
2020-05-25 20:16:02,681 INFO o.a.j.t.JMeterThread: Thread finished: Grupo de Hilos 1-139
2020-05-25 20:16:02,695 INFO o.a.j.t.JMeterThread: Stopping because end time detected by thread: Grupo de Hilos 1-78
2020-05-25 20:16:02,695 INFO o.a.j.t.JMeterThread: Thread finished: Grupo de Hilos 1-78
2020-05-25 20:16:02,695 INFO o.a.j.t.JMeterThread: Stopping because end time detected by thread: Grupo de Hilos 1-138
2020-05-25 20:16:02,695 INFO o.a.j.t.JMeterThread: Thread finished: Grupo de Hilos 1-138
2020-05-25 20:16:02,698 INFO o.a.j.t.JMeterThread: Stopping because end time detected by thread: Grupo de Hilos 1-41
2020-05-25 20:16:02,698 INFO o.a.j.t.JMeterThread: Thread finished: Grupo de Hilos 1-41
2020-05-25 20:16:02,706 INFO o.a.j.t.JMeterThread: Stopping because end time detected by thread: Grupo de Hilos 1-149
2020-05-25 20:16:02,706 INFO o.a.j.t.JMeterThread: Thread finished: Grupo de Hilos 1-149
2020-05-25 20:16:02,729 INFO o.a.j.t.JMeterThread: Stopping because end time detected by thread: Grupo de Hilos 1-115
2020-05-25 20:16:02,729 INFO o.a.j.t.JMeterThread: Thread finished: Grupo de Hilos 1-115
2020-05-25 20:16:02,737 INFO o.a.j.t.JMeterThread: Stopping because end time detected by thread: Grupo de Hilos 1-7
2020-05-25 20:16:02,737 INFO o.a.j.t.JMeterThread: Thread finished: Grupo de Hilos 1-7
2020-05-25 20:16:02,740 INFO o.a.j.t.JMeterThread: Stopping because end time detected by thread: Grupo de Hilos 1-60
2020-05-25 20:16:02,742 INFO o.a.j.t.JMeterThread: Stopping because end time detected by thread: Grupo de Hilos 1-9
2020-05-25 20:16:02,742 INFO o.a.j.t.JMeterThread: Thread finished: Grupo de Hilos 1-9
2020-05-25 20:16:02,765 INFO o.a.j.t.JMeterThread: Stopping because end time detected by thread: Grupo de Hilos 1-63
2020-05-25 20:16:02,765 INFO o.a.j.t.JMeterThread: Thread finished: Grupo de Hilos 1-63
2020-05-25 20:16:02,768 INFO o.a.j.t.JMeterThread: Stopping because end time detected by thread: Grupo de Hilos 1-54
2020-05-25 20:16:02,768 INFO o.a.j.t.JMeterThread: Thread finished: Grupo de Hilos 1-54
2020-05-25 20:16:02,778 INFO o.a.j.t.JMeterThread: Stopping because end time detected by thread: Grupo de Hilos 1-116
2020-05-25 20:16:02,778 INFO o.a.j.t.JMeterThread: Thread finished: Grupo de Hilos 1-116
2020-05-25 20:16:02,783 INFO o.a.j.t.JMeterThread: Stopping because end time detected by thread: Grupo de Hilos 1-59
2020-05-25 20:16:02,783 INFO o.a.j.t.JMeterThread: Thread finished: Grupo de Hilos 1-59
2020-05-25 20:16:02,827 INFO o.a.j.t.JMeterThread: Stopping because end time detected by thread: Grupo de Hilos 1-69
2020-05-25 20:16:02,827 INFO o.a.j.t.JMeterThread: Thread finished: Grupo de Hilos 1-69
2020-05-25 20:16:02,828 INFO o.a.j.t.JMeterThread: Stopping because end time detected by thread: Grupo de Hilos 1-48
2020-05-25 20:16:02,828 INFO o.a.j.t.JMeterThread: Thread finished: Grupo de Hilos 1-48
2020-05-25 20:16:02,829 INFO o.a.j.t.JMeterThread: Stopping because end time detected by thread: Grupo de Hilos 1-135
2020-05-25 20:16:02,829 INFO o.a.j.t.JMeterThread: Thread finished: Grupo de Hilos 1-135
2020-05-25 20:16:02,829 INFO o.a.j.t.JMeterThread: Stopping because end time detected by thread: Grupo de Hilos 1-77
2020-05-25 20:16:02,829 INFO o.a.j.t.JMeterThread: Thread finished: Grupo de Hilos 1-77
2020-05-25 20:16:02,830 INFO o.a.j.t.JMeterThread: Stopping because end time detected by thread: Grupo de Hilos 1-35
2020-05-25 20:16:02,830 INFO o.a.j.t.JMeterThread: Thread finished: Grupo de Hilos 1-35
2020-05-25 20:16:02,830 INFO o.a.j.t.JMeterThread: Stopping because end time detected by thread: Grupo de Hilos 1-108
2020-05-25 20:16:02,830 INFO o.a.j.t.JMeterThread: Stopping because end time detected by thread: Grupo de Hilos 1-43
2020-05-25 20:16:02,831 INFO o.a.j.t.JMeterThread: Stopping because end time detected by thread: Grupo de Hilos 1-151
2020-05-25 20:16:02,831 INFO o.a.j.t.JMeterThread: Stopping because end time detected by thread: Grupo de Hilos 1-145
2020-05-25 20:16:02,834 INFO o.a.j.t.JMeterThread: Stopping because end time detected by thread: Grupo de Hilos 1-73
2020-05-25 20:16:02,834 INFO o.a.j.t.JMeterThread: Thread finished: Grupo de Hilos 1-73
2020-05-25 20:16:02,834 INFO o.a.j.t.JMeterThread: Stopping because end time detected by thread: Grupo de Hilos 1-156
2020-05-25 20:16:02,834 INFO o.a.j.t.JMeterThread: Thread finished: Grupo de Hilos 1-156
2020-05-25 20:16:02,835 INFO o.a.j.t.JMeterThread: Thread finished: Grupo de Hilos 1-145
2020-05-25 20:16:02,835 INFO o.a.j.t.JMeterThread: Stopping because end time detected by thread: Grupo de Hilos 1-55
2020-05-25 20:16:02,835 INFO o.a.j.t.JMeterThread: Thread finished: Grupo de Hilos 1-55
2020-05-25 20:16:02,835 INFO o.a.j.t.JMeterThread: Thread finished: Grupo de Hilos 1-151
2020-05-25 20:16:02,835 INFO o.a.j.t.JMeterThread: Thread finished: Grupo de Hilos 1-43
2020-05-25 20:16:02,836 INFO o.a.j.t.JMeterThread: Stopping because end time detected by thread: Grupo de Hilos 1-140
2020-05-25 20:16:02,836 INFO o.a.j.t.JMeterThread: Thread finished: Grupo de Hilos 1-140
2020-05-25 20:16:02,836 INFO o.a.j.t.JMeterThread: Stopping because end time detected by thread: Grupo de Hilos 1-147
2020-05-25 20:16:02,837 INFO o.a.j.t.JMeterThread: Thread finished: Grupo de Hilos 1-147
2020-05-25 20:16:02,856 INFO o.a.j.t.JMeterThread: Stopping because end time detected by thread: Grupo de Hilos 1-12
2020-05-25 20:16:02,857 INFO o.a.j.t.JMeterThread: Thread finished: Grupo de Hilos 1-12
2020-05-25 20:16:02,857 INFO o.a.j.t.JMeterThread: Thread finished: Grupo de Hilos 1-108
2020-05-25 20:16:02,858 INFO o.a.j.t.JMeterThread: Stopping because end time detected by thread: Grupo de Hilos 1-6
2020-05-25 20:16:02,858 INFO o.a.j.t.JMeterThread: Stopping because end time detected by thread: Grupo de Hilos 1-95
2020-05-25 20:16:02,858 INFO o.a.j.t.JMeterThread: Thread finished: Grupo de Hilos 1-6
2020-05-25 20:16:02,740 INFO o.a.j.t.JMeterThread: Thread finished: Grupo de Hilos 1-60
2020-05-25 20:16:02,858 INFO o.a.j.t.JMeterThread: Thread finished: Grupo de Hilos 1-95
2020-05-25 20:16:02,860 INFO o.a.j.t.JMeterThread: Stopping because end time detected by thread: Grupo de Hilos 1-25
2020-05-25 20:16:02,860 INFO o.a.j.t.JMeterThread: Thread finished: Grupo de Hilos 1-25
2020-05-25 20:16:02,860 INFO o.a.j.t.JMeterThread: Stopping because end time detected by thread: Grupo de Hilos 1-1
2020-05-25 20:16:02,860 INFO o.a.j.t.JMeterThread: Thread finished: Grupo de Hilos 1-1
2020-05-25 20:16:02,862 INFO o.a.j.t.JMeterThread: Stopping because end time detected by thread: Grupo de Hilos 1-76
2020-05-25 20:16:02,862 INFO o.a.j.t.JMeterThread: Thread finished: Grupo de Hilos 1-76
2020-05-25 20:16:02,862 INFO o.a.j.t.JMeterThread: Stopping because end time detected by thread: Grupo de Hilos 1-104
2020-05-25 20:16:02,862 INFO o.a.j.t.JMeterThread: Thread finished: Grupo de Hilos 1-104
2020-05-25 20:16:02,863 INFO o.a.j.t.JMeterThread: Stopping because end time detected by thread: Grupo de Hilos 1-11
2020-05-25 20:16:02,863 INFO o.a.j.t.JMeterThread: Thread finished: Grupo de Hilos 1-11
2020-05-25 20:16:02,864 INFO o.a.j.t.JMeterThread: Stopping because end time detected by thread: Grupo de Hilos 1-75
2020-05-25 20:16:02,864 INFO o.a.j.t.JMeterThread: Thread finished: Grupo de Hilos 1-75
2020-05-25 20:16:02,864 INFO o.a.j.t.JMeterThread: Stopping because end time detected by thread: Grupo de Hilos 1-148
2020-05-25 20:16:02,865 INFO o.a.j.t.JMeterThread: Thread finished: Grupo de Hilos 1-148
2020-05-25 20:16:02,865 INFO o.a.j.t.JMeterThread: Stopping because end time detected by thread: Grupo de Hilos 1-16
2020-05-25 20:16:02,865 INFO o.a.j.t.JMeterThread: Thread finished: Grupo de Hilos 1-16
2020-05-25 20:16:02,866 INFO o.a.j.t.JMeterThread: Stopping because end time detected by thread: Grupo de Hilos 1-49
2020-05-25 20:16:02,866 INFO o.a.j.t.JMeterThread: Thread finished: Grupo de Hilos 1-49
2020-05-25 20:16:02,869 INFO o.a.j.t.JMeterThread: Stopping because end time detected by thread: Grupo de Hilos 1-66
2020-05-25 20:16:02,869 INFO o.a.j.t.JMeterThread: Thread finished: Grupo de Hilos 1-66
2020-05-25 20:16:02,870 INFO o.a.j.t.JMeterThread: Stopping because end time detected by thread: Grupo de Hilos 1-130
2020-05-25 20:16:02,870 INFO o.a.j.t.JMeterThread: Thread finished: Grupo de Hilos 1-130
2020-05-25 20:16:02,870 INFO o.a.j.t.JMeterThread: Stopping because end time detected by thread: Grupo de Hilos 1-127
2020-05-25 20:16:02,871 INFO o.a.j.t.JMeterThread: Thread finished: Grupo de Hilos 1-127
2020-05-25 20:16:02,874 INFO o.a.j.t.JMeterThread: Stopping because end time detected by thread: Grupo de Hilos 1-150
2020-05-25 20:16:02,874 INFO o.a.j.t.JMeterThread: Thread finished: Grupo de Hilos 1-150
2020-05-25 20:16:02,874 INFO o.a.j.t.JMeterThread: Stopping because end time detected by thread: Grupo de Hilos 1-74
2020-05-25 20:16:02,874 INFO o.a.j.t.JMeterThread: Thread finished: Grupo de Hilos 1-74
2020-05-25 20:16:02,875 INFO o.a.j.t.JMeterThread: Stopping because end time detected by thread: Grupo de Hilos 1-39
2020-05-25 20:16:02,875 INFO o.a.j.t.JMeterThread: Thread finished: Grupo de Hilos 1-39
2020-05-25 20:16:02,876 INFO o.a.j.t.JMeterThread: Stopping because end time detected by thread: Grupo de Hilos 1-146
2020-05-25 20:16:02,876 INFO o.a.j.t.JMeterThread: Thread finished: Grupo de Hilos 1-146
2020-05-25 20:16:02,876 INFO o.a.j.t.JMeterThread: Stopping because end time detected by thread: Grupo de Hilos 1-56
2020-05-25 20:16:02,876 INFO o.a.j.t.JMeterThread: Thread finished: Grupo de Hilos 1-56
2020-05-25 20:16:02,877 INFO o.a.j.t.JMeterThread: Stopping because end time detected by thread: Grupo de Hilos 1-99
2020-05-25 20:16:02,877 INFO o.a.j.t.JMeterThread: Stopping because end time detected by thread: Grupo de Hilos 1-5
2020-05-25 20:16:02,877 INFO o.a.j.t.JMeterThread: Thread finished: Grupo de Hilos 1-99
2020-05-25 20:16:02,877 INFO o.a.j.t.JMeterThread: Thread finished: Grupo de Hilos 1-5
2020-05-25 20:16:02,878 INFO o.a.j.t.JMeterThread: Stopping because end time detected by thread: Grupo de Hilos 1-68
2020-05-25 20:16:02,878 INFO o.a.j.t.JMeterThread: Thread finished: Grupo de Hilos 1-68
2020-05-25 20:16:02,879 INFO o.a.j.t.JMeterThread: Stopping because end time detected by thread: Grupo de Hilos 1-8
2020-05-25 20:16:02,880 INFO o.a.j.t.JMeterThread: Thread finished: Grupo de Hilos 1-8
2020-05-25 20:16:02,880 INFO o.a.j.e.StandardJMeterEngine: Notifying test listeners of end of test
2020-05-25 20:16:02,884 INFO o.a.j.r.Summariser: summary +    137 in 00:00:03 =   48,2/s Avg:   821 Min:     7 Max:  1831 Err:     0 (0,00%) Active: 0 Started: 160 Finished: 160
2020-05-25 20:16:02,884 INFO o.a.j.r.Summariser: summary =  44593 in 00:10:53 =   68,2/s Avg:   244 Min:     4 Max:  3181 Err:     0 (0,00%)
