2020-05-25 19:54:09,650 INFO o.a.j.u.JMeterUtils: Setting Locale to es_ES
2020-05-25 19:54:09,678 INFO o.a.j.u.JMeterUtils: Could not find resources for 'es_ES', using 'es'
2020-05-25 19:54:09,680 INFO o.a.j.JMeter: Loading user properties from: /home/juaherr/Documentos/erss/practica_jmeter/jmeter/bin/user.properties
2020-05-25 19:54:09,682 INFO o.a.j.JMeter: Loading system properties from: /home/juaherr/Documentos/erss/practica_jmeter/jmeter/bin/system.properties
2020-05-25 19:54:09,682 INFO o.a.j.JMeter: Setting System property: THREADS=80
2020-05-25 19:54:09,682 INFO o.a.j.JMeter: Setting System property: RAMP_UP=26
2020-05-25 19:54:09,683 INFO o.a.j.JMeter: Setting System property: DURATION=626
2020-05-25 19:54:09,683 INFO o.a.j.JMeter: Setting System property: PERFMON=perfResultados80.jtl
2020-05-25 19:54:09,684 INFO o.a.j.JMeter: Copyright (c) 1998-2019 The Apache Software Foundation
2020-05-25 19:54:09,684 INFO o.a.j.JMeter: Version 5.2.1
2020-05-25 19:54:09,684 INFO o.a.j.JMeter: java.version=1.8.0_242
2020-05-25 19:54:09,684 INFO o.a.j.JMeter: java.vm.name=OpenJDK 64-Bit Server VM
2020-05-25 19:54:09,684 INFO o.a.j.JMeter: os.name=Linux
2020-05-25 19:54:09,684 INFO o.a.j.JMeter: os.arch=amd64
2020-05-25 19:54:09,684 INFO o.a.j.JMeter: os.version=5.4.28-gentoo-eii
2020-05-25 19:54:09,685 INFO o.a.j.JMeter: file.encoding=UTF-8
2020-05-25 19:54:09,685 INFO o.a.j.JMeter: java.awt.headless=true
2020-05-25 19:54:09,685 INFO o.a.j.JMeter: Max memory     =259522560
2020-05-25 19:54:09,685 INFO o.a.j.JMeter: Available Processors =1
2020-05-25 19:54:09,693 INFO o.a.j.JMeter: Default Locale=espa単ol (Espa単a)
2020-05-25 19:54:09,693 INFO o.a.j.JMeter: JMeter  Locale=espa単ol (Espa単a)
2020-05-25 19:54:09,693 INFO o.a.j.JMeter: JMeterHome=/home/juaherr/Documentos/erss/practica_jmeter/jmeter
2020-05-25 19:54:09,693 INFO o.a.j.JMeter: user.dir  =/home/juaherr/Documentos/erss/practica_jmeter/practica3/tarde
2020-05-25 19:54:09,693 INFO o.a.j.JMeter: PWD       =/home/juaherr/Documentos/erss/practica_jmeter/practica3/tarde
2020-05-25 19:54:09,694 INFO o.a.j.JMeter: IP: 157.88.125.192 Name: jair.lab.inf.uva.es FullName: jair.lab.inf.uva.es
2020-05-25 19:54:09,699 INFO o.a.j.s.FileServer: Default base='/home/juaherr/Documentos/erss/practica_jmeter/practica3/tarde'
2020-05-25 19:54:09,704 INFO o.a.j.s.FileServer: Set new base='/home/juaherr/Documentos/erss/practica_jmeter/practica3/tarde'
2020-05-25 19:54:09,897 INFO o.a.j.s.SaveService: Testplan (JMX) version: 2.2. Testlog (JTL) version: 2.2
2020-05-25 19:54:09,914 INFO o.a.j.s.SaveService: Using SaveService properties file encoding UTF-8
2020-05-25 19:54:09,924 INFO o.a.j.s.SaveService: Using SaveService properties version 5.0
2020-05-25 19:54:09,933 INFO o.a.j.s.SaveService: Loading file: modificar_stock.jmx
2020-05-25 19:54:09,979 INFO o.a.j.p.h.c.CookieManager: Settings: Delete null: true Check: true Allow variable: true Save: false Prefix: COOKIE_
2020-05-25 19:54:10,001 INFO o.a.j.p.h.s.HTTPSamplerBase: Parser for text/html is org.apache.jmeter.protocol.http.parser.LagartoBasedHtmlParser
2020-05-25 19:54:10,001 INFO o.a.j.p.h.s.HTTPSamplerBase: Parser for application/xhtml+xml is org.apache.jmeter.protocol.http.parser.LagartoBasedHtmlParser
2020-05-25 19:54:10,001 INFO o.a.j.p.h.s.HTTPSamplerBase: Parser for application/xml is org.apache.jmeter.protocol.http.parser.LagartoBasedHtmlParser
2020-05-25 19:54:10,001 INFO o.a.j.p.h.s.HTTPSamplerBase: Parser for text/xml is org.apache.jmeter.protocol.http.parser.LagartoBasedHtmlParser
2020-05-25 19:54:10,002 INFO o.a.j.p.h.s.HTTPSamplerBase: Parser for text/vnd.wap.wml is org.apache.jmeter.protocol.http.parser.RegexpHTMLParser
2020-05-25 19:54:10,002 INFO o.a.j.p.h.s.HTTPSamplerBase: Parser for text/css is org.apache.jmeter.protocol.http.parser.CssParser
2020-05-25 19:54:10,077 INFO o.a.j.JMeter: Creating summariser <summary>
2020-05-25 19:54:10,087 INFO o.a.j.e.StandardJMeterEngine: Running the test!
2020-05-25 19:54:10,088 INFO o.a.j.s.SampleEvent: List of sample_variables: []
2020-05-25 19:54:10,088 INFO o.a.j.s.SampleEvent: List of sample_variables: []
2020-05-25 19:54:10,093 INFO o.a.j.e.u.CompoundVariable: Note: Function class names must contain the string: '.functions.'
2020-05-25 19:54:10,093 INFO o.a.j.e.u.CompoundVariable: Note: Function class names must not contain the string: '.gui.'
2020-05-25 19:54:10,565 INFO o.a.j.JMeter: Test lanzado (1590429250565)
2020-05-25 19:54:10,596 INFO o.a.j.e.StandardJMeterEngine: Starting ThreadGroup: 1 : Grupo de Hilos
2020-05-25 19:54:10,596 INFO o.a.j.e.StandardJMeterEngine: Starting 80 threads for group Grupo de Hilos.
2020-05-25 19:54:10,596 INFO o.a.j.e.StandardJMeterEngine: Thread will continue on error
2020-05-25 19:54:10,597 INFO o.a.j.t.ThreadGroup: Starting thread group... number=1 threads=80 ramp-up=26 delayedStart=false
2020-05-25 19:54:10,620 INFO o.a.j.s.SampleResult: Note: Sample TimeStamps are START times
2020-05-25 19:54:10,620 INFO o.a.j.s.SampleResult: sampleresult.default.encoding is set to ISO-8859-1
2020-05-25 19:54:10,620 INFO o.a.j.s.SampleResult: sampleresult.useNanoTime=true
2020-05-25 19:54:10,620 INFO o.a.j.s.SampleResult: sampleresult.nanoThreadSleep=5000
2020-05-25 19:54:10,628 INFO o.a.j.t.JMeterThread: Thread started: Grupo de Hilos 1-1
2020-05-25 19:54:10,850 INFO o.a.j.t.ThreadGroup: Started thread group number 1
2020-05-25 19:54:10,850 INFO o.a.j.e.StandardJMeterEngine: All thread groups have been started
2020-05-25 19:54:10,943 INFO o.a.j.t.JMeterThread: Thread started: Grupo de Hilos 1-2
2020-05-25 19:54:11,262 INFO o.a.j.t.JMeterThread: Thread started: Grupo de Hilos 1-3
2020-05-25 19:54:11,584 INFO o.a.j.t.JMeterThread: Thread started: Grupo de Hilos 1-4
2020-05-25 19:54:11,908 INFO o.a.j.t.JMeterThread: Thread started: Grupo de Hilos 1-5
2020-05-25 19:54:12,234 INFO o.a.j.t.JMeterThread: Thread started: Grupo de Hilos 1-6
2020-05-25 19:54:12,558 INFO o.a.j.t.JMeterThread: Thread started: Grupo de Hilos 1-7
2020-05-25 19:54:12,657 INFO o.a.j.p.h.s.HTTPHCAbstractImpl: Local host = jair.lab.inf.uva.es
2020-05-25 19:54:12,664 INFO o.a.j.p.h.s.HTTPHC4Impl: HTTP request retry count = 0
2020-05-25 19:54:12,885 INFO o.a.j.t.JMeterThread: Thread started: Grupo de Hilos 1-8
2020-05-25 19:54:13,207 INFO o.a.j.t.JMeterThread: Thread started: Grupo de Hilos 1-9
2020-05-25 19:54:13,532 INFO o.a.j.t.JMeterThread: Thread started: Grupo de Hilos 1-10
2020-05-25 19:54:13,854 INFO o.a.j.t.JMeterThread: Thread started: Grupo de Hilos 1-11
2020-05-25 19:54:14,176 INFO o.a.j.t.JMeterThread: Thread started: Grupo de Hilos 1-12
2020-05-25 19:54:14,502 INFO o.a.j.t.JMeterThread: Thread started: Grupo de Hilos 1-13
2020-05-25 19:54:14,827 INFO o.a.j.t.JMeterThread: Thread started: Grupo de Hilos 1-14
2020-05-25 19:54:15,150 INFO o.a.j.t.JMeterThread: Thread started: Grupo de Hilos 1-15
2020-05-25 19:54:15,477 INFO o.a.j.t.JMeterThread: Thread started: Grupo de Hilos 1-16
2020-05-25 19:54:15,803 INFO o.a.j.t.JMeterThread: Thread started: Grupo de Hilos 1-17
2020-05-25 19:54:16,126 INFO o.a.j.t.JMeterThread: Thread started: Grupo de Hilos 1-18
2020-05-25 19:54:16,458 INFO o.a.j.t.JMeterThread: Thread started: Grupo de Hilos 1-19
2020-05-25 19:54:16,785 INFO o.a.j.t.JMeterThread: Thread started: Grupo de Hilos 1-20
2020-05-25 19:54:17,102 INFO o.a.j.t.JMeterThread: Thread started: Grupo de Hilos 1-21
2020-05-25 19:54:17,428 INFO o.a.j.t.JMeterThread: Thread started: Grupo de Hilos 1-22
2020-05-25 19:54:17,752 INFO o.a.j.t.JMeterThread: Thread started: Grupo de Hilos 1-23
2020-05-25 19:54:18,075 INFO o.a.j.t.JMeterThread: Thread started: Grupo de Hilos 1-24
2020-05-25 19:54:18,400 INFO o.a.j.t.JMeterThread: Thread started: Grupo de Hilos 1-25
2020-05-25 19:54:18,725 INFO o.a.j.t.JMeterThread: Thread started: Grupo de Hilos 1-26
2020-05-25 19:54:19,051 INFO o.a.j.t.JMeterThread: Thread started: Grupo de Hilos 1-27
2020-05-25 19:54:19,375 INFO o.a.j.t.JMeterThread: Thread started: Grupo de Hilos 1-28
2020-05-25 19:54:19,700 INFO o.a.j.t.JMeterThread: Thread started: Grupo de Hilos 1-29
2020-05-25 19:54:20,025 INFO o.a.j.t.JMeterThread: Thread started: Grupo de Hilos 1-30
2020-05-25 19:54:20,350 INFO o.a.j.t.JMeterThread: Thread started: Grupo de Hilos 1-31
2020-05-25 19:54:20,679 INFO o.a.j.t.JMeterThread: Thread started: Grupo de Hilos 1-32
2020-05-25 19:54:21,000 INFO o.a.j.t.JMeterThread: Thread started: Grupo de Hilos 1-33
2020-05-25 19:54:21,325 INFO o.a.j.t.JMeterThread: Thread started: Grupo de Hilos 1-34
2020-05-25 19:54:21,650 INFO o.a.j.t.JMeterThread: Thread started: Grupo de Hilos 1-35
2020-05-25 19:54:21,975 INFO o.a.j.t.JMeterThread: Thread started: Grupo de Hilos 1-36
2020-05-25 19:54:22,300 INFO o.a.j.t.JMeterThread: Thread started: Grupo de Hilos 1-37
2020-05-25 19:54:22,624 INFO o.a.j.t.JMeterThread: Thread started: Grupo de Hilos 1-38
2020-05-25 19:54:22,950 INFO o.a.j.t.JMeterThread: Thread started: Grupo de Hilos 1-39
2020-05-25 19:54:23,275 INFO o.a.j.t.JMeterThread: Thread started: Grupo de Hilos 1-40
2020-05-25 19:54:23,600 INFO o.a.j.t.JMeterThread: Thread started: Grupo de Hilos 1-41
2020-05-25 19:54:23,924 INFO o.a.j.t.JMeterThread: Thread started: Grupo de Hilos 1-42
2020-05-25 19:54:24,249 INFO o.a.j.t.JMeterThread: Thread started: Grupo de Hilos 1-43
2020-05-25 19:54:24,575 INFO o.a.j.t.JMeterThread: Thread started: Grupo de Hilos 1-44
2020-05-25 19:54:24,900 INFO o.a.j.t.JMeterThread: Thread started: Grupo de Hilos 1-45
2020-05-25 19:54:25,236 INFO o.a.j.t.JMeterThread: Thread started: Grupo de Hilos 1-46
2020-05-25 19:54:25,561 INFO o.a.j.t.JMeterThread: Thread started: Grupo de Hilos 1-47
2020-05-25 19:54:25,874 INFO o.a.j.t.JMeterThread: Thread started: Grupo de Hilos 1-48
2020-05-25 19:54:26,199 INFO o.a.j.t.JMeterThread: Thread started: Grupo de Hilos 1-49
2020-05-25 19:54:26,524 INFO o.a.j.t.JMeterThread: Thread started: Grupo de Hilos 1-50
2020-05-25 19:54:26,946 INFO o.a.j.t.JMeterThread: Thread started: Grupo de Hilos 1-51
2020-05-25 19:54:27,174 INFO o.a.j.t.JMeterThread: Thread started: Grupo de Hilos 1-52
2020-05-25 19:54:27,507 INFO o.a.j.t.JMeterThread: Thread started: Grupo de Hilos 1-53
2020-05-25 19:54:27,824 INFO o.a.j.t.JMeterThread: Thread started: Grupo de Hilos 1-54
2020-05-25 19:54:28,150 INFO o.a.j.t.JMeterThread: Thread started: Grupo de Hilos 1-55
2020-05-25 19:54:28,473 INFO o.a.j.t.JMeterThread: Thread started: Grupo de Hilos 1-56
2020-05-25 19:54:28,800 INFO o.a.j.t.JMeterThread: Thread started: Grupo de Hilos 1-57
2020-05-25 19:54:29,126 INFO o.a.j.t.JMeterThread: Thread started: Grupo de Hilos 1-58
2020-05-25 19:54:29,450 INFO o.a.j.t.JMeterThread: Thread started: Grupo de Hilos 1-59
2020-05-25 19:54:29,774 INFO o.a.j.t.JMeterThread: Thread started: Grupo de Hilos 1-60
2020-05-25 19:54:30,018 INFO o.a.j.r.Summariser: summary +    258 in 00:00:19 =   13,3/s Avg:    42 Min:     6 Max:   221 Err:     0 (0,00%) Active: 60 Started: 60 Finished: 0
2020-05-25 19:54:30,100 INFO o.a.j.t.JMeterThread: Thread started: Grupo de Hilos 1-61
2020-05-25 19:54:30,425 INFO o.a.j.t.JMeterThread: Thread started: Grupo de Hilos 1-62
2020-05-25 19:54:30,751 INFO o.a.j.t.JMeterThread: Thread started: Grupo de Hilos 1-63
2020-05-25 19:54:31,076 INFO o.a.j.t.JMeterThread: Thread started: Grupo de Hilos 1-64
2020-05-25 19:54:31,398 INFO o.a.j.t.JMeterThread: Thread started: Grupo de Hilos 1-65
2020-05-25 19:54:31,724 INFO o.a.j.t.JMeterThread: Thread started: Grupo de Hilos 1-66
2020-05-25 19:54:32,050 INFO o.a.j.t.JMeterThread: Thread started: Grupo de Hilos 1-67
2020-05-25 19:54:32,375 INFO o.a.j.t.JMeterThread: Thread started: Grupo de Hilos 1-68
2020-05-25 19:54:32,700 INFO o.a.j.t.JMeterThread: Thread started: Grupo de Hilos 1-69
2020-05-25 19:54:33,025 INFO o.a.j.t.JMeterThread: Thread started: Grupo de Hilos 1-70
2020-05-25 19:54:33,350 INFO o.a.j.t.JMeterThread: Thread started: Grupo de Hilos 1-71
2020-05-25 19:54:33,676 INFO o.a.j.t.JMeterThread: Thread started: Grupo de Hilos 1-72
2020-05-25 19:54:34,056 INFO o.a.j.t.JMeterThread: Thread started: Grupo de Hilos 1-73
2020-05-25 19:54:34,385 INFO o.a.j.t.JMeterThread: Thread started: Grupo de Hilos 1-74
2020-05-25 19:54:34,648 INFO o.a.j.t.JMeterThread: Thread started: Grupo de Hilos 1-75
2020-05-25 19:54:34,974 INFO o.a.j.t.JMeterThread: Thread started: Grupo de Hilos 1-76
2020-05-25 19:54:35,299 INFO o.a.j.t.JMeterThread: Thread started: Grupo de Hilos 1-77
2020-05-25 19:54:35,631 INFO o.a.j.t.JMeterThread: Thread started: Grupo de Hilos 1-78
2020-05-25 19:54:35,949 INFO o.a.j.t.JMeterThread: Thread started: Grupo de Hilos 1-79
2020-05-25 19:54:36,275 INFO o.a.j.t.JMeterThread: Thread started: Grupo de Hilos 1-80
2020-05-25 19:55:00,123 INFO o.a.j.r.Summariser: summary +   1135 in 00:00:30 =   37,7/s Avg:    43 Min:     5 Max:   287 Err:     0 (0,00%) Active: 80 Started: 80 Finished: 0
2020-05-25 19:55:00,123 INFO o.a.j.r.Summariser: summary =   1393 in 00:00:50 =   28,1/s Avg:    43 Min:     5 Max:   287 Err:     0 (0,00%)
2020-05-25 19:55:30,001 INFO o.a.j.r.Summariser: summary +   1167 in 00:00:30 =   39,1/s Avg:    46 Min:     4 Max:   377 Err:     0 (0,00%) Active: 80 Started: 80 Finished: 0
2020-05-25 19:55:30,001 INFO o.a.j.r.Summariser: summary =   2560 in 00:01:19 =   32,2/s Avg:    44 Min:     4 Max:   377 Err:     0 (0,00%)
2020-05-25 19:56:00,049 INFO o.a.j.r.Summariser: summary +   1177 in 00:00:30 =   39,2/s Avg:    39 Min:     4 Max:   353 Err:     0 (0,00%) Active: 80 Started: 80 Finished: 0
2020-05-25 19:56:00,050 INFO o.a.j.r.Summariser: summary =   3737 in 00:01:49 =   34,1/s Avg:    43 Min:     4 Max:   377 Err:     0 (0,00%)
2020-05-25 19:56:30,003 INFO o.a.j.r.Summariser: summary +   1165 in 00:00:30 =   38,9/s Avg:    41 Min:     4 Max:   374 Err:     0 (0,00%) Active: 80 Started: 80 Finished: 0
2020-05-25 19:56:30,004 INFO o.a.j.r.Summariser: summary =   4902 in 00:02:19 =   35,2/s Avg:    42 Min:     4 Max:   377 Err:     0 (0,00%)
2020-05-25 19:57:00,053 INFO o.a.j.r.Summariser: summary +   1180 in 00:00:30 =   39,3/s Avg:    44 Min:     4 Max:   436 Err:     0 (0,00%) Active: 80 Started: 80 Finished: 0
2020-05-25 19:57:00,053 INFO o.a.j.r.Summariser: summary =   6082 in 00:02:49 =   35,9/s Avg:    43 Min:     4 Max:   436 Err:     0 (0,00%)
2020-05-25 19:57:30,236 INFO o.a.j.r.Summariser: summary +   1185 in 00:00:30 =   39,3/s Avg:    35 Min:     4 Max:   297 Err:     0 (0,00%) Active: 80 Started: 80 Finished: 0
2020-05-25 19:57:30,237 INFO o.a.j.r.Summariser: summary =   7267 in 00:03:20 =   36,4/s Avg:    42 Min:     4 Max:   436 Err:     0 (0,00%)
2020-05-25 19:58:00,079 INFO o.a.j.r.Summariser: summary +   1177 in 00:00:30 =   39,4/s Avg:    32 Min:     4 Max:   240 Err:     0 (0,00%) Active: 80 Started: 80 Finished: 0
2020-05-25 19:58:00,080 INFO o.a.j.r.Summariser: summary =   8444 in 00:03:50 =   36,8/s Avg:    40 Min:     4 Max:   436 Err:     0 (0,00%)
2020-05-25 19:58:30,014 INFO o.a.j.r.Summariser: summary +   1179 in 00:00:30 =   39,4/s Avg:    32 Min:     4 Max:   307 Err:     0 (0,00%) Active: 80 Started: 80 Finished: 0
2020-05-25 19:58:30,015 INFO o.a.j.r.Summariser: summary =   9623 in 00:04:19 =   37,1/s Avg:    39 Min:     4 Max:   436 Err:     0 (0,00%)
2020-05-25 19:59:00,007 INFO o.a.j.r.Summariser: summary +   1178 in 00:00:30 =   39,3/s Avg:    31 Min:     4 Max:   277 Err:     0 (0,00%) Active: 80 Started: 80 Finished: 0
2020-05-25 19:59:00,007 INFO o.a.j.r.Summariser: summary =  10801 in 00:04:49 =   37,3/s Avg:    38 Min:     4 Max:   436 Err:     0 (0,00%)
2020-05-25 19:59:30,005 INFO o.a.j.r.Summariser: summary +   1164 in 00:00:30 =   38,8/s Avg:    54 Min:     4 Max:   689 Err:     0 (0,00%) Active: 80 Started: 80 Finished: 0
2020-05-25 19:59:30,006 INFO o.a.j.r.Summariser: summary =  11965 in 00:05:19 =   37,5/s Avg:    40 Min:     4 Max:   689 Err:     0 (0,00%)
2020-05-25 20:00:00,033 INFO o.a.j.r.Summariser: summary +   1182 in 00:00:30 =   39,4/s Avg:    37 Min:     4 Max:   316 Err:     0 (0,00%) Active: 80 Started: 80 Finished: 0
2020-05-25 20:00:00,034 INFO o.a.j.r.Summariser: summary =  13147 in 00:05:49 =   37,6/s Avg:    40 Min:     4 Max:   689 Err:     0 (0,00%)
2020-05-25 20:00:30,001 INFO o.a.j.r.Summariser: summary +   1182 in 00:00:30 =   39,4/s Avg:    38 Min:     4 Max:   439 Err:     0 (0,00%) Active: 80 Started: 80 Finished: 0
2020-05-25 20:00:30,002 INFO o.a.j.r.Summariser: summary =  14329 in 00:06:19 =   37,8/s Avg:    40 Min:     4 Max:   689 Err:     0 (0,00%)
2020-05-25 20:01:00,019 INFO o.a.j.r.Summariser: summary +   1171 in 00:00:30 =   39,0/s Avg:    41 Min:     4 Max:   359 Err:     0 (0,00%) Active: 80 Started: 80 Finished: 0
2020-05-25 20:01:00,019 INFO o.a.j.r.Summariser: summary =  15500 in 00:06:49 =   37,9/s Avg:    40 Min:     4 Max:   689 Err:     0 (0,00%)
2020-05-25 20:01:30,079 INFO o.a.j.r.Summariser: summary +   1184 in 00:00:30 =   39,4/s Avg:    33 Min:     4 Max:   261 Err:     0 (0,00%) Active: 80 Started: 80 Finished: 0
2020-05-25 20:01:30,080 INFO o.a.j.r.Summariser: summary =  16684 in 00:07:20 =   38,0/s Avg:    39 Min:     4 Max:   689 Err:     0 (0,00%)
2020-05-25 20:02:00,009 INFO o.a.j.r.Summariser: summary +   1166 in 00:00:30 =   39,0/s Avg:    40 Min:     4 Max:   321 Err:     0 (0,00%) Active: 80 Started: 80 Finished: 0
2020-05-25 20:02:00,010 INFO o.a.j.r.Summariser: summary =  17850 in 00:07:49 =   38,0/s Avg:    39 Min:     4 Max:   689 Err:     0 (0,00%)
2020-05-25 20:02:30,003 INFO o.a.j.r.Summariser: summary +   1183 in 00:00:30 =   39,4/s Avg:    36 Min:     4 Max:   382 Err:     0 (0,00%) Active: 80 Started: 80 Finished: 0
2020-05-25 20:02:30,003 INFO o.a.j.r.Summariser: summary =  19033 in 00:08:19 =   38,1/s Avg:    39 Min:     4 Max:   689 Err:     0 (0,00%)
2020-05-25 20:03:00,016 INFO o.a.j.r.Summariser: summary +   1174 in 00:00:30 =   39,1/s Avg:    32 Min:     4 Max:   303 Err:     0 (0,00%) Active: 80 Started: 80 Finished: 0
2020-05-25 20:03:00,016 INFO o.a.j.r.Summariser: summary =  20207 in 00:08:49 =   38,2/s Avg:    39 Min:     4 Max:   689 Err:     0 (0,00%)
2020-05-25 20:03:30,075 INFO o.a.j.r.Summariser: summary +   1186 in 00:00:30 =   39,5/s Avg:    35 Min:     4 Max:   345 Err:     0 (0,00%) Active: 80 Started: 80 Finished: 0
2020-05-25 20:03:30,076 INFO o.a.j.r.Summariser: summary =  21393 in 00:09:20 =   38,2/s Avg:    38 Min:     4 Max:   689 Err:     0 (0,00%)
2020-05-25 20:04:00,007 INFO o.a.j.r.Summariser: summary +   1178 in 00:00:30 =   39,4/s Avg:    34 Min:     4 Max:   264 Err:     0 (0,00%) Active: 80 Started: 80 Finished: 0
2020-05-25 20:04:00,008 INFO o.a.j.r.Summariser: summary =  22571 in 00:09:49 =   38,3/s Avg:    38 Min:     4 Max:   689 Err:     0 (0,00%)
2020-05-25 20:04:30,023 INFO o.a.j.r.Summariser: summary +   1174 in 00:00:30 =   39,1/s Avg:    34 Min:     3 Max:   268 Err:     0 (0,00%) Active: 80 Started: 80 Finished: 0
2020-05-25 20:04:30,024 INFO o.a.j.r.Summariser: summary =  23745 in 00:10:19 =   38,3/s Avg:    38 Min:     3 Max:   689 Err:     0 (0,00%)
2020-05-25 20:04:34,639 INFO o.a.j.t.JMeterThread: Thread finished: Grupo de Hilos 1-1
2020-05-25 20:04:34,783 INFO o.a.j.t.JMeterThread: Thread finished: Grupo de Hilos 1-41
2020-05-25 20:04:34,785 INFO o.a.j.t.JMeterThread: Thread finished: Grupo de Hilos 1-4
2020-05-25 20:04:34,818 INFO o.a.j.t.JMeterThread: Thread finished: Grupo de Hilos 1-68
2020-05-25 20:04:34,831 INFO o.a.j.t.JMeterThread: Thread finished: Grupo de Hilos 1-73
2020-05-25 20:04:34,846 INFO o.a.j.t.JMeterThread: Thread finished: Grupo de Hilos 1-65
2020-05-25 20:04:34,857 INFO o.a.j.t.JMeterThread: Thread finished: Grupo de Hilos 1-55
2020-05-25 20:04:34,895 INFO o.a.j.t.JMeterThread: Thread finished: Grupo de Hilos 1-17
2020-05-25 20:04:35,006 INFO o.a.j.t.JMeterThread: Thread finished: Grupo de Hilos 1-70
2020-05-25 20:04:35,024 INFO o.a.j.t.JMeterThread: Thread finished: Grupo de Hilos 1-26
2020-05-25 20:04:35,092 INFO o.a.j.t.JMeterThread: Thread finished: Grupo de Hilos 1-60
2020-05-25 20:04:35,114 INFO o.a.j.t.JMeterThread: Thread finished: Grupo de Hilos 1-25
2020-05-25 20:04:35,140 INFO o.a.j.t.JMeterThread: Thread finished: Grupo de Hilos 1-6
2020-05-25 20:04:35,229 INFO o.a.j.t.JMeterThread: Thread finished: Grupo de Hilos 1-80
2020-05-25 20:04:35,239 INFO o.a.j.t.JMeterThread: Thread finished: Grupo de Hilos 1-8
2020-05-25 20:04:35,252 INFO o.a.j.t.JMeterThread: Thread finished: Grupo de Hilos 1-19
2020-05-25 20:04:35,261 INFO o.a.j.t.JMeterThread: Thread finished: Grupo de Hilos 1-23
2020-05-25 20:04:35,266 INFO o.a.j.t.JMeterThread: Thread finished: Grupo de Hilos 1-7
2020-05-25 20:04:35,381 INFO o.a.j.t.JMeterThread: Thread finished: Grupo de Hilos 1-79
2020-05-25 20:04:35,385 INFO o.a.j.t.JMeterThread: Thread finished: Grupo de Hilos 1-5
2020-05-25 20:04:35,421 INFO o.a.j.t.JMeterThread: Thread finished: Grupo de Hilos 1-63
2020-05-25 20:04:35,438 INFO o.a.j.t.JMeterThread: Thread finished: Grupo de Hilos 1-62
2020-05-25 20:04:35,451 INFO o.a.j.t.JMeterThread: Thread finished: Grupo de Hilos 1-67
2020-05-25 20:04:35,454 INFO o.a.j.t.JMeterThread: Thread finished: Grupo de Hilos 1-72
2020-05-25 20:04:35,466 INFO o.a.j.t.JMeterThread: Thread finished: Grupo de Hilos 1-31
2020-05-25 20:04:35,483 INFO o.a.j.t.JMeterThread: Thread finished: Grupo de Hilos 1-16
2020-05-25 20:04:35,507 INFO o.a.j.t.JMeterThread: Thread finished: Grupo de Hilos 1-36
2020-05-25 20:04:35,507 INFO o.a.j.t.JMeterThread: Thread finished: Grupo de Hilos 1-29
2020-05-25 20:04:35,522 INFO o.a.j.t.JMeterThread: Thread finished: Grupo de Hilos 1-9
2020-05-25 20:04:35,522 INFO o.a.j.t.JMeterThread: Thread finished: Grupo de Hilos 1-57
2020-05-25 20:04:35,525 INFO o.a.j.t.JMeterThread: Thread finished: Grupo de Hilos 1-52
2020-05-25 20:04:35,526 INFO o.a.j.t.JMeterThread: Thread finished: Grupo de Hilos 1-51
2020-05-25 20:04:35,598 INFO o.a.j.t.JMeterThread: Thread finished: Grupo de Hilos 1-77
2020-05-25 20:04:35,610 INFO o.a.j.t.JMeterThread: Thread finished: Grupo de Hilos 1-74
2020-05-25 20:04:35,612 INFO o.a.j.t.JMeterThread: Thread finished: Grupo de Hilos 1-15
2020-05-25 20:04:35,624 INFO o.a.j.t.JMeterThread: Thread finished: Grupo de Hilos 1-18
2020-05-25 20:04:35,649 INFO o.a.j.t.JMeterThread: Thread finished: Grupo de Hilos 1-22
2020-05-25 20:04:35,675 INFO o.a.j.t.JMeterThread: Thread finished: Grupo de Hilos 1-49
2020-05-25 20:04:35,684 INFO o.a.j.t.JMeterThread: Thread finished: Grupo de Hilos 1-50
2020-05-25 20:04:35,819 INFO o.a.j.t.JMeterThread: Thread finished: Grupo de Hilos 1-64
2020-05-25 20:04:35,823 INFO o.a.j.t.JMeterThread: Thread finished: Grupo de Hilos 1-34
2020-05-25 20:04:36,000 INFO o.a.j.t.JMeterThread: Thread finished: Grupo de Hilos 1-69
2020-05-25 20:04:36,003 INFO o.a.j.t.JMeterThread: Thread finished: Grupo de Hilos 1-35
2020-05-25 20:04:36,014 INFO o.a.j.t.JMeterThread: Thread finished: Grupo de Hilos 1-53
2020-05-25 20:04:36,036 INFO o.a.j.t.JMeterThread: Thread finished: Grupo de Hilos 1-32
2020-05-25 20:04:36,065 INFO o.a.j.t.JMeterThread: Thread finished: Grupo de Hilos 1-43
2020-05-25 20:04:36,128 INFO o.a.j.t.JMeterThread: Thread finished: Grupo de Hilos 1-75
2020-05-25 20:04:36,163 INFO o.a.j.t.JMeterThread: Thread finished: Grupo de Hilos 1-66
2020-05-25 20:04:36,177 INFO o.a.j.t.JMeterThread: Thread finished: Grupo de Hilos 1-27
2020-05-25 20:04:36,185 INFO o.a.j.t.JMeterThread: Thread finished: Grupo de Hilos 1-12
2020-05-25 20:04:36,222 INFO o.a.j.t.JMeterThread: Thread finished: Grupo de Hilos 1-78
2020-05-25 20:04:36,254 INFO o.a.j.t.JMeterThread: Thread finished: Grupo de Hilos 1-11
2020-05-25 20:04:36,281 INFO o.a.j.t.JMeterThread: Thread finished: Grupo de Hilos 1-48
2020-05-25 20:04:36,332 INFO o.a.j.t.JMeterThread: Thread finished: Grupo de Hilos 1-14
2020-05-25 20:04:36,343 INFO o.a.j.t.JMeterThread: Thread finished: Grupo de Hilos 1-20
2020-05-25 20:04:36,363 INFO o.a.j.t.JMeterThread: Thread finished: Grupo de Hilos 1-40
2020-05-25 20:04:36,391 INFO o.a.j.t.JMeterThread: Thread finished: Grupo de Hilos 1-28
2020-05-25 20:04:36,425 INFO o.a.j.t.JMeterThread: Thread finished: Grupo de Hilos 1-37
2020-05-25 20:04:36,447 INFO o.a.j.t.JMeterThread: Thread finished: Grupo de Hilos 1-2
2020-05-25 20:04:36,455 INFO o.a.j.t.JMeterThread: Thread finished: Grupo de Hilos 1-24
2020-05-25 20:04:36,463 INFO o.a.j.t.JMeterThread: Thread finished: Grupo de Hilos 1-30
2020-05-25 20:04:36,466 INFO o.a.j.t.JMeterThread: Thread finished: Grupo de Hilos 1-39
2020-05-25 20:04:36,498 INFO o.a.j.t.JMeterThread: Thread finished: Grupo de Hilos 1-33
2020-05-25 20:04:36,502 INFO o.a.j.t.JMeterThread: Thread finished: Grupo de Hilos 1-45
2020-05-25 20:04:36,548 INFO o.a.j.t.JMeterThread: Thread finished: Grupo de Hilos 1-42
2020-05-25 20:04:36,575 INFO o.a.j.t.JMeterThread: Thread finished: Grupo de Hilos 1-56
2020-05-25 20:04:36,596 INFO o.a.j.t.JMeterThread: Thread finished: Grupo de Hilos 1-59
2020-05-25 20:04:36,614 INFO o.a.j.t.JMeterThread: Thread finished: Grupo de Hilos 1-58
2020-05-25 20:04:36,626 INFO o.a.j.t.JMeterThread: Thread finished: Grupo de Hilos 1-61
2020-05-25 20:04:36,634 INFO o.a.j.t.JMeterThread: Thread finished: Grupo de Hilos 1-47
2020-05-25 20:04:36,634 INFO o.a.j.t.JMeterThread: Stopping because end time detected by thread: Grupo de Hilos 1-3
2020-05-25 20:04:36,634 INFO o.a.j.t.JMeterThread: Thread finished: Grupo de Hilos 1-3
2020-05-25 20:04:36,648 INFO o.a.j.t.JMeterThread: Thread finished: Grupo de Hilos 1-54
2020-05-25 20:04:36,649 INFO o.a.j.t.JMeterThread: Thread finished: Grupo de Hilos 1-44
2020-05-25 20:04:36,654 INFO o.a.j.t.JMeterThread: Thread finished: Grupo de Hilos 1-46
2020-05-25 20:04:36,666 INFO o.a.j.t.JMeterThread: Stopping because end time detected by thread: Grupo de Hilos 1-10
2020-05-25 20:04:36,666 INFO o.a.j.t.JMeterThread: Thread finished: Grupo de Hilos 1-10
2020-05-25 20:04:36,672 INFO o.a.j.t.JMeterThread: Thread finished: Grupo de Hilos 1-71
2020-05-25 20:04:36,678 INFO o.a.j.t.JMeterThread: Stopping because end time detected by thread: Grupo de Hilos 1-13
2020-05-25 20:04:36,678 INFO o.a.j.t.JMeterThread: Thread finished: Grupo de Hilos 1-13
2020-05-25 20:04:36,688 INFO o.a.j.t.JMeterThread: Stopping because end time detected by thread: Grupo de Hilos 1-21
2020-05-25 20:04:36,688 INFO o.a.j.t.JMeterThread: Thread finished: Grupo de Hilos 1-21
2020-05-25 20:04:36,691 INFO o.a.j.t.JMeterThread: Thread finished: Grupo de Hilos 1-38
2020-05-25 20:04:36,850 INFO o.a.j.t.JMeterThread: Stopping because end time detected by thread: Grupo de Hilos 1-76
2020-05-25 20:04:36,850 INFO o.a.j.t.JMeterThread: Thread finished: Grupo de Hilos 1-76
2020-05-25 20:04:36,850 INFO o.a.j.e.StandardJMeterEngine: Notifying test listeners of end of test
2020-05-25 20:04:36,854 INFO o.a.j.r.Summariser: summary +    274 in 00:00:07 =   40,1/s Avg:    33 Min:     4 Max:   223 Err:     0 (0,00%) Active: 0 Started: 80 Finished: 80
2020-05-25 20:04:36,855 INFO o.a.j.r.Summariser: summary =  24019 in 00:10:26 =   38,4/s Avg:    38 Min:     3 Max:   689 Err:     0 (0,00%)
