2020-05-25 11:22:31,834 INFO o.a.j.u.JMeterUtils: Setting Locale to es_ES
2020-05-25 11:22:31,863 INFO o.a.j.u.JMeterUtils: Could not find resources for 'es_ES', using 'es'
2020-05-25 11:22:31,865 INFO o.a.j.JMeter: Loading user properties from: /home/juaherr/Documentos/erss/practica_jmeter/jmeter/bin/user.properties
2020-05-25 11:22:31,867 INFO o.a.j.JMeter: Loading system properties from: /home/juaherr/Documentos/erss/practica_jmeter/jmeter/bin/system.properties
2020-05-25 11:22:31,867 INFO o.a.j.JMeter: Setting System property: THREADS=40
2020-05-25 11:22:31,867 INFO o.a.j.JMeter: Setting System property: RAMP_UP=13
2020-05-25 11:22:31,867 INFO o.a.j.JMeter: Setting System property: DURATION=613
2020-05-25 11:22:31,867 INFO o.a.j.JMeter: Setting System property: PERFMON=perfResultados40.jtl
2020-05-25 11:22:31,869 INFO o.a.j.JMeter: Copyright (c) 1998-2019 The Apache Software Foundation
2020-05-25 11:22:31,869 INFO o.a.j.JMeter: Version 5.2.1
2020-05-25 11:22:31,869 INFO o.a.j.JMeter: java.version=1.8.0_242
2020-05-25 11:22:31,870 INFO o.a.j.JMeter: java.vm.name=OpenJDK 64-Bit Server VM
2020-05-25 11:22:31,870 INFO o.a.j.JMeter: os.name=Linux
2020-05-25 11:22:31,870 INFO o.a.j.JMeter: os.arch=amd64
2020-05-25 11:22:31,870 INFO o.a.j.JMeter: os.version=5.4.28-gentoo-eii
2020-05-25 11:22:31,870 INFO o.a.j.JMeter: file.encoding=UTF-8
2020-05-25 11:22:31,870 INFO o.a.j.JMeter: java.awt.headless=true
2020-05-25 11:22:31,870 INFO o.a.j.JMeter: Max memory     =259522560
2020-05-25 11:22:31,870 INFO o.a.j.JMeter: Available Processors =1
2020-05-25 11:22:31,882 INFO o.a.j.JMeter: Default Locale=español (España)
2020-05-25 11:22:31,882 INFO o.a.j.JMeter: JMeter  Locale=español (España)
2020-05-25 11:22:31,882 INFO o.a.j.JMeter: JMeterHome=/home/juaherr/Documentos/erss/practica_jmeter/jmeter
2020-05-25 11:22:31,882 INFO o.a.j.JMeter: user.dir  =/home/juaherr/Documentos/erss/practica_jmeter/practica3/mañana
2020-05-25 11:22:31,883 INFO o.a.j.JMeter: PWD       =/home/juaherr/Documentos/erss/practica_jmeter/practica3/mañana
2020-05-25 11:22:31,883 INFO o.a.j.JMeter: IP: 157.88.125.192 Name: jair.lab.inf.uva.es FullName: jair.lab.inf.uva.es
2020-05-25 11:22:31,889 INFO o.a.j.s.FileServer: Default base='/home/juaherr/Documentos/erss/practica_jmeter/practica3/mañana'
2020-05-25 11:22:31,894 INFO o.a.j.s.FileServer: Set new base='/home/juaherr/Documentos/erss/practica_jmeter/practica3/mañana'
2020-05-25 11:22:32,063 INFO o.a.j.s.SaveService: Testplan (JMX) version: 2.2. Testlog (JTL) version: 2.2
2020-05-25 11:22:32,078 INFO o.a.j.s.SaveService: Using SaveService properties file encoding UTF-8
2020-05-25 11:22:32,086 INFO o.a.j.s.SaveService: Using SaveService properties version 5.0
2020-05-25 11:22:32,095 INFO o.a.j.s.SaveService: Loading file: modificar_stock.jmx
2020-05-25 11:22:32,139 INFO o.a.j.p.h.c.CookieManager: Settings: Delete null: true Check: true Allow variable: true Save: false Prefix: COOKIE_
2020-05-25 11:22:32,162 INFO o.a.j.p.h.s.HTTPSamplerBase: Parser for text/html is org.apache.jmeter.protocol.http.parser.LagartoBasedHtmlParser
2020-05-25 11:22:32,162 INFO o.a.j.p.h.s.HTTPSamplerBase: Parser for application/xhtml+xml is org.apache.jmeter.protocol.http.parser.LagartoBasedHtmlParser
2020-05-25 11:22:32,162 INFO o.a.j.p.h.s.HTTPSamplerBase: Parser for application/xml is org.apache.jmeter.protocol.http.parser.LagartoBasedHtmlParser
2020-05-25 11:22:32,162 INFO o.a.j.p.h.s.HTTPSamplerBase: Parser for text/xml is org.apache.jmeter.protocol.http.parser.LagartoBasedHtmlParser
2020-05-25 11:22:32,162 INFO o.a.j.p.h.s.HTTPSamplerBase: Parser for text/vnd.wap.wml is org.apache.jmeter.protocol.http.parser.RegexpHTMLParser
2020-05-25 11:22:32,162 INFO o.a.j.p.h.s.HTTPSamplerBase: Parser for text/css is org.apache.jmeter.protocol.http.parser.CssParser
2020-05-25 11:22:32,245 INFO o.a.j.JMeter: Creating summariser <summary>
2020-05-25 11:22:32,261 INFO o.a.j.e.StandardJMeterEngine: Running the test!
2020-05-25 11:22:32,262 INFO o.a.j.s.SampleEvent: List of sample_variables: []
2020-05-25 11:22:32,262 INFO o.a.j.s.SampleEvent: List of sample_variables: []
2020-05-25 11:22:32,268 INFO o.a.j.e.u.CompoundVariable: Note: Function class names must contain the string: '.functions.'
2020-05-25 11:22:32,268 INFO o.a.j.e.u.CompoundVariable: Note: Function class names must not contain the string: '.gui.'
2020-05-25 11:22:32,739 INFO o.a.j.JMeter: Test lanzado (1590398552738)
2020-05-25 11:22:32,771 INFO o.a.j.e.StandardJMeterEngine: Starting ThreadGroup: 1 : Grupo de Hilos
2020-05-25 11:22:32,771 INFO o.a.j.e.StandardJMeterEngine: Starting 40 threads for group Grupo de Hilos.
2020-05-25 11:22:32,771 INFO o.a.j.e.StandardJMeterEngine: Thread will continue on error
2020-05-25 11:22:32,772 INFO o.a.j.t.ThreadGroup: Starting thread group... number=1 threads=40 ramp-up=13 delayedStart=false
2020-05-25 11:22:32,791 INFO o.a.j.s.SampleResult: Note: Sample TimeStamps are START times
2020-05-25 11:22:32,791 INFO o.a.j.s.SampleResult: sampleresult.default.encoding is set to ISO-8859-1
2020-05-25 11:22:32,791 INFO o.a.j.s.SampleResult: sampleresult.useNanoTime=true
2020-05-25 11:22:32,791 INFO o.a.j.s.SampleResult: sampleresult.nanoThreadSleep=5000
2020-05-25 11:22:32,802 INFO o.a.j.t.JMeterThread: Thread started: Grupo de Hilos 1-1
2020-05-25 11:22:32,884 INFO o.a.j.t.ThreadGroup: Started thread group number 1
2020-05-25 11:22:32,884 INFO o.a.j.e.StandardJMeterEngine: All thread groups have been started
2020-05-25 11:22:33,118 INFO o.a.j.t.JMeterThread: Thread started: Grupo de Hilos 1-2
2020-05-25 11:22:33,440 INFO o.a.j.t.JMeterThread: Thread started: Grupo de Hilos 1-3
2020-05-25 11:22:33,762 INFO o.a.j.t.JMeterThread: Thread started: Grupo de Hilos 1-4
2020-05-25 11:22:34,088 INFO o.a.j.t.JMeterThread: Thread started: Grupo de Hilos 1-5
2020-05-25 11:22:34,410 INFO o.a.j.t.JMeterThread: Thread started: Grupo de Hilos 1-6
2020-05-25 11:22:34,734 INFO o.a.j.t.JMeterThread: Thread started: Grupo de Hilos 1-7
2020-05-25 11:22:34,845 INFO o.a.j.p.h.s.HTTPHCAbstractImpl: Local host = jair.lab.inf.uva.es
2020-05-25 11:22:34,852 INFO o.a.j.p.h.s.HTTPHC4Impl: HTTP request retry count = 0
2020-05-25 11:22:34,985 INFO o.a.j.r.Summariser: summary +      1 in 00:00:02 =    0,4/s Avg:    68 Min:    68 Max:    68 Err:     0 (0,00%) Active: 7 Started: 7 Finished: 0
2020-05-25 11:22:35,066 INFO o.a.j.t.JMeterThread: Thread started: Grupo de Hilos 1-8
2020-05-25 11:22:35,382 INFO o.a.j.t.JMeterThread: Thread started: Grupo de Hilos 1-9
2020-05-25 11:22:35,703 INFO o.a.j.t.JMeterThread: Thread started: Grupo de Hilos 1-10
2020-05-25 11:22:36,028 INFO o.a.j.t.JMeterThread: Thread started: Grupo de Hilos 1-11
2020-05-25 11:22:36,356 INFO o.a.j.t.JMeterThread: Thread started: Grupo de Hilos 1-12
2020-05-25 11:22:36,682 INFO o.a.j.t.JMeterThread: Thread started: Grupo de Hilos 1-13
2020-05-25 11:22:37,004 INFO o.a.j.t.JMeterThread: Thread started: Grupo de Hilos 1-14
2020-05-25 11:22:37,328 INFO o.a.j.t.JMeterThread: Thread started: Grupo de Hilos 1-15
2020-05-25 11:22:37,653 INFO o.a.j.t.JMeterThread: Thread started: Grupo de Hilos 1-16
2020-05-25 11:22:37,979 INFO o.a.j.t.JMeterThread: Thread started: Grupo de Hilos 1-17
2020-05-25 11:22:38,301 INFO o.a.j.t.JMeterThread: Thread started: Grupo de Hilos 1-18
2020-05-25 11:22:38,638 INFO o.a.j.t.JMeterThread: Thread started: Grupo de Hilos 1-19
2020-05-25 11:22:38,963 INFO o.a.j.t.JMeterThread: Thread started: Grupo de Hilos 1-20
2020-05-25 11:22:39,274 INFO o.a.j.t.JMeterThread: Thread started: Grupo de Hilos 1-21
2020-05-25 11:22:39,606 INFO o.a.j.t.JMeterThread: Thread started: Grupo de Hilos 1-22
2020-05-25 11:22:39,926 INFO o.a.j.t.JMeterThread: Thread started: Grupo de Hilos 1-23
2020-05-25 11:22:40,249 INFO o.a.j.t.JMeterThread: Thread started: Grupo de Hilos 1-24
2020-05-25 11:22:40,575 INFO o.a.j.t.JMeterThread: Thread started: Grupo de Hilos 1-25
2020-05-25 11:22:40,900 INFO o.a.j.t.JMeterThread: Thread started: Grupo de Hilos 1-26
2020-05-25 11:22:41,224 INFO o.a.j.t.JMeterThread: Thread started: Grupo de Hilos 1-27
2020-05-25 11:22:41,549 INFO o.a.j.t.JMeterThread: Thread started: Grupo de Hilos 1-28
2020-05-25 11:22:41,875 INFO o.a.j.t.JMeterThread: Thread started: Grupo de Hilos 1-29
2020-05-25 11:22:42,199 INFO o.a.j.t.JMeterThread: Thread started: Grupo de Hilos 1-30
2020-05-25 11:22:42,524 INFO o.a.j.t.JMeterThread: Thread started: Grupo de Hilos 1-31
2020-05-25 11:22:42,854 INFO o.a.j.t.JMeterThread: Thread started: Grupo de Hilos 1-32
2020-05-25 11:22:43,174 INFO o.a.j.t.JMeterThread: Thread started: Grupo de Hilos 1-33
2020-05-25 11:22:43,499 INFO o.a.j.t.JMeterThread: Thread started: Grupo de Hilos 1-34
2020-05-25 11:22:43,823 INFO o.a.j.t.JMeterThread: Thread started: Grupo de Hilos 1-35
2020-05-25 11:22:44,154 INFO o.a.j.t.JMeterThread: Thread started: Grupo de Hilos 1-36
2020-05-25 11:22:44,473 INFO o.a.j.t.JMeterThread: Thread started: Grupo de Hilos 1-37
2020-05-25 11:22:44,800 INFO o.a.j.t.JMeterThread: Thread started: Grupo de Hilos 1-38
2020-05-25 11:22:45,124 INFO o.a.j.t.JMeterThread: Thread started: Grupo de Hilos 1-39
2020-05-25 11:22:45,449 INFO o.a.j.t.JMeterThread: Thread started: Grupo de Hilos 1-40
2020-05-25 11:23:00,097 INFO o.a.j.r.Summariser: summary +    392 in 00:00:25 =   15,6/s Avg:    28 Min:     5 Max:   177 Err:     0 (0,00%) Active: 40 Started: 40 Finished: 0
2020-05-25 11:23:00,097 INFO o.a.j.r.Summariser: summary =    393 in 00:00:27 =   14,4/s Avg:    28 Min:     5 Max:   177 Err:     0 (0,00%)
2020-05-25 11:23:30,064 INFO o.a.j.r.Summariser: summary +    595 in 00:00:30 =   19,9/s Avg:    22 Min:     4 Max:   204 Err:     0 (0,00%) Active: 40 Started: 40 Finished: 0
2020-05-25 11:23:30,065 INFO o.a.j.r.Summariser: summary =    988 in 00:00:57 =   17,2/s Avg:    24 Min:     4 Max:   204 Err:     0 (0,00%)
2020-05-25 11:24:00,021 INFO o.a.j.r.Summariser: summary +    587 in 00:00:30 =   19,6/s Avg:    26 Min:     4 Max:   165 Err:     0 (0,00%) Active: 40 Started: 40 Finished: 0
2020-05-25 11:24:00,021 INFO o.a.j.r.Summariser: summary =   1575 in 00:01:27 =   18,0/s Avg:    25 Min:     4 Max:   204 Err:     0 (0,00%)
2020-05-25 11:24:30,160 INFO o.a.j.r.Summariser: summary +    595 in 00:00:30 =   19,7/s Avg:    24 Min:     4 Max:   228 Err:     0 (0,00%) Active: 40 Started: 40 Finished: 0
2020-05-25 11:24:30,160 INFO o.a.j.r.Summariser: summary =   2170 in 00:01:57 =   18,5/s Avg:    25 Min:     4 Max:   228 Err:     0 (0,00%)
2020-05-25 11:25:00,178 INFO o.a.j.r.Summariser: summary +    593 in 00:00:30 =   19,8/s Avg:    27 Min:     4 Max:   284 Err:     0 (0,00%) Active: 40 Started: 40 Finished: 0
2020-05-25 11:25:00,178 INFO o.a.j.r.Summariser: summary =   2763 in 00:02:27 =   18,7/s Avg:    25 Min:     4 Max:   284 Err:     0 (0,00%)
2020-05-25 11:25:30,000 INFO o.a.j.r.Summariser: summary +    591 in 00:00:30 =   19,8/s Avg:    28 Min:     4 Max:   251 Err:     0 (0,00%) Active: 40 Started: 40 Finished: 0
2020-05-25 11:25:30,001 INFO o.a.j.r.Summariser: summary =   3354 in 00:02:57 =   18,9/s Avg:    26 Min:     4 Max:   284 Err:     0 (0,00%)
2020-05-25 11:26:00,162 INFO o.a.j.r.Summariser: summary +    590 in 00:00:30 =   19,6/s Avg:    26 Min:     4 Max:   203 Err:     0 (0,00%) Active: 40 Started: 40 Finished: 0
2020-05-25 11:26:00,162 INFO o.a.j.r.Summariser: summary =   3944 in 00:03:27 =   19,0/s Avg:    26 Min:     4 Max:   284 Err:     0 (0,00%)
2020-05-25 11:26:30,024 INFO o.a.j.r.Summariser: summary +    594 in 00:00:30 =   19,9/s Avg:    26 Min:     4 Max:   206 Err:     0 (0,00%) Active: 40 Started: 40 Finished: 0
2020-05-25 11:26:30,025 INFO o.a.j.r.Summariser: summary =   4538 in 00:03:57 =   19,1/s Avg:    26 Min:     4 Max:   284 Err:     0 (0,00%)
2020-05-25 11:27:00,047 INFO o.a.j.r.Summariser: summary +    594 in 00:00:30 =   19,8/s Avg:    27 Min:     4 Max:   163 Err:     0 (0,00%) Active: 40 Started: 40 Finished: 0
2020-05-25 11:27:00,047 INFO o.a.j.r.Summariser: summary =   5132 in 00:04:27 =   19,2/s Avg:    26 Min:     4 Max:   284 Err:     0 (0,00%)
2020-05-25 11:27:30,101 INFO o.a.j.r.Summariser: summary +    590 in 00:00:30 =   19,6/s Avg:    23 Min:     4 Max:   218 Err:     0 (0,00%) Active: 40 Started: 40 Finished: 0
2020-05-25 11:27:30,102 INFO o.a.j.r.Summariser: summary =   5722 in 00:04:57 =   19,2/s Avg:    26 Min:     4 Max:   284 Err:     0 (0,00%)
2020-05-25 11:28:00,200 INFO o.a.j.r.Summariser: summary +    592 in 00:00:30 =   19,7/s Avg:    24 Min:     4 Max:   203 Err:     0 (0,00%) Active: 40 Started: 40 Finished: 0
2020-05-25 11:28:00,200 INFO o.a.j.r.Summariser: summary =   6314 in 00:05:27 =   19,3/s Avg:    26 Min:     4 Max:   284 Err:     0 (0,00%)
2020-05-25 11:28:30,105 INFO o.a.j.r.Summariser: summary +    593 in 00:00:30 =   19,8/s Avg:    26 Min:     4 Max:   234 Err:     0 (0,00%) Active: 40 Started: 40 Finished: 0
2020-05-25 11:28:30,106 INFO o.a.j.r.Summariser: summary =   6907 in 00:05:57 =   19,3/s Avg:    26 Min:     4 Max:   284 Err:     0 (0,00%)
2020-05-25 11:29:00,243 INFO o.a.j.r.Summariser: summary +    594 in 00:00:30 =   19,7/s Avg:    24 Min:     4 Max:   364 Err:     0 (0,00%) Active: 40 Started: 40 Finished: 0
2020-05-25 11:29:00,244 INFO o.a.j.r.Summariser: summary =   7501 in 00:06:28 =   19,4/s Avg:    25 Min:     4 Max:   364 Err:     0 (0,00%)
2020-05-25 11:29:30,033 INFO o.a.j.r.Summariser: summary +    591 in 00:00:30 =   19,8/s Avg:    24 Min:     4 Max:   246 Err:     0 (0,00%) Active: 40 Started: 40 Finished: 0
2020-05-25 11:29:30,034 INFO o.a.j.r.Summariser: summary =   8092 in 00:06:57 =   19,4/s Avg:    25 Min:     4 Max:   364 Err:     0 (0,00%)
2020-05-25 11:30:00,089 INFO o.a.j.r.Summariser: summary +    590 in 00:00:30 =   19,6/s Avg:    29 Min:     4 Max:   247 Err:     0 (0,00%) Active: 40 Started: 40 Finished: 0
2020-05-25 11:30:00,090 INFO o.a.j.r.Summariser: summary =   8682 in 00:07:27 =   19,4/s Avg:    26 Min:     4 Max:   364 Err:     0 (0,00%)
2020-05-25 11:30:30,148 INFO o.a.j.r.Summariser: summary +    590 in 00:00:30 =   19,6/s Avg:    26 Min:     4 Max:   234 Err:     0 (0,00%) Active: 40 Started: 40 Finished: 0
2020-05-25 11:30:30,148 INFO o.a.j.r.Summariser: summary =   9272 in 00:07:57 =   19,4/s Avg:    26 Min:     4 Max:   364 Err:     0 (0,00%)
2020-05-25 11:31:00,127 INFO o.a.j.r.Summariser: summary +    597 in 00:00:30 =   19,9/s Avg:    27 Min:     4 Max:   230 Err:     0 (0,00%) Active: 40 Started: 40 Finished: 0
2020-05-25 11:31:00,127 INFO o.a.j.r.Summariser: summary =   9869 in 00:08:27 =   19,5/s Avg:    26 Min:     4 Max:   364 Err:     0 (0,00%)
2020-05-25 11:31:30,148 INFO o.a.j.r.Summariser: summary +    590 in 00:00:30 =   19,7/s Avg:    27 Min:     4 Max:   324 Err:     0 (0,00%) Active: 40 Started: 40 Finished: 0
2020-05-25 11:31:30,149 INFO o.a.j.r.Summariser: summary =  10459 in 00:08:57 =   19,5/s Avg:    26 Min:     4 Max:   364 Err:     0 (0,00%)
2020-05-25 11:32:00,067 INFO o.a.j.r.Summariser: summary +    591 in 00:00:30 =   19,8/s Avg:    23 Min:     4 Max:   158 Err:     0 (0,00%) Active: 40 Started: 40 Finished: 0
2020-05-25 11:32:00,068 INFO o.a.j.r.Summariser: summary =  11050 in 00:09:27 =   19,5/s Avg:    26 Min:     4 Max:   364 Err:     0 (0,00%)
2020-05-25 11:32:30,080 INFO o.a.j.r.Summariser: summary +    594 in 00:00:30 =   19,8/s Avg:    24 Min:     4 Max:   191 Err:     0 (0,00%) Active: 40 Started: 40 Finished: 0
2020-05-25 11:32:30,081 INFO o.a.j.r.Summariser: summary =  11644 in 00:09:57 =   19,5/s Avg:    26 Min:     4 Max:   364 Err:     0 (0,00%)
2020-05-25 11:32:43,907 INFO o.a.j.t.JMeterThread: Thread finished: Grupo de Hilos 1-17
2020-05-25 11:32:43,960 INFO o.a.j.t.JMeterThread: Thread finished: Grupo de Hilos 1-6
2020-05-25 11:32:44,004 INFO o.a.j.t.JMeterThread: Thread finished: Grupo de Hilos 1-24
2020-05-25 11:32:44,005 INFO o.a.j.t.JMeterThread: Thread finished: Grupo de Hilos 1-23
2020-05-25 11:32:44,037 INFO o.a.j.t.JMeterThread: Thread finished: Grupo de Hilos 1-30
2020-05-25 11:32:44,217 INFO o.a.j.t.JMeterThread: Thread finished: Grupo de Hilos 1-1
2020-05-25 11:32:44,222 INFO o.a.j.t.JMeterThread: Thread finished: Grupo de Hilos 1-18
2020-05-25 11:32:44,283 INFO o.a.j.t.JMeterThread: Thread finished: Grupo de Hilos 1-31
2020-05-25 11:32:44,290 INFO o.a.j.t.JMeterThread: Thread finished: Grupo de Hilos 1-37
2020-05-25 11:32:44,297 INFO o.a.j.t.JMeterThread: Thread finished: Grupo de Hilos 1-35
2020-05-25 11:32:44,421 INFO o.a.j.t.JMeterThread: Thread finished: Grupo de Hilos 1-12
2020-05-25 11:32:44,440 INFO o.a.j.t.JMeterThread: Thread finished: Grupo de Hilos 1-11
2020-05-25 11:32:44,442 INFO o.a.j.t.JMeterThread: Thread finished: Grupo de Hilos 1-13
2020-05-25 11:32:44,706 INFO o.a.j.t.JMeterThread: Thread finished: Grupo de Hilos 1-5
2020-05-25 11:32:44,938 INFO o.a.j.t.JMeterThread: Thread finished: Grupo de Hilos 1-8
2020-05-25 11:32:44,939 INFO o.a.j.t.JMeterThread: Thread finished: Grupo de Hilos 1-7
2020-05-25 11:32:44,946 INFO o.a.j.t.JMeterThread: Thread finished: Grupo de Hilos 1-33
2020-05-25 11:32:44,955 INFO o.a.j.t.JMeterThread: Thread finished: Grupo de Hilos 1-26
2020-05-25 11:32:44,959 INFO o.a.j.t.JMeterThread: Thread finished: Grupo de Hilos 1-19
2020-05-25 11:32:44,966 INFO o.a.j.t.JMeterThread: Thread finished: Grupo de Hilos 1-14
2020-05-25 11:32:44,968 INFO o.a.j.t.JMeterThread: Thread finished: Grupo de Hilos 1-27
2020-05-25 11:32:44,979 INFO o.a.j.t.JMeterThread: Thread finished: Grupo de Hilos 1-38
2020-05-25 11:32:45,021 INFO o.a.j.t.JMeterThread: Thread finished: Grupo de Hilos 1-20
2020-05-25 11:32:45,120 INFO o.a.j.t.JMeterThread: Thread finished: Grupo de Hilos 1-39
2020-05-25 11:32:45,142 INFO o.a.j.t.JMeterThread: Thread finished: Grupo de Hilos 1-21
2020-05-25 11:32:45,196 INFO o.a.j.t.JMeterThread: Thread finished: Grupo de Hilos 1-28
2020-05-25 11:32:45,225 INFO o.a.j.t.JMeterThread: Thread finished: Grupo de Hilos 1-3
2020-05-25 11:32:45,352 INFO o.a.j.t.JMeterThread: Thread finished: Grupo de Hilos 1-40
2020-05-25 11:32:45,534 INFO o.a.j.t.JMeterThread: Thread finished: Grupo de Hilos 1-22
2020-05-25 11:32:45,543 INFO o.a.j.t.JMeterThread: Thread finished: Grupo de Hilos 1-15
2020-05-25 11:32:45,543 INFO o.a.j.t.JMeterThread: Thread finished: Grupo de Hilos 1-2
2020-05-25 11:32:45,551 INFO o.a.j.t.JMeterThread: Thread finished: Grupo de Hilos 1-32
2020-05-25 11:32:45,574 INFO o.a.j.t.JMeterThread: Thread finished: Grupo de Hilos 1-34
2020-05-25 11:32:45,590 INFO o.a.j.t.JMeterThread: Thread finished: Grupo de Hilos 1-4
2020-05-25 11:32:45,606 INFO o.a.j.t.JMeterThread: Thread finished: Grupo de Hilos 1-10
2020-05-25 11:32:45,692 INFO o.a.j.t.JMeterThread: Thread finished: Grupo de Hilos 1-36
2020-05-25 11:32:45,725 INFO o.a.j.t.JMeterThread: Thread finished: Grupo de Hilos 1-16
2020-05-25 11:32:45,780 INFO o.a.j.t.JMeterThread: Thread finished: Grupo de Hilos 1-9
2020-05-25 11:32:45,787 INFO o.a.j.t.JMeterThread: Thread finished: Grupo de Hilos 1-29
2020-05-25 11:32:45,855 INFO o.a.j.t.JMeterThread: Thread finished: Grupo de Hilos 1-25
2020-05-25 11:32:45,855 INFO o.a.j.e.StandardJMeterEngine: Notifying test listeners of end of test
2020-05-25 11:32:45,860 INFO o.a.j.r.Summariser: summary +    312 in 00:00:16 =   19,8/s Avg:    30 Min:     4 Max:   251 Err:     0 (0,00%) Active: 0 Started: 40 Finished: 40
2020-05-25 11:32:45,861 INFO o.a.j.r.Summariser: summary =  11956 in 00:10:13 =   19,5/s Avg:    26 Min:     4 Max:   364 Err:     0 (0,00%)
