2020-05-25 11:44:16,114 INFO o.a.j.u.JMeterUtils: Setting Locale to es_ES
2020-05-25 11:44:16,143 INFO o.a.j.u.JMeterUtils: Could not find resources for 'es_ES', using 'es'
2020-05-25 11:44:16,145 INFO o.a.j.JMeter: Loading user properties from: /home/juaherr/Documentos/erss/practica_jmeter/jmeter/bin/user.properties
2020-05-25 11:44:16,147 INFO o.a.j.JMeter: Loading system properties from: /home/juaherr/Documentos/erss/practica_jmeter/jmeter/bin/system.properties
2020-05-25 11:44:16,148 INFO o.a.j.JMeter: Setting System property: THREADS=160
2020-05-25 11:44:16,148 INFO o.a.j.JMeter: Setting System property: RAMP_UP=52
2020-05-25 11:44:16,148 INFO o.a.j.JMeter: Setting System property: DURATION=652
2020-05-25 11:44:16,148 INFO o.a.j.JMeter: Setting System property: PERFMON=perfResultados160.jtl
2020-05-25 11:44:16,150 INFO o.a.j.JMeter: Copyright (c) 1998-2019 The Apache Software Foundation
2020-05-25 11:44:16,150 INFO o.a.j.JMeter: Version 5.2.1
2020-05-25 11:44:16,150 INFO o.a.j.JMeter: java.version=1.8.0_242
2020-05-25 11:44:16,150 INFO o.a.j.JMeter: java.vm.name=OpenJDK 64-Bit Server VM
2020-05-25 11:44:16,150 INFO o.a.j.JMeter: os.name=Linux
2020-05-25 11:44:16,150 INFO o.a.j.JMeter: os.arch=amd64
2020-05-25 11:44:16,150 INFO o.a.j.JMeter: os.version=5.4.28-gentoo-eii
2020-05-25 11:44:16,150 INFO o.a.j.JMeter: file.encoding=UTF-8
2020-05-25 11:44:16,150 INFO o.a.j.JMeter: java.awt.headless=true
2020-05-25 11:44:16,150 INFO o.a.j.JMeter: Max memory     =259522560
2020-05-25 11:44:16,151 INFO o.a.j.JMeter: Available Processors =1
2020-05-25 11:44:16,159 INFO o.a.j.JMeter: Default Locale=español (España)
2020-05-25 11:44:16,160 INFO o.a.j.JMeter: JMeter  Locale=español (España)
2020-05-25 11:44:16,160 INFO o.a.j.JMeter: JMeterHome=/home/juaherr/Documentos/erss/practica_jmeter/jmeter
2020-05-25 11:44:16,160 INFO o.a.j.JMeter: user.dir  =/home/juaherr/Documentos/erss/practica_jmeter/practica3/mañana
2020-05-25 11:44:16,160 INFO o.a.j.JMeter: PWD       =/home/juaherr/Documentos/erss/practica_jmeter/practica3/mañana
2020-05-25 11:44:16,160 INFO o.a.j.JMeter: IP: 157.88.125.192 Name: jair.lab.inf.uva.es FullName: jair.lab.inf.uva.es
2020-05-25 11:44:16,166 INFO o.a.j.s.FileServer: Default base='/home/juaherr/Documentos/erss/practica_jmeter/practica3/mañana'
2020-05-25 11:44:16,171 INFO o.a.j.s.FileServer: Set new base='/home/juaherr/Documentos/erss/practica_jmeter/practica3/mañana'
2020-05-25 11:44:16,342 INFO o.a.j.s.SaveService: Testplan (JMX) version: 2.2. Testlog (JTL) version: 2.2
2020-05-25 11:44:16,354 INFO o.a.j.s.SaveService: Using SaveService properties file encoding UTF-8
2020-05-25 11:44:16,364 INFO o.a.j.s.SaveService: Using SaveService properties version 5.0
2020-05-25 11:44:16,371 INFO o.a.j.s.SaveService: Loading file: modificar_stock.jmx
2020-05-25 11:44:16,426 INFO o.a.j.p.h.c.CookieManager: Settings: Delete null: true Check: true Allow variable: true Save: false Prefix: COOKIE_
2020-05-25 11:44:16,450 INFO o.a.j.p.h.s.HTTPSamplerBase: Parser for text/html is org.apache.jmeter.protocol.http.parser.LagartoBasedHtmlParser
2020-05-25 11:44:16,450 INFO o.a.j.p.h.s.HTTPSamplerBase: Parser for application/xhtml+xml is org.apache.jmeter.protocol.http.parser.LagartoBasedHtmlParser
2020-05-25 11:44:16,450 INFO o.a.j.p.h.s.HTTPSamplerBase: Parser for application/xml is org.apache.jmeter.protocol.http.parser.LagartoBasedHtmlParser
2020-05-25 11:44:16,450 INFO o.a.j.p.h.s.HTTPSamplerBase: Parser for text/xml is org.apache.jmeter.protocol.http.parser.LagartoBasedHtmlParser
2020-05-25 11:44:16,450 INFO o.a.j.p.h.s.HTTPSamplerBase: Parser for text/vnd.wap.wml is org.apache.jmeter.protocol.http.parser.RegexpHTMLParser
2020-05-25 11:44:16,450 INFO o.a.j.p.h.s.HTTPSamplerBase: Parser for text/css is org.apache.jmeter.protocol.http.parser.CssParser
2020-05-25 11:44:16,540 INFO o.a.j.JMeter: Creating summariser <summary>
2020-05-25 11:44:16,552 INFO o.a.j.e.StandardJMeterEngine: Running the test!
2020-05-25 11:44:16,553 INFO o.a.j.s.SampleEvent: List of sample_variables: []
2020-05-25 11:44:16,553 INFO o.a.j.s.SampleEvent: List of sample_variables: []
2020-05-25 11:44:16,560 INFO o.a.j.e.u.CompoundVariable: Note: Function class names must contain the string: '.functions.'
2020-05-25 11:44:16,560 INFO o.a.j.e.u.CompoundVariable: Note: Function class names must not contain the string: '.gui.'
2020-05-25 11:44:17,061 INFO o.a.j.JMeter: Test lanzado (1590399857061)
2020-05-25 11:44:17,106 INFO o.a.j.e.StandardJMeterEngine: Starting ThreadGroup: 1 : Grupo de Hilos
2020-05-25 11:44:17,107 INFO o.a.j.e.StandardJMeterEngine: Starting 160 threads for group Grupo de Hilos.
2020-05-25 11:44:17,107 INFO o.a.j.e.StandardJMeterEngine: Thread will continue on error
2020-05-25 11:44:17,107 INFO o.a.j.t.ThreadGroup: Starting thread group... number=1 threads=160 ramp-up=52 delayedStart=false
2020-05-25 11:44:17,125 INFO o.a.j.s.SampleResult: Note: Sample TimeStamps are START times
2020-05-25 11:44:17,126 INFO o.a.j.s.SampleResult: sampleresult.default.encoding is set to ISO-8859-1
2020-05-25 11:44:17,126 INFO o.a.j.s.SampleResult: sampleresult.useNanoTime=true
2020-05-25 11:44:17,126 INFO o.a.j.s.SampleResult: sampleresult.nanoThreadSleep=5000
2020-05-25 11:44:17,137 INFO o.a.j.t.JMeterThread: Thread started: Grupo de Hilos 1-1
2020-05-25 11:44:17,454 INFO o.a.j.t.JMeterThread: Thread started: Grupo de Hilos 1-2
2020-05-25 11:44:17,462 INFO o.a.j.t.ThreadGroup: Started thread group number 1
2020-05-25 11:44:17,462 INFO o.a.j.e.StandardJMeterEngine: All thread groups have been started
2020-05-25 11:44:17,777 INFO o.a.j.t.JMeterThread: Thread started: Grupo de Hilos 1-3
2020-05-25 11:44:18,097 INFO o.a.j.t.JMeterThread: Thread started: Grupo de Hilos 1-4
2020-05-25 11:44:18,420 INFO o.a.j.t.JMeterThread: Thread started: Grupo de Hilos 1-5
2020-05-25 11:44:18,743 INFO o.a.j.t.JMeterThread: Thread started: Grupo de Hilos 1-6
2020-05-25 11:44:19,063 INFO o.a.j.t.JMeterThread: Thread started: Grupo de Hilos 1-7
2020-05-25 11:44:19,167 INFO o.a.j.p.h.s.HTTPHCAbstractImpl: Local host = jair.lab.inf.uva.es
2020-05-25 11:44:19,175 INFO o.a.j.p.h.s.HTTPHC4Impl: HTTP request retry count = 0
2020-05-25 11:44:19,392 INFO o.a.j.t.JMeterThread: Thread started: Grupo de Hilos 1-8
2020-05-25 11:44:19,719 INFO o.a.j.t.JMeterThread: Thread started: Grupo de Hilos 1-9
2020-05-25 11:44:20,042 INFO o.a.j.t.JMeterThread: Thread started: Grupo de Hilos 1-10
2020-05-25 11:44:20,362 INFO o.a.j.t.JMeterThread: Thread started: Grupo de Hilos 1-11
2020-05-25 11:44:20,697 INFO o.a.j.t.JMeterThread: Thread started: Grupo de Hilos 1-12
2020-05-25 11:44:21,015 INFO o.a.j.t.JMeterThread: Thread started: Grupo de Hilos 1-13
2020-05-25 11:44:21,340 INFO o.a.j.t.JMeterThread: Thread started: Grupo de Hilos 1-14
2020-05-25 11:44:21,662 INFO o.a.j.t.JMeterThread: Thread started: Grupo de Hilos 1-15
2020-05-25 11:44:21,988 INFO o.a.j.t.JMeterThread: Thread started: Grupo de Hilos 1-16
2020-05-25 11:44:22,311 INFO o.a.j.t.JMeterThread: Thread started: Grupo de Hilos 1-17
2020-05-25 11:44:22,638 INFO o.a.j.t.JMeterThread: Thread started: Grupo de Hilos 1-18
2020-05-25 11:44:22,978 INFO o.a.j.t.JMeterThread: Thread started: Grupo de Hilos 1-19
2020-05-25 11:44:23,295 INFO o.a.j.t.JMeterThread: Thread started: Grupo de Hilos 1-20
2020-05-25 11:44:23,611 INFO o.a.j.t.JMeterThread: Thread started: Grupo de Hilos 1-21
2020-05-25 11:44:23,935 INFO o.a.j.t.JMeterThread: Thread started: Grupo de Hilos 1-22
2020-05-25 11:44:24,262 INFO o.a.j.t.JMeterThread: Thread started: Grupo de Hilos 1-23
2020-05-25 11:44:24,587 INFO o.a.j.t.JMeterThread: Thread started: Grupo de Hilos 1-24
2020-05-25 11:44:24,910 INFO o.a.j.t.JMeterThread: Thread started: Grupo de Hilos 1-25
2020-05-25 11:44:25,234 INFO o.a.j.t.JMeterThread: Thread started: Grupo de Hilos 1-26
2020-05-25 11:44:25,670 INFO o.a.j.t.JMeterThread: Thread started: Grupo de Hilos 1-27
2020-05-25 11:44:25,885 INFO o.a.j.t.JMeterThread: Thread started: Grupo de Hilos 1-28
2020-05-25 11:44:26,211 INFO o.a.j.t.JMeterThread: Thread started: Grupo de Hilos 1-29
2020-05-25 11:44:26,534 INFO o.a.j.t.JMeterThread: Thread started: Grupo de Hilos 1-30
2020-05-25 11:44:26,866 INFO o.a.j.t.JMeterThread: Thread started: Grupo de Hilos 1-31
2020-05-25 11:44:27,185 INFO o.a.j.t.JMeterThread: Thread started: Grupo de Hilos 1-32
2020-05-25 11:44:27,509 INFO o.a.j.t.JMeterThread: Thread started: Grupo de Hilos 1-33
2020-05-25 11:44:27,835 INFO o.a.j.t.JMeterThread: Thread started: Grupo de Hilos 1-34
2020-05-25 11:44:28,159 INFO o.a.j.t.JMeterThread: Thread started: Grupo de Hilos 1-35
2020-05-25 11:44:28,491 INFO o.a.j.t.JMeterThread: Thread started: Grupo de Hilos 1-36
2020-05-25 11:44:28,809 INFO o.a.j.t.JMeterThread: Thread started: Grupo de Hilos 1-37
2020-05-25 11:44:29,134 INFO o.a.j.t.JMeterThread: Thread started: Grupo de Hilos 1-38
2020-05-25 11:44:29,459 INFO o.a.j.t.JMeterThread: Thread started: Grupo de Hilos 1-39
2020-05-25 11:44:29,906 INFO o.a.j.t.JMeterThread: Thread started: Grupo de Hilos 1-40
2020-05-25 11:44:30,090 INFO o.a.j.r.Summariser: summary +    112 in 00:00:13 =    8,6/s Avg:    25 Min:     6 Max:   198 Err:     0 (0,00%) Active: 40 Started: 40 Finished: 0
2020-05-25 11:44:30,109 INFO o.a.j.t.JMeterThread: Thread started: Grupo de Hilos 1-41
2020-05-25 11:44:30,434 INFO o.a.j.t.JMeterThread: Thread started: Grupo de Hilos 1-42
2020-05-25 11:44:30,759 INFO o.a.j.t.JMeterThread: Thread started: Grupo de Hilos 1-43
2020-05-25 11:44:31,085 INFO o.a.j.t.JMeterThread: Thread started: Grupo de Hilos 1-44
2020-05-25 11:44:31,411 INFO o.a.j.t.JMeterThread: Thread started: Grupo de Hilos 1-45
2020-05-25 11:44:31,756 INFO o.a.j.t.JMeterThread: Thread started: Grupo de Hilos 1-46
2020-05-25 11:44:32,071 INFO o.a.j.t.JMeterThread: Thread started: Grupo de Hilos 1-47
2020-05-25 11:44:32,386 INFO o.a.j.t.JMeterThread: Thread started: Grupo de Hilos 1-48
2020-05-25 11:44:32,711 INFO o.a.j.t.JMeterThread: Thread started: Grupo de Hilos 1-49
2020-05-25 11:44:33,034 INFO o.a.j.t.JMeterThread: Thread started: Grupo de Hilos 1-50
2020-05-25 11:44:33,359 INFO o.a.j.t.JMeterThread: Thread started: Grupo de Hilos 1-51
2020-05-25 11:44:33,684 INFO o.a.j.t.JMeterThread: Thread started: Grupo de Hilos 1-52
2020-05-25 11:44:34,009 INFO o.a.j.t.JMeterThread: Thread started: Grupo de Hilos 1-53
2020-05-25 11:44:34,336 INFO o.a.j.t.JMeterThread: Thread started: Grupo de Hilos 1-54
2020-05-25 11:44:34,817 INFO o.a.j.t.JMeterThread: Thread started: Grupo de Hilos 1-55
2020-05-25 11:44:34,984 INFO o.a.j.t.JMeterThread: Thread started: Grupo de Hilos 1-56
2020-05-25 11:44:35,309 INFO o.a.j.t.JMeterThread: Thread started: Grupo de Hilos 1-57
2020-05-25 11:44:35,634 INFO o.a.j.t.JMeterThread: Thread started: Grupo de Hilos 1-58
2020-05-25 11:44:35,959 INFO o.a.j.t.JMeterThread: Thread started: Grupo de Hilos 1-59
2020-05-25 11:44:36,284 INFO o.a.j.t.JMeterThread: Thread started: Grupo de Hilos 1-60
2020-05-25 11:44:36,608 INFO o.a.j.t.JMeterThread: Thread started: Grupo de Hilos 1-61
2020-05-25 11:44:36,935 INFO o.a.j.t.JMeterThread: Thread started: Grupo de Hilos 1-62
2020-05-25 11:44:37,260 INFO o.a.j.t.JMeterThread: Thread started: Grupo de Hilos 1-63
2020-05-25 11:44:37,585 INFO o.a.j.t.JMeterThread: Thread started: Grupo de Hilos 1-64
2020-05-25 11:44:37,911 INFO o.a.j.t.JMeterThread: Thread started: Grupo de Hilos 1-65
2020-05-25 11:44:38,235 INFO o.a.j.t.JMeterThread: Thread started: Grupo de Hilos 1-66
2020-05-25 11:44:38,567 INFO o.a.j.t.JMeterThread: Thread started: Grupo de Hilos 1-67
2020-05-25 11:44:38,884 INFO o.a.j.t.JMeterThread: Thread started: Grupo de Hilos 1-68
2020-05-25 11:44:39,209 INFO o.a.j.t.JMeterThread: Thread started: Grupo de Hilos 1-69
2020-05-25 11:44:39,535 INFO o.a.j.t.JMeterThread: Thread started: Grupo de Hilos 1-70
2020-05-25 11:44:39,860 INFO o.a.j.t.JMeterThread: Thread started: Grupo de Hilos 1-71
2020-05-25 11:44:40,185 INFO o.a.j.t.JMeterThread: Thread started: Grupo de Hilos 1-72
2020-05-25 11:44:40,509 INFO o.a.j.t.JMeterThread: Thread started: Grupo de Hilos 1-73
2020-05-25 11:44:40,900 INFO o.a.j.t.JMeterThread: Thread started: Grupo de Hilos 1-74
2020-05-25 11:44:41,232 INFO o.a.j.t.JMeterThread: Thread started: Grupo de Hilos 1-75
2020-05-25 11:44:41,485 INFO o.a.j.t.JMeterThread: Thread started: Grupo de Hilos 1-76
2020-05-25 11:44:41,809 INFO o.a.j.t.JMeterThread: Thread started: Grupo de Hilos 1-77
2020-05-25 11:44:42,134 INFO o.a.j.t.JMeterThread: Thread started: Grupo de Hilos 1-78
2020-05-25 11:44:42,460 INFO o.a.j.t.JMeterThread: Thread started: Grupo de Hilos 1-79
2020-05-25 11:44:42,784 INFO o.a.j.t.JMeterThread: Thread started: Grupo de Hilos 1-80
2020-05-25 11:44:43,110 INFO o.a.j.t.JMeterThread: Thread started: Grupo de Hilos 1-81
2020-05-25 11:44:43,434 INFO o.a.j.t.JMeterThread: Thread started: Grupo de Hilos 1-82
2020-05-25 11:44:43,901 INFO o.a.j.t.JMeterThread: Thread started: Grupo de Hilos 1-83
2020-05-25 11:44:44,085 INFO o.a.j.t.JMeterThread: Thread started: Grupo de Hilos 1-84
2020-05-25 11:44:44,412 INFO o.a.j.t.JMeterThread: Thread started: Grupo de Hilos 1-85
2020-05-25 11:44:44,736 INFO o.a.j.t.JMeterThread: Thread started: Grupo de Hilos 1-86
2020-05-25 11:44:45,059 INFO o.a.j.t.JMeterThread: Thread started: Grupo de Hilos 1-87
2020-05-25 11:44:45,384 INFO o.a.j.t.JMeterThread: Thread started: Grupo de Hilos 1-88
2020-05-25 11:44:45,710 INFO o.a.j.t.JMeterThread: Thread started: Grupo de Hilos 1-89
2020-05-25 11:44:46,034 INFO o.a.j.t.JMeterThread: Thread started: Grupo de Hilos 1-90
2020-05-25 11:44:46,359 INFO o.a.j.t.JMeterThread: Thread started: Grupo de Hilos 1-91
2020-05-25 11:44:46,683 INFO o.a.j.t.JMeterThread: Thread started: Grupo de Hilos 1-92
2020-05-25 11:44:47,008 INFO o.a.j.t.JMeterThread: Thread started: Grupo de Hilos 1-93
2020-05-25 11:44:47,338 INFO o.a.j.t.JMeterThread: Thread started: Grupo de Hilos 1-94
2020-05-25 11:44:47,663 INFO o.a.j.t.JMeterThread: Thread started: Grupo de Hilos 1-95
2020-05-25 11:44:47,984 INFO o.a.j.t.JMeterThread: Thread started: Grupo de Hilos 1-96
2020-05-25 11:44:48,309 INFO o.a.j.t.JMeterThread: Thread started: Grupo de Hilos 1-97
2020-05-25 11:44:48,635 INFO o.a.j.t.JMeterThread: Thread started: Grupo de Hilos 1-98
2020-05-25 11:44:48,958 INFO o.a.j.t.JMeterThread: Thread started: Grupo de Hilos 1-99
2020-05-25 11:44:49,284 INFO o.a.j.t.JMeterThread: Thread started: Grupo de Hilos 1-100
2020-05-25 11:44:49,609 INFO o.a.j.t.JMeterThread: Thread started: Grupo de Hilos 1-101
2020-05-25 11:44:49,935 INFO o.a.j.t.JMeterThread: Thread started: Grupo de Hilos 1-102
2020-05-25 11:44:50,258 INFO o.a.j.t.JMeterThread: Thread started: Grupo de Hilos 1-103
2020-05-25 11:44:50,584 INFO o.a.j.t.JMeterThread: Thread started: Grupo de Hilos 1-104
2020-05-25 11:44:50,910 INFO o.a.j.t.JMeterThread: Thread started: Grupo de Hilos 1-105
2020-05-25 11:44:51,235 INFO o.a.j.t.JMeterThread: Thread started: Grupo de Hilos 1-106
2020-05-25 11:44:51,559 INFO o.a.j.t.JMeterThread: Thread started: Grupo de Hilos 1-107
2020-05-25 11:44:51,885 INFO o.a.j.t.JMeterThread: Thread started: Grupo de Hilos 1-108
2020-05-25 11:44:52,209 INFO o.a.j.t.JMeterThread: Thread started: Grupo de Hilos 1-109
2020-05-25 11:44:52,534 INFO o.a.j.t.JMeterThread: Thread started: Grupo de Hilos 1-110
2020-05-25 11:44:52,859 INFO o.a.j.t.JMeterThread: Thread started: Grupo de Hilos 1-111
2020-05-25 11:44:53,184 INFO o.a.j.t.JMeterThread: Thread started: Grupo de Hilos 1-112
2020-05-25 11:44:53,509 INFO o.a.j.t.JMeterThread: Thread started: Grupo de Hilos 1-113
2020-05-25 11:44:53,834 INFO o.a.j.t.JMeterThread: Thread started: Grupo de Hilos 1-114
2020-05-25 11:44:54,159 INFO o.a.j.t.JMeterThread: Thread started: Grupo de Hilos 1-115
2020-05-25 11:44:54,484 INFO o.a.j.t.JMeterThread: Thread started: Grupo de Hilos 1-116
2020-05-25 11:44:54,825 INFO o.a.j.t.JMeterThread: Thread started: Grupo de Hilos 1-117
2020-05-25 11:44:55,133 INFO o.a.j.t.JMeterThread: Thread started: Grupo de Hilos 1-118
2020-05-25 11:44:55,460 INFO o.a.j.t.JMeterThread: Thread started: Grupo de Hilos 1-119
2020-05-25 11:44:55,785 INFO o.a.j.t.JMeterThread: Thread started: Grupo de Hilos 1-120
2020-05-25 11:44:56,119 INFO o.a.j.t.JMeterThread: Thread started: Grupo de Hilos 1-121
2020-05-25 11:44:56,434 INFO o.a.j.t.JMeterThread: Thread started: Grupo de Hilos 1-122
2020-05-25 11:44:56,759 INFO o.a.j.t.JMeterThread: Thread started: Grupo de Hilos 1-123
2020-05-25 11:44:57,084 INFO o.a.j.t.JMeterThread: Thread started: Grupo de Hilos 1-124
2020-05-25 11:44:57,437 INFO o.a.j.t.JMeterThread: Thread started: Grupo de Hilos 1-125
2020-05-25 11:44:57,762 INFO o.a.j.t.JMeterThread: Thread started: Grupo de Hilos 1-126
2020-05-25 11:44:58,060 INFO o.a.j.t.JMeterThread: Thread started: Grupo de Hilos 1-127
2020-05-25 11:44:58,385 INFO o.a.j.t.JMeterThread: Thread started: Grupo de Hilos 1-128
2020-05-25 11:44:58,709 INFO o.a.j.t.JMeterThread: Thread started: Grupo de Hilos 1-129
2020-05-25 11:44:59,043 INFO o.a.j.t.JMeterThread: Thread started: Grupo de Hilos 1-130
2020-05-25 11:44:59,359 INFO o.a.j.t.JMeterThread: Thread started: Grupo de Hilos 1-131
2020-05-25 11:44:59,820 INFO o.a.j.t.JMeterThread: Thread started: Grupo de Hilos 1-132
2020-05-25 11:45:00,008 INFO o.a.j.t.JMeterThread: Thread started: Grupo de Hilos 1-133
2020-05-25 11:45:00,012 INFO o.a.j.r.Summariser: summary +   1223 in 00:00:30 =   40,9/s Avg:    49 Min:     4 Max:   506 Err:     0 (0,00%) Active: 133 Started: 133 Finished: 0
2020-05-25 11:45:00,012 INFO o.a.j.r.Summariser: summary =   1335 in 00:00:43 =   31,1/s Avg:    47 Min:     4 Max:   506 Err:     0 (0,00%)
2020-05-25 11:45:00,333 INFO o.a.j.t.JMeterThread: Thread started: Grupo de Hilos 1-134
2020-05-25 11:45:00,659 INFO o.a.j.t.JMeterThread: Thread started: Grupo de Hilos 1-135
2020-05-25 11:45:00,983 INFO o.a.j.t.JMeterThread: Thread started: Grupo de Hilos 1-136
2020-05-25 11:45:01,308 INFO o.a.j.t.JMeterThread: Thread started: Grupo de Hilos 1-137
2020-05-25 11:45:01,634 INFO o.a.j.t.JMeterThread: Thread started: Grupo de Hilos 1-138
2020-05-25 11:45:01,958 INFO o.a.j.t.JMeterThread: Thread started: Grupo de Hilos 1-139
2020-05-25 11:45:02,283 INFO o.a.j.t.JMeterThread: Thread started: Grupo de Hilos 1-140
2020-05-25 11:45:02,609 INFO o.a.j.t.JMeterThread: Thread started: Grupo de Hilos 1-141
2020-05-25 11:45:02,933 INFO o.a.j.t.JMeterThread: Thread started: Grupo de Hilos 1-142
2020-05-25 11:45:03,258 INFO o.a.j.t.JMeterThread: Thread started: Grupo de Hilos 1-143
2020-05-25 11:45:03,584 INFO o.a.j.t.JMeterThread: Thread started: Grupo de Hilos 1-144
2020-05-25 11:45:03,908 INFO o.a.j.t.JMeterThread: Thread started: Grupo de Hilos 1-145
2020-05-25 11:45:04,233 INFO o.a.j.t.JMeterThread: Thread started: Grupo de Hilos 1-146
2020-05-25 11:45:04,558 INFO o.a.j.t.JMeterThread: Thread started: Grupo de Hilos 1-147
2020-05-25 11:45:04,884 INFO o.a.j.t.JMeterThread: Thread started: Grupo de Hilos 1-148
2020-05-25 11:45:05,208 INFO o.a.j.t.JMeterThread: Thread started: Grupo de Hilos 1-149
2020-05-25 11:45:05,533 INFO o.a.j.t.JMeterThread: Thread started: Grupo de Hilos 1-150
2020-05-25 11:45:05,858 INFO o.a.j.t.JMeterThread: Thread started: Grupo de Hilos 1-151
2020-05-25 11:45:06,183 INFO o.a.j.t.JMeterThread: Thread started: Grupo de Hilos 1-152
2020-05-25 11:45:06,508 INFO o.a.j.t.JMeterThread: Thread started: Grupo de Hilos 1-153
2020-05-25 11:45:06,839 INFO o.a.j.t.JMeterThread: Thread started: Grupo de Hilos 1-154
2020-05-25 11:45:07,159 INFO o.a.j.t.JMeterThread: Thread started: Grupo de Hilos 1-155
2020-05-25 11:45:07,484 INFO o.a.j.t.JMeterThread: Thread started: Grupo de Hilos 1-156
2020-05-25 11:45:07,809 INFO o.a.j.t.JMeterThread: Thread started: Grupo de Hilos 1-157
2020-05-25 11:45:08,135 INFO o.a.j.t.JMeterThread: Thread started: Grupo de Hilos 1-158
2020-05-25 11:45:08,459 INFO o.a.j.t.JMeterThread: Thread started: Grupo de Hilos 1-159
2020-05-25 11:45:08,785 INFO o.a.j.t.JMeterThread: Thread started: Grupo de Hilos 1-160
2020-05-25 11:45:30,023 INFO o.a.j.r.Summariser: summary +   2134 in 00:00:30 =   71,1/s Avg:   157 Min:     4 Max:   928 Err:     0 (0,00%) Active: 160 Started: 160 Finished: 0
2020-05-25 11:45:30,024 INFO o.a.j.r.Summariser: summary =   3469 in 00:01:13 =   47,5/s Avg:   115 Min:     4 Max:   928 Err:     0 (0,00%)
2020-05-25 11:46:00,067 INFO o.a.j.r.Summariser: summary +   2182 in 00:00:30 =   72,6/s Avg:   198 Min:    29 Max:   927 Err:     0 (0,00%) Active: 160 Started: 160 Finished: 0
2020-05-25 11:46:00,068 INFO o.a.j.r.Summariser: summary =   5651 in 00:01:43 =   54,9/s Avg:   147 Min:     4 Max:   928 Err:     0 (0,00%)
2020-05-25 11:46:30,039 INFO o.a.j.r.Summariser: summary +   2181 in 00:00:30 =   72,8/s Avg:   196 Min:    19 Max:   953 Err:     0 (0,00%) Active: 160 Started: 160 Finished: 0
2020-05-25 11:46:30,039 INFO o.a.j.r.Summariser: summary =   7832 in 00:02:13 =   58,9/s Avg:   161 Min:     4 Max:   953 Err:     0 (0,00%)
2020-05-25 11:47:00,018 INFO o.a.j.r.Summariser: summary +   2177 in 00:00:30 =   72,6/s Avg:   196 Min:    25 Max:   923 Err:     0 (0,00%) Active: 160 Started: 160 Finished: 0
2020-05-25 11:47:00,019 INFO o.a.j.r.Summariser: summary =  10009 in 00:02:43 =   61,4/s Avg:   168 Min:     4 Max:   953 Err:     0 (0,00%)
2020-05-25 11:47:30,004 INFO o.a.j.r.Summariser: summary +   2197 in 00:00:30 =   73,3/s Avg:   191 Min:    28 Max:   718 Err:     0 (0,00%) Active: 160 Started: 160 Finished: 0
2020-05-25 11:47:30,005 INFO o.a.j.r.Summariser: summary =  12206 in 00:03:13 =   63,3/s Avg:   172 Min:     4 Max:   953 Err:     0 (0,00%)
2020-05-25 11:48:00,003 INFO o.a.j.r.Summariser: summary +   2198 in 00:00:30 =   73,3/s Avg:   185 Min:    23 Max:   688 Err:     0 (0,00%) Active: 160 Started: 160 Finished: 0
2020-05-25 11:48:00,003 INFO o.a.j.r.Summariser: summary =  14404 in 00:03:43 =   64,6/s Avg:   174 Min:     4 Max:   953 Err:     0 (0,00%)
2020-05-25 11:48:30,050 INFO o.a.j.r.Summariser: summary +   2181 in 00:00:30 =   72,6/s Avg:   199 Min:    29 Max:   888 Err:     0 (0,00%) Active: 160 Started: 160 Finished: 0
2020-05-25 11:48:30,051 INFO o.a.j.r.Summariser: summary =  16585 in 00:04:13 =   65,6/s Avg:   178 Min:     4 Max:   953 Err:     0 (0,00%)
2020-05-25 11:49:00,013 INFO o.a.j.r.Summariser: summary +   2123 in 00:00:30 =   70,9/s Avg:   238 Min:    36 Max:  1184 Err:     0 (0,00%) Active: 160 Started: 160 Finished: 0
2020-05-25 11:49:00,015 INFO o.a.j.r.Summariser: summary =  18708 in 00:04:43 =   66,1/s Avg:   184 Min:     4 Max:  1184 Err:     0 (0,00%)
2020-05-25 11:49:30,000 INFO o.a.j.r.Summariser: summary +   2179 in 00:00:30 =   72,7/s Avg:   207 Min:    19 Max:   776 Err:     0 (0,00%) Active: 160 Started: 160 Finished: 0
2020-05-25 11:49:30,001 INFO o.a.j.r.Summariser: summary =  20887 in 00:05:13 =   66,7/s Avg:   187 Min:     4 Max:  1184 Err:     0 (0,00%)
2020-05-25 11:50:00,012 INFO o.a.j.r.Summariser: summary +   2173 in 00:00:30 =   72,4/s Avg:   206 Min:    14 Max:  1113 Err:     0 (0,00%) Active: 160 Started: 160 Finished: 0
2020-05-25 11:50:00,012 INFO o.a.j.r.Summariser: summary =  23060 in 00:05:43 =   67,2/s Avg:   189 Min:     4 Max:  1184 Err:     0 (0,00%)
2020-05-25 11:50:30,006 INFO o.a.j.r.Summariser: summary +   2183 in 00:00:30 =   72,8/s Avg:   200 Min:    25 Max:   816 Err:     0 (0,00%) Active: 160 Started: 160 Finished: 0
2020-05-25 11:50:30,006 INFO o.a.j.r.Summariser: summary =  25243 in 00:06:13 =   67,7/s Avg:   190 Min:     4 Max:  1184 Err:     0 (0,00%)
2020-05-25 11:51:00,015 INFO o.a.j.r.Summariser: summary +   2173 in 00:00:30 =   72,4/s Avg:   207 Min:    20 Max:   882 Err:     0 (0,00%) Active: 160 Started: 160 Finished: 0
2020-05-25 11:51:00,016 INFO o.a.j.r.Summariser: summary =  27416 in 00:06:43 =   68,0/s Avg:   191 Min:     4 Max:  1184 Err:     0 (0,00%)
2020-05-25 11:51:30,009 INFO o.a.j.r.Summariser: summary +   2187 in 00:00:30 =   72,9/s Avg:   193 Min:    23 Max:   833 Err:     0 (0,00%) Active: 160 Started: 160 Finished: 0
2020-05-25 11:51:30,010 INFO o.a.j.r.Summariser: summary =  29603 in 00:07:13 =   68,4/s Avg:   191 Min:     4 Max:  1184 Err:     0 (0,00%)
2020-05-25 11:52:00,015 INFO o.a.j.r.Summariser: summary +   2173 in 00:00:30 =   72,4/s Avg:   203 Min:    23 Max:   867 Err:     0 (0,00%) Active: 160 Started: 160 Finished: 0
2020-05-25 11:52:00,016 INFO o.a.j.r.Summariser: summary =  31776 in 00:07:43 =   68,6/s Avg:   192 Min:     4 Max:  1184 Err:     0 (0,00%)
2020-05-25 11:52:30,008 INFO o.a.j.r.Summariser: summary +   2163 in 00:00:30 =   72,1/s Avg:   216 Min:    22 Max:  1216 Err:     0 (0,00%) Active: 160 Started: 160 Finished: 0
2020-05-25 11:52:30,009 INFO o.a.j.r.Summariser: summary =  33939 in 00:08:13 =   68,8/s Avg:   193 Min:     4 Max:  1216 Err:     0 (0,00%)
2020-05-25 11:53:00,001 INFO o.a.j.r.Summariser: summary +   2154 in 00:00:30 =   71,8/s Avg:   222 Min:    21 Max:  1019 Err:     0 (0,00%) Active: 160 Started: 160 Finished: 0
2020-05-25 11:53:00,001 INFO o.a.j.r.Summariser: summary =  36093 in 00:08:43 =   69,0/s Avg:   195 Min:     4 Max:  1216 Err:     0 (0,00%)
2020-05-25 11:53:30,006 INFO o.a.j.r.Summariser: summary +   2180 in 00:00:30 =   72,7/s Avg:   210 Min:    16 Max:  1139 Err:     0 (0,00%) Active: 160 Started: 160 Finished: 0
2020-05-25 11:53:30,007 INFO o.a.j.r.Summariser: summary =  38273 in 00:09:13 =   69,2/s Avg:   196 Min:     4 Max:  1216 Err:     0 (0,00%)
2020-05-25 11:54:00,026 INFO o.a.j.r.Summariser: summary +   2158 in 00:00:30 =   71,9/s Avg:   209 Min:    18 Max:  1153 Err:     0 (0,00%) Active: 160 Started: 160 Finished: 0
2020-05-25 11:54:00,026 INFO o.a.j.r.Summariser: summary =  40431 in 00:09:43 =   69,4/s Avg:   197 Min:     4 Max:  1216 Err:     0 (0,00%)
2020-05-25 11:54:30,015 INFO o.a.j.r.Summariser: summary +   2167 in 00:00:30 =   72,3/s Avg:   210 Min:    40 Max:   961 Err:     0 (0,00%) Active: 160 Started: 160 Finished: 0
2020-05-25 11:54:30,015 INFO o.a.j.r.Summariser: summary =  42598 in 00:10:13 =   69,5/s Avg:   197 Min:     4 Max:  1216 Err:     0 (0,00%)
2020-05-25 11:55:00,003 INFO o.a.j.r.Summariser: summary +   2175 in 00:00:30 =   72,5/s Avg:   210 Min:    41 Max:   817 Err:     0 (0,00%) Active: 160 Started: 160 Finished: 0
2020-05-25 11:55:00,004 INFO o.a.j.r.Summariser: summary =  44773 in 00:10:43 =   69,6/s Avg:   198 Min:     4 Max:  1216 Err:     0 (0,00%)
2020-05-25 11:55:07,211 INFO o.a.j.t.JMeterThread: Thread finished: Grupo de Hilos 1-7
2020-05-25 11:55:07,254 INFO o.a.j.t.JMeterThread: Thread finished: Grupo de Hilos 1-52
2020-05-25 11:55:07,278 INFO o.a.j.t.JMeterThread: Thread finished: Grupo de Hilos 1-55
2020-05-25 11:55:07,297 INFO o.a.j.t.JMeterThread: Thread finished: Grupo de Hilos 1-25
2020-05-25 11:55:07,307 INFO o.a.j.t.JMeterThread: Thread finished: Grupo de Hilos 1-37
2020-05-25 11:55:07,354 INFO o.a.j.t.JMeterThread: Thread finished: Grupo de Hilos 1-43
2020-05-25 11:55:07,359 INFO o.a.j.t.JMeterThread: Thread finished: Grupo de Hilos 1-54
2020-05-25 11:55:07,359 INFO o.a.j.t.JMeterThread: Thread finished: Grupo de Hilos 1-46
2020-05-25 11:55:07,379 INFO o.a.j.t.JMeterThread: Thread finished: Grupo de Hilos 1-90
2020-05-25 11:55:07,380 INFO o.a.j.t.JMeterThread: Thread finished: Grupo de Hilos 1-63
2020-05-25 11:55:07,415 INFO o.a.j.t.JMeterThread: Thread finished: Grupo de Hilos 1-121
2020-05-25 11:55:07,415 INFO o.a.j.t.JMeterThread: Thread finished: Grupo de Hilos 1-53
2020-05-25 11:55:07,416 INFO o.a.j.t.JMeterThread: Thread finished: Grupo de Hilos 1-69
2020-05-25 11:55:07,420 INFO o.a.j.t.JMeterThread: Thread finished: Grupo de Hilos 1-35
2020-05-25 11:55:07,423 INFO o.a.j.t.JMeterThread: Thread finished: Grupo de Hilos 1-48
2020-05-25 11:55:07,436 INFO o.a.j.t.JMeterThread: Thread finished: Grupo de Hilos 1-6
2020-05-25 11:55:07,440 INFO o.a.j.t.JMeterThread: Thread finished: Grupo de Hilos 1-40
2020-05-25 11:55:07,443 INFO o.a.j.t.JMeterThread: Thread finished: Grupo de Hilos 1-65
2020-05-25 11:55:07,448 INFO o.a.j.t.JMeterThread: Thread finished: Grupo de Hilos 1-134
2020-05-25 11:55:07,452 INFO o.a.j.t.JMeterThread: Thread finished: Grupo de Hilos 1-5
2020-05-25 11:55:07,453 INFO o.a.j.t.JMeterThread: Thread finished: Grupo de Hilos 1-66
2020-05-25 11:55:07,454 INFO o.a.j.t.JMeterThread: Thread finished: Grupo de Hilos 1-122
2020-05-25 11:55:07,457 INFO o.a.j.t.JMeterThread: Thread finished: Grupo de Hilos 1-116
2020-05-25 11:55:07,506 INFO o.a.j.t.JMeterThread: Thread finished: Grupo de Hilos 1-80
2020-05-25 11:55:07,514 INFO o.a.j.t.JMeterThread: Thread finished: Grupo de Hilos 1-1
2020-05-25 11:55:07,530 INFO o.a.j.t.JMeterThread: Thread finished: Grupo de Hilos 1-137
2020-05-25 11:55:07,540 INFO o.a.j.t.JMeterThread: Thread finished: Grupo de Hilos 1-14
2020-05-25 11:55:07,549 INFO o.a.j.t.JMeterThread: Thread finished: Grupo de Hilos 1-36
2020-05-25 11:55:07,564 INFO o.a.j.t.JMeterThread: Thread finished: Grupo de Hilos 1-84
2020-05-25 11:55:07,569 INFO o.a.j.t.JMeterThread: Thread finished: Grupo de Hilos 1-148
2020-05-25 11:55:07,574 INFO o.a.j.t.JMeterThread: Thread finished: Grupo de Hilos 1-144
2020-05-25 11:55:07,582 INFO o.a.j.t.JMeterThread: Thread finished: Grupo de Hilos 1-11
2020-05-25 11:55:07,596 INFO o.a.j.t.JMeterThread: Thread finished: Grupo de Hilos 1-88
2020-05-25 11:55:07,612 INFO o.a.j.t.JMeterThread: Thread finished: Grupo de Hilos 1-147
2020-05-25 11:55:07,618 INFO o.a.j.t.JMeterThread: Thread finished: Grupo de Hilos 1-146
2020-05-25 11:55:07,636 INFO o.a.j.t.JMeterThread: Thread finished: Grupo de Hilos 1-33
2020-05-25 11:55:07,637 INFO o.a.j.t.JMeterThread: Thread finished: Grupo de Hilos 1-98
2020-05-25 11:55:07,647 INFO o.a.j.t.JMeterThread: Thread finished: Grupo de Hilos 1-152
2020-05-25 11:55:07,649 INFO o.a.j.t.JMeterThread: Thread finished: Grupo de Hilos 1-13
2020-05-25 11:55:07,650 INFO o.a.j.t.JMeterThread: Thread finished: Grupo de Hilos 1-82
2020-05-25 11:55:07,652 INFO o.a.j.t.JMeterThread: Thread finished: Grupo de Hilos 1-74
2020-05-25 11:55:07,680 INFO o.a.j.t.JMeterThread: Thread finished: Grupo de Hilos 1-16
2020-05-25 11:55:07,682 INFO o.a.j.t.JMeterThread: Thread finished: Grupo de Hilos 1-140
2020-05-25 11:55:07,686 INFO o.a.j.t.JMeterThread: Thread finished: Grupo de Hilos 1-102
2020-05-25 11:55:07,687 INFO o.a.j.t.JMeterThread: Thread finished: Grupo de Hilos 1-145
2020-05-25 11:55:07,695 INFO o.a.j.t.JMeterThread: Thread finished: Grupo de Hilos 1-32
2020-05-25 11:55:07,700 INFO o.a.j.t.JMeterThread: Thread finished: Grupo de Hilos 1-150
2020-05-25 11:55:07,703 INFO o.a.j.t.JMeterThread: Thread finished: Grupo de Hilos 1-86
2020-05-25 11:55:07,885 INFO o.a.j.t.JMeterThread: Thread finished: Grupo de Hilos 1-104
2020-05-25 11:55:07,886 INFO o.a.j.t.JMeterThread: Thread finished: Grupo de Hilos 1-155
2020-05-25 11:55:07,887 INFO o.a.j.t.JMeterThread: Thread finished: Grupo de Hilos 1-151
2020-05-25 11:55:07,915 INFO o.a.j.t.JMeterThread: Thread finished: Grupo de Hilos 1-108
2020-05-25 11:55:07,916 INFO o.a.j.t.JMeterThread: Thread finished: Grupo de Hilos 1-105
2020-05-25 11:55:07,947 INFO o.a.j.t.JMeterThread: Thread finished: Grupo de Hilos 1-28
2020-05-25 11:55:07,951 INFO o.a.j.t.JMeterThread: Thread finished: Grupo de Hilos 1-153
2020-05-25 11:55:07,957 INFO o.a.j.t.JMeterThread: Thread finished: Grupo de Hilos 1-10
2020-05-25 11:55:07,960 INFO o.a.j.t.JMeterThread: Thread finished: Grupo de Hilos 1-87
2020-05-25 11:55:07,969 INFO o.a.j.t.JMeterThread: Thread finished: Grupo de Hilos 1-15
2020-05-25 11:55:07,976 INFO o.a.j.t.JMeterThread: Thread finished: Grupo de Hilos 1-12
2020-05-25 11:55:07,980 INFO o.a.j.t.JMeterThread: Thread finished: Grupo de Hilos 1-18
2020-05-25 11:55:07,991 INFO o.a.j.t.JMeterThread: Thread finished: Grupo de Hilos 1-154
2020-05-25 11:55:07,991 INFO o.a.j.t.JMeterThread: Thread finished: Grupo de Hilos 1-20
2020-05-25 11:55:08,003 INFO o.a.j.t.JMeterThread: Thread finished: Grupo de Hilos 1-159
2020-05-25 11:55:08,006 INFO o.a.j.t.JMeterThread: Thread finished: Grupo de Hilos 1-132
2020-05-25 11:55:08,012 INFO o.a.j.t.JMeterThread: Thread finished: Grupo de Hilos 1-158
2020-05-25 11:55:08,017 INFO o.a.j.t.JMeterThread: Thread finished: Grupo de Hilos 1-67
2020-05-25 11:55:08,024 INFO o.a.j.t.JMeterThread: Thread finished: Grupo de Hilos 1-81
2020-05-25 11:55:08,038 INFO o.a.j.t.JMeterThread: Thread finished: Grupo de Hilos 1-2
2020-05-25 11:55:08,044 INFO o.a.j.t.JMeterThread: Thread finished: Grupo de Hilos 1-156
2020-05-25 11:55:08,052 INFO o.a.j.t.JMeterThread: Thread finished: Grupo de Hilos 1-126
2020-05-25 11:55:08,053 INFO o.a.j.t.JMeterThread: Thread finished: Grupo de Hilos 1-17
2020-05-25 11:55:08,053 INFO o.a.j.t.JMeterThread: Thread finished: Grupo de Hilos 1-83
2020-05-25 11:55:08,054 INFO o.a.j.t.JMeterThread: Thread finished: Grupo de Hilos 1-61
2020-05-25 11:55:08,061 INFO o.a.j.t.JMeterThread: Thread finished: Grupo de Hilos 1-135
2020-05-25 11:55:08,067 INFO o.a.j.t.JMeterThread: Thread finished: Grupo de Hilos 1-68
2020-05-25 11:55:08,068 INFO o.a.j.t.JMeterThread: Thread finished: Grupo de Hilos 1-136
2020-05-25 11:55:08,073 INFO o.a.j.t.JMeterThread: Thread finished: Grupo de Hilos 1-130
2020-05-25 11:55:08,075 INFO o.a.j.t.JMeterThread: Thread finished: Grupo de Hilos 1-71
2020-05-25 11:55:08,079 INFO o.a.j.t.JMeterThread: Thread finished: Grupo de Hilos 1-129
2020-05-25 11:55:08,097 INFO o.a.j.t.JMeterThread: Thread finished: Grupo de Hilos 1-89
2020-05-25 11:55:08,110 INFO o.a.j.t.JMeterThread: Thread finished: Grupo de Hilos 1-3
2020-05-25 11:55:08,113 INFO o.a.j.t.JMeterThread: Thread finished: Grupo de Hilos 1-138
2020-05-25 11:55:08,116 INFO o.a.j.t.JMeterThread: Thread finished: Grupo de Hilos 1-133
2020-05-25 11:55:08,129 INFO o.a.j.t.JMeterThread: Thread finished: Grupo de Hilos 1-4
2020-05-25 11:55:08,133 INFO o.a.j.t.JMeterThread: Thread finished: Grupo de Hilos 1-70
2020-05-25 11:55:08,134 INFO o.a.j.t.JMeterThread: Thread finished: Grupo de Hilos 1-51
2020-05-25 11:55:08,143 INFO o.a.j.t.JMeterThread: Thread finished: Grupo de Hilos 1-139
2020-05-25 11:55:08,155 INFO o.a.j.t.JMeterThread: Thread finished: Grupo de Hilos 1-8
2020-05-25 11:55:08,157 INFO o.a.j.t.JMeterThread: Thread finished: Grupo de Hilos 1-92
2020-05-25 11:55:08,161 INFO o.a.j.t.JMeterThread: Thread finished: Grupo de Hilos 1-56
2020-05-25 11:55:08,170 INFO o.a.j.t.JMeterThread: Thread finished: Grupo de Hilos 1-142
2020-05-25 11:55:08,197 INFO o.a.j.t.JMeterThread: Thread finished: Grupo de Hilos 1-44
2020-05-25 11:55:08,204 INFO o.a.j.t.JMeterThread: Thread finished: Grupo de Hilos 1-97
2020-05-25 11:55:08,205 INFO o.a.j.t.JMeterThread: Thread finished: Grupo de Hilos 1-58
2020-05-25 11:55:08,209 INFO o.a.j.t.JMeterThread: Thread finished: Grupo de Hilos 1-160
2020-05-25 11:55:08,212 INFO o.a.j.t.JMeterThread: Thread finished: Grupo de Hilos 1-128
2020-05-25 11:55:08,214 INFO o.a.j.t.JMeterThread: Thread finished: Grupo de Hilos 1-19
2020-05-25 11:55:08,218 INFO o.a.j.t.JMeterThread: Thread finished: Grupo de Hilos 1-118
2020-05-25 11:55:08,227 INFO o.a.j.t.JMeterThread: Thread finished: Grupo de Hilos 1-30
2020-05-25 11:55:08,235 INFO o.a.j.t.JMeterThread: Thread finished: Grupo de Hilos 1-24
2020-05-25 11:55:08,241 INFO o.a.j.t.JMeterThread: Thread finished: Grupo de Hilos 1-141
2020-05-25 11:55:08,268 INFO o.a.j.t.JMeterThread: Thread finished: Grupo de Hilos 1-75
2020-05-25 11:55:08,272 INFO o.a.j.t.JMeterThread: Thread finished: Grupo de Hilos 1-115
2020-05-25 11:55:08,272 INFO o.a.j.t.JMeterThread: Thread finished: Grupo de Hilos 1-39
2020-05-25 11:55:08,273 INFO o.a.j.t.JMeterThread: Thread finished: Grupo de Hilos 1-76
2020-05-25 11:55:08,298 INFO o.a.j.t.JMeterThread: Thread finished: Grupo de Hilos 1-9
2020-05-25 11:55:08,301 INFO o.a.j.t.JMeterThread: Thread finished: Grupo de Hilos 1-47
2020-05-25 11:55:08,331 INFO o.a.j.t.JMeterThread: Thread finished: Grupo de Hilos 1-96
2020-05-25 11:55:08,342 INFO o.a.j.t.JMeterThread: Thread finished: Grupo de Hilos 1-29
2020-05-25 11:55:08,345 INFO o.a.j.t.JMeterThread: Thread finished: Grupo de Hilos 1-77
2020-05-25 11:55:08,359 INFO o.a.j.t.JMeterThread: Thread finished: Grupo de Hilos 1-64
2020-05-25 11:55:08,365 INFO o.a.j.t.JMeterThread: Thread finished: Grupo de Hilos 1-143
2020-05-25 11:55:08,365 INFO o.a.j.t.JMeterThread: Thread finished: Grupo de Hilos 1-79
2020-05-25 11:55:08,401 INFO o.a.j.t.JMeterThread: Thread finished: Grupo de Hilos 1-110
2020-05-25 11:55:08,422 INFO o.a.j.t.JMeterThread: Thread finished: Grupo de Hilos 1-41
2020-05-25 11:55:08,430 INFO o.a.j.t.JMeterThread: Thread finished: Grupo de Hilos 1-95
2020-05-25 11:55:08,495 INFO o.a.j.t.JMeterThread: Thread finished: Grupo de Hilos 1-131
2020-05-25 11:55:08,506 INFO o.a.j.t.JMeterThread: Thread finished: Grupo de Hilos 1-72
2020-05-25 11:55:08,512 INFO o.a.j.t.JMeterThread: Thread finished: Grupo de Hilos 1-99
2020-05-25 11:55:08,525 INFO o.a.j.t.JMeterThread: Thread finished: Grupo de Hilos 1-34
2020-05-25 11:55:08,544 INFO o.a.j.t.JMeterThread: Thread finished: Grupo de Hilos 1-21
2020-05-25 11:55:08,642 INFO o.a.j.t.JMeterThread: Thread finished: Grupo de Hilos 1-31
2020-05-25 11:55:08,645 INFO o.a.j.t.JMeterThread: Thread finished: Grupo de Hilos 1-100
2020-05-25 11:55:08,646 INFO o.a.j.t.JMeterThread: Thread finished: Grupo de Hilos 1-27
2020-05-25 11:55:08,646 INFO o.a.j.t.JMeterThread: Thread finished: Grupo de Hilos 1-103
2020-05-25 11:55:08,720 INFO o.a.j.t.JMeterThread: Thread finished: Grupo de Hilos 1-101
2020-05-25 11:55:08,721 INFO o.a.j.t.JMeterThread: Thread finished: Grupo de Hilos 1-157
2020-05-25 11:55:08,779 INFO o.a.j.t.JMeterThread: Thread finished: Grupo de Hilos 1-23
2020-05-25 11:55:08,853 INFO o.a.j.t.JMeterThread: Thread finished: Grupo de Hilos 1-42
2020-05-25 11:55:08,858 INFO o.a.j.t.JMeterThread: Thread finished: Grupo de Hilos 1-93
2020-05-25 11:55:08,864 INFO o.a.j.t.JMeterThread: Thread finished: Grupo de Hilos 1-111
2020-05-25 11:55:08,898 INFO o.a.j.t.JMeterThread: Thread finished: Grupo de Hilos 1-38
2020-05-25 11:55:08,921 INFO o.a.j.t.JMeterThread: Thread finished: Grupo de Hilos 1-22
2020-05-25 11:55:08,922 INFO o.a.j.t.JMeterThread: Thread finished: Grupo de Hilos 1-26
2020-05-25 11:55:08,994 INFO o.a.j.t.JMeterThread: Thread finished: Grupo de Hilos 1-91
2020-05-25 11:55:09,000 INFO o.a.j.t.JMeterThread: Thread finished: Grupo de Hilos 1-57
2020-05-25 11:55:09,085 INFO o.a.j.t.JMeterThread: Thread finished: Grupo de Hilos 1-107
2020-05-25 11:55:09,108 INFO o.a.j.t.JMeterThread: Thread finished: Grupo de Hilos 1-45
2020-05-25 11:55:09,113 INFO o.a.j.t.JMeterThread: Thread finished: Grupo de Hilos 1-114
2020-05-25 11:55:09,118 INFO o.a.j.t.JMeterThread: Thread finished: Grupo de Hilos 1-49
2020-05-25 11:55:09,120 INFO o.a.j.t.JMeterThread: Thread finished: Grupo de Hilos 1-94
2020-05-25 11:55:09,120 INFO o.a.j.t.JMeterThread: Thread finished: Grupo de Hilos 1-73
2020-05-25 11:55:09,160 INFO o.a.j.t.JMeterThread: Thread finished: Grupo de Hilos 1-85
2020-05-25 11:55:09,245 INFO o.a.j.t.JMeterThread: Thread finished: Grupo de Hilos 1-59
2020-05-25 11:55:09,261 INFO o.a.j.t.JMeterThread: Thread finished: Grupo de Hilos 1-112
2020-05-25 11:55:09,262 INFO o.a.j.t.JMeterThread: Thread finished: Grupo de Hilos 1-119
2020-05-25 11:55:09,263 INFO o.a.j.t.JMeterThread: Thread finished: Grupo de Hilos 1-106
2020-05-25 11:55:09,266 INFO o.a.j.t.JMeterThread: Thread finished: Grupo de Hilos 1-78
2020-05-25 11:55:09,275 INFO o.a.j.t.JMeterThread: Thread finished: Grupo de Hilos 1-149
2020-05-25 11:55:09,277 INFO o.a.j.t.JMeterThread: Thread finished: Grupo de Hilos 1-125
2020-05-25 11:55:09,279 INFO o.a.j.t.JMeterThread: Stopping because end time detected by thread: Grupo de Hilos 1-60
2020-05-25 11:55:09,280 INFO o.a.j.t.JMeterThread: Thread finished: Grupo de Hilos 1-60
2020-05-25 11:55:09,281 INFO o.a.j.t.JMeterThread: Thread finished: Grupo de Hilos 1-127
2020-05-25 11:55:09,296 INFO o.a.j.t.JMeterThread: Stopping because end time detected by thread: Grupo de Hilos 1-62
2020-05-25 11:55:09,296 INFO o.a.j.t.JMeterThread: Thread finished: Grupo de Hilos 1-62
2020-05-25 11:55:09,366 INFO o.a.j.t.JMeterThread: Thread finished: Grupo de Hilos 1-113
2020-05-25 11:55:09,366 INFO o.a.j.t.JMeterThread: Stopping because end time detected by thread: Grupo de Hilos 1-50
2020-05-25 11:55:09,367 INFO o.a.j.t.JMeterThread: Thread finished: Grupo de Hilos 1-50
2020-05-25 11:55:09,370 INFO o.a.j.t.JMeterThread: Thread finished: Grupo de Hilos 1-109
2020-05-25 11:55:09,370 INFO o.a.j.t.JMeterThread: Thread finished: Grupo de Hilos 1-117
2020-05-25 11:55:09,371 INFO o.a.j.t.JMeterThread: Thread finished: Grupo de Hilos 1-124
2020-05-25 11:55:09,372 INFO o.a.j.t.JMeterThread: Thread finished: Grupo de Hilos 1-120
2020-05-25 11:55:09,392 INFO o.a.j.t.JMeterThread: Thread finished: Grupo de Hilos 1-123
2020-05-25 11:55:09,392 INFO o.a.j.e.StandardJMeterEngine: Notifying test listeners of end of test
2020-05-25 11:55:09,396 INFO o.a.j.r.Summariser: summary +    666 in 00:00:09 =   70,9/s Avg:   234 Min:     5 Max:  1803 Err:     0 (0,00%) Active: 0 Started: 160 Finished: 160
2020-05-25 11:55:09,397 INFO o.a.j.r.Summariser: summary =  45439 in 00:10:52 =   69,7/s Avg:   198 Min:     4 Max:  1803 Err:     0 (0,00%)
