2020-05-25 11:33:17,413 INFO o.a.j.u.JMeterUtils: Setting Locale to es_ES
2020-05-25 11:33:17,441 INFO o.a.j.u.JMeterUtils: Could not find resources for 'es_ES', using 'es'
2020-05-25 11:33:17,443 INFO o.a.j.JMeter: Loading user properties from: /home/juaherr/Documentos/erss/practica_jmeter/jmeter/bin/user.properties
2020-05-25 11:33:17,445 INFO o.a.j.JMeter: Loading system properties from: /home/juaherr/Documentos/erss/practica_jmeter/jmeter/bin/system.properties
2020-05-25 11:33:17,446 INFO o.a.j.JMeter: Setting System property: THREADS=80
2020-05-25 11:33:17,446 INFO o.a.j.JMeter: Setting System property: RAMP_UP=26
2020-05-25 11:33:17,446 INFO o.a.j.JMeter: Setting System property: DURATION=626
2020-05-25 11:33:17,446 INFO o.a.j.JMeter: Setting System property: PERFMON=perfResultados80.jtl
2020-05-25 11:33:17,448 INFO o.a.j.JMeter: Copyright (c) 1998-2019 The Apache Software Foundation
2020-05-25 11:33:17,448 INFO o.a.j.JMeter: Version 5.2.1
2020-05-25 11:33:17,448 INFO o.a.j.JMeter: java.version=1.8.0_242
2020-05-25 11:33:17,448 INFO o.a.j.JMeter: java.vm.name=OpenJDK 64-Bit Server VM
2020-05-25 11:33:17,448 INFO o.a.j.JMeter: os.name=Linux
2020-05-25 11:33:17,448 INFO o.a.j.JMeter: os.arch=amd64
2020-05-25 11:33:17,448 INFO o.a.j.JMeter: os.version=5.4.28-gentoo-eii
2020-05-25 11:33:17,449 INFO o.a.j.JMeter: file.encoding=UTF-8
2020-05-25 11:33:17,449 INFO o.a.j.JMeter: java.awt.headless=true
2020-05-25 11:33:17,449 INFO o.a.j.JMeter: Max memory     =259522560
2020-05-25 11:33:17,449 INFO o.a.j.JMeter: Available Processors =1
2020-05-25 11:33:17,457 INFO o.a.j.JMeter: Default Locale=español (España)
2020-05-25 11:33:17,458 INFO o.a.j.JMeter: JMeter  Locale=español (España)
2020-05-25 11:33:17,458 INFO o.a.j.JMeter: JMeterHome=/home/juaherr/Documentos/erss/practica_jmeter/jmeter
2020-05-25 11:33:17,458 INFO o.a.j.JMeter: user.dir  =/home/juaherr/Documentos/erss/practica_jmeter/practica3/mañana
2020-05-25 11:33:17,458 INFO o.a.j.JMeter: PWD       =/home/juaherr/Documentos/erss/practica_jmeter/practica3/mañana
2020-05-25 11:33:17,458 INFO o.a.j.JMeter: IP: 157.88.125.192 Name: jair.lab.inf.uva.es FullName: jair.lab.inf.uva.es
2020-05-25 11:33:17,464 INFO o.a.j.s.FileServer: Default base='/home/juaherr/Documentos/erss/practica_jmeter/practica3/mañana'
2020-05-25 11:33:17,468 INFO o.a.j.s.FileServer: Set new base='/home/juaherr/Documentos/erss/practica_jmeter/practica3/mañana'
2020-05-25 11:33:17,624 INFO o.a.j.s.SaveService: Testplan (JMX) version: 2.2. Testlog (JTL) version: 2.2
2020-05-25 11:33:17,636 INFO o.a.j.s.SaveService: Using SaveService properties file encoding UTF-8
2020-05-25 11:33:17,645 INFO o.a.j.s.SaveService: Using SaveService properties version 5.0
2020-05-25 11:33:17,655 INFO o.a.j.s.SaveService: Loading file: modificar_stock.jmx
2020-05-25 11:33:17,698 INFO o.a.j.p.h.c.CookieManager: Settings: Delete null: true Check: true Allow variable: true Save: false Prefix: COOKIE_
2020-05-25 11:33:17,719 INFO o.a.j.p.h.s.HTTPSamplerBase: Parser for text/html is org.apache.jmeter.protocol.http.parser.LagartoBasedHtmlParser
2020-05-25 11:33:17,719 INFO o.a.j.p.h.s.HTTPSamplerBase: Parser for application/xhtml+xml is org.apache.jmeter.protocol.http.parser.LagartoBasedHtmlParser
2020-05-25 11:33:17,719 INFO o.a.j.p.h.s.HTTPSamplerBase: Parser for application/xml is org.apache.jmeter.protocol.http.parser.LagartoBasedHtmlParser
2020-05-25 11:33:17,719 INFO o.a.j.p.h.s.HTTPSamplerBase: Parser for text/xml is org.apache.jmeter.protocol.http.parser.LagartoBasedHtmlParser
2020-05-25 11:33:17,719 INFO o.a.j.p.h.s.HTTPSamplerBase: Parser for text/vnd.wap.wml is org.apache.jmeter.protocol.http.parser.RegexpHTMLParser
2020-05-25 11:33:17,719 INFO o.a.j.p.h.s.HTTPSamplerBase: Parser for text/css is org.apache.jmeter.protocol.http.parser.CssParser
2020-05-25 11:33:17,795 INFO o.a.j.JMeter: Creating summariser <summary>
2020-05-25 11:33:17,808 INFO o.a.j.e.StandardJMeterEngine: Running the test!
2020-05-25 11:33:17,809 INFO o.a.j.s.SampleEvent: List of sample_variables: []
2020-05-25 11:33:17,809 INFO o.a.j.s.SampleEvent: List of sample_variables: []
2020-05-25 11:33:17,815 INFO o.a.j.e.u.CompoundVariable: Note: Function class names must contain the string: '.functions.'
2020-05-25 11:33:17,815 INFO o.a.j.e.u.CompoundVariable: Note: Function class names must not contain the string: '.gui.'
2020-05-25 11:33:18,320 INFO o.a.j.JMeter: Test lanzado (1590399198319)
2020-05-25 11:33:18,355 INFO o.a.j.e.StandardJMeterEngine: Starting ThreadGroup: 1 : Grupo de Hilos
2020-05-25 11:33:18,355 INFO o.a.j.e.StandardJMeterEngine: Starting 80 threads for group Grupo de Hilos.
2020-05-25 11:33:18,355 INFO o.a.j.e.StandardJMeterEngine: Thread will continue on error
2020-05-25 11:33:18,355 INFO o.a.j.t.ThreadGroup: Starting thread group... number=1 threads=80 ramp-up=26 delayedStart=false
2020-05-25 11:33:18,367 INFO o.a.j.s.SampleResult: Note: Sample TimeStamps are START times
2020-05-25 11:33:18,368 INFO o.a.j.s.SampleResult: sampleresult.default.encoding is set to ISO-8859-1
2020-05-25 11:33:18,368 INFO o.a.j.s.SampleResult: sampleresult.useNanoTime=true
2020-05-25 11:33:18,368 INFO o.a.j.s.SampleResult: sampleresult.nanoThreadSleep=5000
2020-05-25 11:33:18,383 INFO o.a.j.t.JMeterThread: Thread started: Grupo de Hilos 1-1
2020-05-25 11:33:18,594 INFO o.a.j.t.ThreadGroup: Started thread group number 1
2020-05-25 11:33:18,594 INFO o.a.j.e.StandardJMeterEngine: All thread groups have been started
2020-05-25 11:33:18,699 INFO o.a.j.t.JMeterThread: Thread started: Grupo de Hilos 1-2
2020-05-25 11:33:19,013 INFO o.a.j.t.JMeterThread: Thread started: Grupo de Hilos 1-3
2020-05-25 11:33:19,333 INFO o.a.j.t.JMeterThread: Thread started: Grupo de Hilos 1-4
2020-05-25 11:33:19,659 INFO o.a.j.t.JMeterThread: Thread started: Grupo de Hilos 1-5
2020-05-25 11:33:19,988 INFO o.a.j.t.JMeterThread: Thread started: Grupo de Hilos 1-6
2020-05-25 11:33:20,314 INFO o.a.j.t.JMeterThread: Thread started: Grupo de Hilos 1-7
2020-05-25 11:33:20,414 INFO o.a.j.p.h.s.HTTPHCAbstractImpl: Local host = jair.lab.inf.uva.es
2020-05-25 11:33:20,422 INFO o.a.j.p.h.s.HTTPHC4Impl: HTTP request retry count = 0
2020-05-25 11:33:20,637 INFO o.a.j.t.JMeterThread: Thread started: Grupo de Hilos 1-8
2020-05-25 11:33:20,965 INFO o.a.j.t.JMeterThread: Thread started: Grupo de Hilos 1-9
2020-05-25 11:33:21,287 INFO o.a.j.t.JMeterThread: Thread started: Grupo de Hilos 1-10
2020-05-25 11:33:21,611 INFO o.a.j.t.JMeterThread: Thread started: Grupo de Hilos 1-11
2020-05-25 11:33:21,935 INFO o.a.j.t.JMeterThread: Thread started: Grupo de Hilos 1-12
2020-05-25 11:33:22,268 INFO o.a.j.t.JMeterThread: Thread started: Grupo de Hilos 1-13
2020-05-25 11:33:22,588 INFO o.a.j.t.JMeterThread: Thread started: Grupo de Hilos 1-14
2020-05-25 11:33:22,911 INFO o.a.j.t.JMeterThread: Thread started: Grupo de Hilos 1-15
2020-05-25 11:33:23,235 INFO o.a.j.t.JMeterThread: Thread started: Grupo de Hilos 1-16
2020-05-25 11:33:23,559 INFO o.a.j.t.JMeterThread: Thread started: Grupo de Hilos 1-17
2020-05-25 11:33:23,892 INFO o.a.j.t.JMeterThread: Thread started: Grupo de Hilos 1-18
2020-05-25 11:33:24,217 INFO o.a.j.t.JMeterThread: Thread started: Grupo de Hilos 1-19
2020-05-25 11:33:24,541 INFO o.a.j.t.JMeterThread: Thread started: Grupo de Hilos 1-20
2020-05-25 11:33:24,859 INFO o.a.j.t.JMeterThread: Thread started: Grupo de Hilos 1-21
2020-05-25 11:33:25,185 INFO o.a.j.t.JMeterThread: Thread started: Grupo de Hilos 1-22
2020-05-25 11:33:25,510 INFO o.a.j.t.JMeterThread: Thread started: Grupo de Hilos 1-23
2020-05-25 11:33:25,832 INFO o.a.j.t.JMeterThread: Thread started: Grupo de Hilos 1-24
2020-05-25 11:33:26,157 INFO o.a.j.t.JMeterThread: Thread started: Grupo de Hilos 1-25
2020-05-25 11:33:26,482 INFO o.a.j.t.JMeterThread: Thread started: Grupo de Hilos 1-26
2020-05-25 11:33:26,807 INFO o.a.j.t.JMeterThread: Thread started: Grupo de Hilos 1-27
2020-05-25 11:33:27,132 INFO o.a.j.t.JMeterThread: Thread started: Grupo de Hilos 1-28
2020-05-25 11:33:27,457 INFO o.a.j.t.JMeterThread: Thread started: Grupo de Hilos 1-29
2020-05-25 11:33:27,782 INFO o.a.j.t.JMeterThread: Thread started: Grupo de Hilos 1-30
2020-05-25 11:33:28,179 INFO o.a.j.t.JMeterThread: Thread started: Grupo de Hilos 1-31
2020-05-25 11:33:28,437 INFO o.a.j.t.JMeterThread: Thread started: Grupo de Hilos 1-32
2020-05-25 11:33:28,757 INFO o.a.j.t.JMeterThread: Thread started: Grupo de Hilos 1-33
2020-05-25 11:33:29,082 INFO o.a.j.t.JMeterThread: Thread started: Grupo de Hilos 1-34
2020-05-25 11:33:29,408 INFO o.a.j.t.JMeterThread: Thread started: Grupo de Hilos 1-35
2020-05-25 11:33:29,732 INFO o.a.j.t.JMeterThread: Thread started: Grupo de Hilos 1-36
2020-05-25 11:33:30,057 INFO o.a.j.t.JMeterThread: Thread started: Grupo de Hilos 1-37
2020-05-25 11:33:30,063 INFO o.a.j.r.Summariser: summary +     89 in 00:00:12 =    7,6/s Avg:    25 Min:     5 Max:   145 Err:     0 (0,00%) Active: 37 Started: 37 Finished: 0
2020-05-25 11:33:30,382 INFO o.a.j.t.JMeterThread: Thread started: Grupo de Hilos 1-38
2020-05-25 11:33:30,721 INFO o.a.j.t.JMeterThread: Thread started: Grupo de Hilos 1-39
2020-05-25 11:33:31,032 INFO o.a.j.t.JMeterThread: Thread started: Grupo de Hilos 1-40
2020-05-25 11:33:31,357 INFO o.a.j.t.JMeterThread: Thread started: Grupo de Hilos 1-41
2020-05-25 11:33:31,681 INFO o.a.j.t.JMeterThread: Thread started: Grupo de Hilos 1-42
2020-05-25 11:33:32,006 INFO o.a.j.t.JMeterThread: Thread started: Grupo de Hilos 1-43
2020-05-25 11:33:32,346 INFO o.a.j.t.JMeterThread: Thread started: Grupo de Hilos 1-44
2020-05-25 11:33:32,671 INFO o.a.j.t.JMeterThread: Thread started: Grupo de Hilos 1-45
2020-05-25 11:33:32,995 INFO o.a.j.t.JMeterThread: Thread started: Grupo de Hilos 1-46
2020-05-25 11:33:33,307 INFO o.a.j.t.JMeterThread: Thread started: Grupo de Hilos 1-47
2020-05-25 11:33:33,636 INFO o.a.j.t.JMeterThread: Thread started: Grupo de Hilos 1-48
2020-05-25 11:33:33,957 INFO o.a.j.t.JMeterThread: Thread started: Grupo de Hilos 1-49
2020-05-25 11:33:34,282 INFO o.a.j.t.JMeterThread: Thread started: Grupo de Hilos 1-50
2020-05-25 11:33:34,622 INFO o.a.j.t.JMeterThread: Thread started: Grupo de Hilos 1-51
2020-05-25 11:33:34,932 INFO o.a.j.t.JMeterThread: Thread started: Grupo de Hilos 1-52
2020-05-25 11:33:35,259 INFO o.a.j.t.JMeterThread: Thread started: Grupo de Hilos 1-53
2020-05-25 11:33:35,582 INFO o.a.j.t.JMeterThread: Thread started: Grupo de Hilos 1-54
2020-05-25 11:33:35,908 INFO o.a.j.t.JMeterThread: Thread started: Grupo de Hilos 1-55
2020-05-25 11:33:36,232 INFO o.a.j.t.JMeterThread: Thread started: Grupo de Hilos 1-56
2020-05-25 11:33:36,556 INFO o.a.j.t.JMeterThread: Thread started: Grupo de Hilos 1-57
2020-05-25 11:33:36,883 INFO o.a.j.t.JMeterThread: Thread started: Grupo de Hilos 1-58
2020-05-25 11:33:37,208 INFO o.a.j.t.JMeterThread: Thread started: Grupo de Hilos 1-59
2020-05-25 11:33:37,532 INFO o.a.j.t.JMeterThread: Thread started: Grupo de Hilos 1-60
2020-05-25 11:33:37,858 INFO o.a.j.t.JMeterThread: Thread started: Grupo de Hilos 1-61
2020-05-25 11:33:38,183 INFO o.a.j.t.JMeterThread: Thread started: Grupo de Hilos 1-62
2020-05-25 11:33:38,559 INFO o.a.j.t.JMeterThread: Thread started: Grupo de Hilos 1-63
2020-05-25 11:33:38,833 INFO o.a.j.t.JMeterThread: Thread started: Grupo de Hilos 1-64
2020-05-25 11:33:39,157 INFO o.a.j.t.JMeterThread: Thread started: Grupo de Hilos 1-65
2020-05-25 11:33:39,482 INFO o.a.j.t.JMeterThread: Thread started: Grupo de Hilos 1-66
2020-05-25 11:33:39,807 INFO o.a.j.t.JMeterThread: Thread started: Grupo de Hilos 1-67
2020-05-25 11:33:40,132 INFO o.a.j.t.JMeterThread: Thread started: Grupo de Hilos 1-68
2020-05-25 11:33:40,456 INFO o.a.j.t.JMeterThread: Thread started: Grupo de Hilos 1-69
2020-05-25 11:33:40,781 INFO o.a.j.t.JMeterThread: Thread started: Grupo de Hilos 1-70
2020-05-25 11:33:41,173 INFO o.a.j.t.JMeterThread: Thread started: Grupo de Hilos 1-71
2020-05-25 11:33:41,505 INFO o.a.j.t.JMeterThread: Thread started: Grupo de Hilos 1-72
2020-05-25 11:33:41,827 INFO o.a.j.t.JMeterThread: Thread started: Grupo de Hilos 1-73
2020-05-25 11:33:42,082 INFO o.a.j.t.JMeterThread: Thread started: Grupo de Hilos 1-74
2020-05-25 11:33:42,408 INFO o.a.j.t.JMeterThread: Thread started: Grupo de Hilos 1-75
2020-05-25 11:33:42,732 INFO o.a.j.t.JMeterThread: Thread started: Grupo de Hilos 1-76
2020-05-25 11:33:43,056 INFO o.a.j.t.JMeterThread: Thread started: Grupo de Hilos 1-77
2020-05-25 11:33:43,381 INFO o.a.j.t.JMeterThread: Thread started: Grupo de Hilos 1-78
2020-05-25 11:33:43,708 INFO o.a.j.t.JMeterThread: Thread started: Grupo de Hilos 1-79
2020-05-25 11:33:44,034 INFO o.a.j.t.JMeterThread: Thread started: Grupo de Hilos 1-80
2020-05-25 11:34:00,025 INFO o.a.j.r.Summariser: summary +   1009 in 00:00:30 =   33,7/s Avg:    31 Min:     4 Max:   240 Err:     0 (0,00%) Active: 80 Started: 80 Finished: 0
2020-05-25 11:34:00,026 INFO o.a.j.r.Summariser: summary =   1098 in 00:00:42 =   26,3/s Avg:    31 Min:     4 Max:   240 Err:     0 (0,00%)
2020-05-25 11:34:30,018 INFO o.a.j.r.Summariser: summary +   1178 in 00:00:30 =   39,3/s Avg:    33 Min:     4 Max:   337 Err:     0 (0,00%) Active: 80 Started: 80 Finished: 0
2020-05-25 11:34:30,019 INFO o.a.j.r.Summariser: summary =   2276 in 00:01:12 =   31,7/s Avg:    32 Min:     4 Max:   337 Err:     0 (0,00%)
2020-05-25 11:35:00,003 INFO o.a.j.r.Summariser: summary +   1176 in 00:00:30 =   39,2/s Avg:    33 Min:     4 Max:   294 Err:     0 (0,00%) Active: 80 Started: 80 Finished: 0
2020-05-25 11:35:00,004 INFO o.a.j.r.Summariser: summary =   3452 in 00:01:42 =   33,9/s Avg:    32 Min:     4 Max:   337 Err:     0 (0,00%)
2020-05-25 11:35:30,028 INFO o.a.j.r.Summariser: summary +   1183 in 00:00:30 =   39,4/s Avg:    33 Min:     4 Max:   264 Err:     0 (0,00%) Active: 80 Started: 80 Finished: 0
2020-05-25 11:35:30,028 INFO o.a.j.r.Summariser: summary =   4635 in 00:02:12 =   35,2/s Avg:    33 Min:     4 Max:   337 Err:     0 (0,00%)
2020-05-25 11:36:00,015 INFO o.a.j.r.Summariser: summary +   1167 in 00:00:30 =   38,9/s Avg:    35 Min:     4 Max:   293 Err:     0 (0,00%) Active: 80 Started: 80 Finished: 0
2020-05-25 11:36:00,016 INFO o.a.j.r.Summariser: summary =   5802 in 00:02:42 =   35,9/s Avg:    33 Min:     4 Max:   337 Err:     0 (0,00%)
2020-05-25 11:36:30,072 INFO o.a.j.r.Summariser: summary +   1185 in 00:00:30 =   39,4/s Avg:    36 Min:     4 Max:   608 Err:     0 (0,00%) Active: 80 Started: 80 Finished: 0
2020-05-25 11:36:30,074 INFO o.a.j.r.Summariser: summary =   6987 in 00:03:12 =   36,4/s Avg:    34 Min:     4 Max:   608 Err:     0 (0,00%)
2020-05-25 11:37:00,008 INFO o.a.j.r.Summariser: summary +   1180 in 00:00:30 =   39,4/s Avg:    31 Min:     4 Max:   259 Err:     0 (0,00%) Active: 80 Started: 80 Finished: 0
2020-05-25 11:37:00,009 INFO o.a.j.r.Summariser: summary =   8167 in 00:03:42 =   36,8/s Avg:    33 Min:     4 Max:   608 Err:     0 (0,00%)
2020-05-25 11:37:30,068 INFO o.a.j.r.Summariser: summary +   1184 in 00:00:30 =   39,4/s Avg:    29 Min:     3 Max:   269 Err:     0 (0,00%) Active: 80 Started: 80 Finished: 0
2020-05-25 11:37:30,069 INFO o.a.j.r.Summariser: summary =   9351 in 00:04:12 =   37,1/s Avg:    33 Min:     3 Max:   608 Err:     0 (0,00%)
2020-05-25 11:38:00,005 INFO o.a.j.r.Summariser: summary +   1174 in 00:00:30 =   39,2/s Avg:    31 Min:     4 Max:   213 Err:     0 (0,00%) Active: 80 Started: 80 Finished: 0
2020-05-25 11:38:00,006 INFO o.a.j.r.Summariser: summary =  10525 in 00:04:42 =   37,4/s Avg:    32 Min:     3 Max:   608 Err:     0 (0,00%)
2020-05-25 11:38:30,102 INFO o.a.j.r.Summariser: summary +   1190 in 00:00:30 =   39,5/s Avg:    29 Min:     4 Max:   170 Err:     0 (0,00%) Active: 80 Started: 80 Finished: 0
2020-05-25 11:38:30,102 INFO o.a.j.r.Summariser: summary =  11715 in 00:05:12 =   37,6/s Avg:    32 Min:     3 Max:   608 Err:     0 (0,00%)
2020-05-25 11:39:00,052 INFO o.a.j.r.Summariser: summary +   1178 in 00:00:30 =   39,3/s Avg:    34 Min:     4 Max:   351 Err:     0 (0,00%) Active: 80 Started: 80 Finished: 0
2020-05-25 11:39:00,053 INFO o.a.j.r.Summariser: summary =  12893 in 00:05:42 =   37,7/s Avg:    32 Min:     3 Max:   608 Err:     0 (0,00%)
2020-05-25 11:39:30,022 INFO o.a.j.r.Summariser: summary +   1167 in 00:00:30 =   38,9/s Avg:    45 Min:     3 Max:   529 Err:     0 (0,00%) Active: 80 Started: 80 Finished: 0
2020-05-25 11:39:30,022 INFO o.a.j.r.Summariser: summary =  14060 in 00:06:12 =   37,8/s Avg:    33 Min:     3 Max:   608 Err:     0 (0,00%)
2020-05-25 11:40:00,021 INFO o.a.j.r.Summariser: summary +   1175 in 00:00:30 =   39,2/s Avg:    54 Min:     3 Max:   557 Err:     0 (0,00%) Active: 80 Started: 80 Finished: 0
2020-05-25 11:40:00,021 INFO o.a.j.r.Summariser: summary =  15235 in 00:06:42 =   37,9/s Avg:    35 Min:     3 Max:   608 Err:     0 (0,00%)
2020-05-25 11:40:30,015 INFO o.a.j.r.Summariser: summary +   1170 in 00:00:30 =   39,0/s Avg:    33 Min:     4 Max:   341 Err:     0 (0,00%) Active: 80 Started: 80 Finished: 0
2020-05-25 11:40:30,016 INFO o.a.j.r.Summariser: summary =  16405 in 00:07:12 =   38,0/s Avg:    35 Min:     3 Max:   608 Err:     0 (0,00%)
2020-05-25 11:41:00,006 INFO o.a.j.r.Summariser: summary +   1184 in 00:00:30 =   39,5/s Avg:    33 Min:     4 Max:   336 Err:     0 (0,00%) Active: 80 Started: 80 Finished: 0
2020-05-25 11:41:00,006 INFO o.a.j.r.Summariser: summary =  17589 in 00:07:42 =   38,1/s Avg:    35 Min:     3 Max:   608 Err:     0 (0,00%)
2020-05-25 11:41:30,051 INFO o.a.j.r.Summariser: summary +   1183 in 00:00:30 =   39,4/s Avg:    32 Min:     4 Max:   216 Err:     0 (0,00%) Active: 80 Started: 80 Finished: 0
2020-05-25 11:41:30,052 INFO o.a.j.r.Summariser: summary =  18772 in 00:08:12 =   38,2/s Avg:    34 Min:     3 Max:   608 Err:     0 (0,00%)
2020-05-25 11:42:00,016 INFO o.a.j.r.Summariser: summary +   1175 in 00:00:30 =   39,2/s Avg:    35 Min:     4 Max:   388 Err:     0 (0,00%) Active: 80 Started: 80 Finished: 0
2020-05-25 11:42:00,016 INFO o.a.j.r.Summariser: summary =  19947 in 00:08:42 =   38,2/s Avg:    34 Min:     3 Max:   608 Err:     0 (0,00%)
2020-05-25 11:42:30,025 INFO o.a.j.r.Summariser: summary +   1178 in 00:00:30 =   39,3/s Avg:    35 Min:     4 Max:   332 Err:     0 (0,00%) Active: 80 Started: 80 Finished: 0
2020-05-25 11:42:30,027 INFO o.a.j.r.Summariser: summary =  21125 in 00:09:12 =   38,3/s Avg:    34 Min:     3 Max:   608 Err:     0 (0,00%)
2020-05-25 11:43:00,098 INFO o.a.j.r.Summariser: summary +   1185 in 00:00:30 =   39,4/s Avg:    32 Min:     4 Max:   211 Err:     0 (0,00%) Active: 80 Started: 80 Finished: 0
2020-05-25 11:43:00,098 INFO o.a.j.r.Summariser: summary =  22310 in 00:09:42 =   38,3/s Avg:    34 Min:     3 Max:   608 Err:     0 (0,00%)
2020-05-25 11:43:30,065 INFO o.a.j.r.Summariser: summary +   1175 in 00:00:30 =   39,2/s Avg:    35 Min:     4 Max:   329 Err:     0 (0,00%) Active: 80 Started: 80 Finished: 0
2020-05-25 11:43:30,065 INFO o.a.j.r.Summariser: summary =  23485 in 00:10:12 =   38,4/s Avg:    34 Min:     3 Max:   608 Err:     0 (0,00%)
2020-05-25 11:43:42,472 INFO o.a.j.t.JMeterThread: Thread finished: Grupo de Hilos 1-26
2020-05-25 11:43:42,495 INFO o.a.j.t.JMeterThread: Thread finished: Grupo de Hilos 1-38
2020-05-25 11:43:42,530 INFO o.a.j.t.JMeterThread: Thread finished: Grupo de Hilos 1-15
2020-05-25 11:43:42,628 INFO o.a.j.t.JMeterThread: Thread finished: Grupo de Hilos 1-1
2020-05-25 11:43:42,634 INFO o.a.j.t.JMeterThread: Thread finished: Grupo de Hilos 1-41
2020-05-25 11:43:42,637 INFO o.a.j.t.JMeterThread: Thread finished: Grupo de Hilos 1-44
2020-05-25 11:43:42,654 INFO o.a.j.t.JMeterThread: Thread finished: Grupo de Hilos 1-16
2020-05-25 11:43:42,663 INFO o.a.j.t.JMeterThread: Thread finished: Grupo de Hilos 1-17
2020-05-25 11:43:42,671 INFO o.a.j.t.JMeterThread: Thread finished: Grupo de Hilos 1-13
2020-05-25 11:43:42,697 INFO o.a.j.t.JMeterThread: Thread finished: Grupo de Hilos 1-25
2020-05-25 11:43:42,701 INFO o.a.j.t.JMeterThread: Thread finished: Grupo de Hilos 1-65
2020-05-25 11:43:42,702 INFO o.a.j.t.JMeterThread: Thread finished: Grupo de Hilos 1-68
2020-05-25 11:43:42,703 INFO o.a.j.t.JMeterThread: Thread finished: Grupo de Hilos 1-71
2020-05-25 11:43:42,774 INFO o.a.j.t.JMeterThread: Thread finished: Grupo de Hilos 1-77
2020-05-25 11:43:42,784 INFO o.a.j.t.JMeterThread: Thread finished: Grupo de Hilos 1-74
2020-05-25 11:43:42,796 INFO o.a.j.t.JMeterThread: Thread finished: Grupo de Hilos 1-10
2020-05-25 11:43:42,821 INFO o.a.j.t.JMeterThread: Thread finished: Grupo de Hilos 1-7
2020-05-25 11:43:42,827 INFO o.a.j.t.JMeterThread: Thread finished: Grupo de Hilos 1-79
2020-05-25 11:43:42,832 INFO o.a.j.t.JMeterThread: Thread finished: Grupo de Hilos 1-2
2020-05-25 11:43:42,834 INFO o.a.j.t.JMeterThread: Thread finished: Grupo de Hilos 1-75
2020-05-25 11:43:42,886 INFO o.a.j.t.JMeterThread: Thread finished: Grupo de Hilos 1-27
2020-05-25 11:43:42,951 INFO o.a.j.t.JMeterThread: Thread finished: Grupo de Hilos 1-20
2020-05-25 11:43:42,962 INFO o.a.j.t.JMeterThread: Thread finished: Grupo de Hilos 1-24
2020-05-25 11:43:42,986 INFO o.a.j.t.JMeterThread: Thread finished: Grupo de Hilos 1-21
2020-05-25 11:43:43,027 INFO o.a.j.t.JMeterThread: Thread finished: Grupo de Hilos 1-37
2020-05-25 11:43:43,096 INFO o.a.j.t.JMeterThread: Thread finished: Grupo de Hilos 1-54
2020-05-25 11:43:43,101 INFO o.a.j.t.JMeterThread: Thread finished: Grupo de Hilos 1-64
2020-05-25 11:43:43,102 INFO o.a.j.t.JMeterThread: Thread finished: Grupo de Hilos 1-3
2020-05-25 11:43:43,106 INFO o.a.j.t.JMeterThread: Thread finished: Grupo de Hilos 1-53
2020-05-25 11:43:43,140 INFO o.a.j.t.JMeterThread: Thread finished: Grupo de Hilos 1-69
2020-05-25 11:43:43,145 INFO o.a.j.t.JMeterThread: Thread finished: Grupo de Hilos 1-28
2020-05-25 11:43:43,147 INFO o.a.j.t.JMeterThread: Thread finished: Grupo de Hilos 1-19
2020-05-25 11:43:43,150 INFO o.a.j.t.JMeterThread: Thread finished: Grupo de Hilos 1-58
2020-05-25 11:43:43,219 INFO o.a.j.t.JMeterThread: Thread finished: Grupo de Hilos 1-11
2020-05-25 11:43:43,242 INFO o.a.j.t.JMeterThread: Thread finished: Grupo de Hilos 1-14
2020-05-25 11:43:43,247 INFO o.a.j.t.JMeterThread: Thread finished: Grupo de Hilos 1-9
2020-05-25 11:43:43,365 INFO o.a.j.t.JMeterThread: Thread finished: Grupo de Hilos 1-5
2020-05-25 11:43:43,400 INFO o.a.j.t.JMeterThread: Thread finished: Grupo de Hilos 1-59
2020-05-25 11:43:43,440 INFO o.a.j.t.JMeterThread: Thread finished: Grupo de Hilos 1-6
2020-05-25 11:43:43,474 INFO o.a.j.t.JMeterThread: Thread finished: Grupo de Hilos 1-39
2020-05-25 11:43:43,495 INFO o.a.j.t.JMeterThread: Thread finished: Grupo de Hilos 1-45
2020-05-25 11:43:43,499 INFO o.a.j.t.JMeterThread: Thread finished: Grupo de Hilos 1-29
2020-05-25 11:43:43,502 INFO o.a.j.t.JMeterThread: Thread finished: Grupo de Hilos 1-57
2020-05-25 11:43:43,511 INFO o.a.j.t.JMeterThread: Thread finished: Grupo de Hilos 1-51
2020-05-25 11:43:43,639 INFO o.a.j.t.JMeterThread: Thread finished: Grupo de Hilos 1-32
2020-05-25 11:43:43,642 INFO o.a.j.t.JMeterThread: Thread finished: Grupo de Hilos 1-31
2020-05-25 11:43:43,645 INFO o.a.j.t.JMeterThread: Thread finished: Grupo de Hilos 1-35
2020-05-25 11:43:43,652 INFO o.a.j.t.JMeterThread: Thread finished: Grupo de Hilos 1-12
2020-05-25 11:43:43,668 INFO o.a.j.t.JMeterThread: Thread finished: Grupo de Hilos 1-47
2020-05-25 11:43:43,674 INFO o.a.j.t.JMeterThread: Thread finished: Grupo de Hilos 1-63
2020-05-25 11:43:43,674 INFO o.a.j.t.JMeterThread: Thread finished: Grupo de Hilos 1-62
2020-05-25 11:43:43,677 INFO o.a.j.t.JMeterThread: Thread finished: Grupo de Hilos 1-67
2020-05-25 11:43:43,696 INFO o.a.j.t.JMeterThread: Thread finished: Grupo de Hilos 1-60
2020-05-25 11:43:43,728 INFO o.a.j.t.JMeterThread: Thread finished: Grupo de Hilos 1-40
2020-05-25 11:43:43,733 INFO o.a.j.t.JMeterThread: Thread finished: Grupo de Hilos 1-22
2020-05-25 11:43:43,733 INFO o.a.j.t.JMeterThread: Thread finished: Grupo de Hilos 1-73
2020-05-25 11:43:43,752 INFO o.a.j.t.JMeterThread: Thread finished: Grupo de Hilos 1-72
2020-05-25 11:43:43,753 INFO o.a.j.t.JMeterThread: Thread finished: Grupo de Hilos 1-50
2020-05-25 11:43:43,802 INFO o.a.j.t.JMeterThread: Thread finished: Grupo de Hilos 1-48
2020-05-25 11:43:43,832 INFO o.a.j.t.JMeterThread: Thread finished: Grupo de Hilos 1-52
2020-05-25 11:43:43,845 INFO o.a.j.t.JMeterThread: Thread finished: Grupo de Hilos 1-4
2020-05-25 11:43:43,947 INFO o.a.j.t.JMeterThread: Thread finished: Grupo de Hilos 1-80
2020-05-25 11:43:43,968 INFO o.a.j.t.JMeterThread: Thread finished: Grupo de Hilos 1-18
2020-05-25 11:43:43,987 INFO o.a.j.t.JMeterThread: Thread finished: Grupo de Hilos 1-30
2020-05-25 11:43:44,050 INFO o.a.j.t.JMeterThread: Thread finished: Grupo de Hilos 1-55
2020-05-25 11:43:44,103 INFO o.a.j.t.JMeterThread: Thread finished: Grupo de Hilos 1-46
2020-05-25 11:43:44,131 INFO o.a.j.t.JMeterThread: Thread finished: Grupo de Hilos 1-8
2020-05-25 11:43:44,133 INFO o.a.j.t.JMeterThread: Thread finished: Grupo de Hilos 1-56
2020-05-25 11:43:44,195 INFO o.a.j.t.JMeterThread: Thread finished: Grupo de Hilos 1-36
2020-05-25 11:43:44,195 INFO o.a.j.t.JMeterThread: Thread finished: Grupo de Hilos 1-34
2020-05-25 11:43:44,196 INFO o.a.j.t.JMeterThread: Thread finished: Grupo de Hilos 1-33
2020-05-25 11:43:44,203 INFO o.a.j.t.JMeterThread: Thread finished: Grupo de Hilos 1-23
2020-05-25 11:43:44,205 INFO o.a.j.t.JMeterThread: Thread finished: Grupo de Hilos 1-43
2020-05-25 11:43:44,235 INFO o.a.j.t.JMeterThread: Thread finished: Grupo de Hilos 1-78
2020-05-25 11:43:44,277 INFO o.a.j.t.JMeterThread: Thread finished: Grupo de Hilos 1-70
2020-05-25 11:43:44,278 INFO o.a.j.t.JMeterThread: Thread finished: Grupo de Hilos 1-66
2020-05-25 11:43:44,419 INFO o.a.j.t.JMeterThread: Thread finished: Grupo de Hilos 1-76
2020-05-25 11:43:44,486 INFO o.a.j.t.JMeterThread: Thread finished: Grupo de Hilos 1-49
2020-05-25 11:43:44,489 INFO o.a.j.t.JMeterThread: Thread finished: Grupo de Hilos 1-61
2020-05-25 11:43:44,508 INFO o.a.j.t.JMeterThread: Stopping because end time detected by thread: Grupo de Hilos 1-42
2020-05-25 11:43:44,508 INFO o.a.j.t.JMeterThread: Thread finished: Grupo de Hilos 1-42
2020-05-25 11:43:44,509 INFO o.a.j.e.StandardJMeterEngine: Notifying test listeners of end of test
2020-05-25 11:43:44,511 INFO o.a.j.r.Summariser: summary +    566 in 00:00:14 =   39,2/s Avg:    38 Min:     3 Max:   256 Err:     0 (0,00%) Active: 0 Started: 80 Finished: 80
2020-05-25 11:43:44,512 INFO o.a.j.r.Summariser: summary =  24051 in 00:10:26 =   38,4/s Avg:    34 Min:     3 Max:   608 Err:     0 (0,00%)
